{"D:\\RoomRentalProject\\RoomRental-BE\\__tests__\\setup\\testHelper.js": {"path":"D:\\RoomRentalProject\\RoomRental-BE\\__tests__\\setup\\testHelper.js","statementMap":{"0":{"start":{"line":2,"column":15},"end":{"line":2,"column":32}},"1":{"start":{"line":3,"column":11},"end":{"line":3,"column":37}},"2":{"start":{"line":7,"column":8},"end":{"line":7,"column":28}},"3":{"start":{"line":11,"column":8},"end":{"line":20,"column":11}},"4":{"start":{"line":22,"column":8},"end":{"line":25,"column":11}},"5":{"start":{"line":27,"column":8},"end":{"line":31,"column":11}},"6":{"start":{"line":35,"column":53},"end":{"line":35,"column":61}},"7":{"start":{"line":37,"column":30},"end":{"line":37,"column":61}},"8":{"start":{"line":39,"column":27},"end":{"line":44,"column":9}},"9":{"start":{"line":46,"column":21},"end":{"line":46,"column":39}},"10":{"start":{"line":47,"column":8},"end":{"line":47,"column":37}},"11":{"start":{"line":49,"column":8},"end":{"line":72,"column":9}},"12":{"start":{"line":50,"column":12},"end":{"line":59,"column":14}},"13":{"start":{"line":60,"column":15},"end":{"line":72,"column":9}},"14":{"start":{"line":61,"column":12},"end":{"line":65,"column":14}},"15":{"start":{"line":66,"column":15},"end":{"line":72,"column":9}},"16":{"start":{"line":67,"column":12},"end":{"line":71,"column":14}},"17":{"start":{"line":74,"column":8},"end":{"line":74,"column":20}},"18":{"start":{"line":78,"column":8},"end":{"line":84,"column":9}},"19":{"start":{"line":79,"column":12},"end":{"line":83,"column":13}},"20":{"start":{"line":80,"column":16},"end":{"line":80,"column":83}},"21":{"start":{"line":82,"column":16},"end":{"line":82,"column":80}},"22":{"start":{"line":85,"column":8},"end":{"line":85,"column":28}},"23":{"start":{"line":89,"column":8},"end":{"line":97,"column":11}},"24":{"start":{"line":99,"column":8},"end":{"line":107,"column":11}},"25":{"start":{"line":109,"column":8},"end":{"line":116,"column":11}},"26":{"start":{"line":118,"column":8},"end":{"line":124,"column":11}},"27":{"start":{"line":126,"column":8},"end":{"line":126,"column":55}},"28":{"start":{"line":130,"column":8},"end":{"line":132,"column":9}},"29":{"start":{"line":131,"column":12},"end":{"line":131,"column":32}},"30":{"start":{"line":136,"column":0},"end":{"line":136,"column":28}}},"fnMap":{"0":{"name":"(anonymous_0)","decl":{"start":{"line":6,"column":4},"end":{"line":6,"column":5}},"loc":{"start":{"line":6,"column":18},"end":{"line":8,"column":5}},"line":6},"1":{"name":"(anonymous_1)","decl":{"start":{"line":10,"column":4},"end":{"line":10,"column":5}},"loc":{"start":{"line":10,"column":36},"end":{"line":32,"column":5}},"line":10},"2":{"name":"(anonymous_2)","decl":{"start":{"line":34,"column":4},"end":{"line":34,"column":5}},"loc":{"start":{"line":34,"column":35},"end":{"line":75,"column":5}},"line":34},"3":{"name":"(anonymous_3)","decl":{"start":{"line":77,"column":4},"end":{"line":77,"column":5}},"loc":{"start":{"line":77,"column":29},"end":{"line":86,"column":5}},"line":77},"4":{"name":"(anonymous_4)","decl":{"start":{"line":88,"column":4},"end":{"line":88,"column":5}},"loc":{"start":{"line":88,"column":30},"end":{"line":127,"column":5}},"line":88},"5":{"name":"(anonymous_5)","decl":{"start":{"line":129,"column":4},"end":{"line":129,"column":5}},"loc":{"start":{"line":129,"column":28},"end":{"line":133,"column":5}},"line":129}},"branchMap":{"0":{"loc":{"start":{"line":49,"column":8},"end":{"line":72,"column":9}},"type":"if","locations":[{"start":{"line":49,"column":8},"end":{"line":72,"column":9}},{"start":{"line":60,"column":15},"end":{"line":72,"column":9}}],"line":49},"1":{"loc":{"start":{"line":55,"column":20},"end":{"line":55,"column":49}},"type":"binary-expr","locations":[{"start":{"line":55,"column":20},"end":{"line":55,"column":41}},{"start":{"line":55,"column":45},"end":{"line":55,"column":49}}],"line":55},"2":{"loc":{"start":{"line":56,"column":20},"end":{"line":56,"column":44}},"type":"binary-expr","locations":[{"start":{"line":56,"column":20},"end":{"line":56,"column":39}},{"start":{"line":56,"column":43},"end":{"line":56,"column":44}}],"line":56},"3":{"loc":{"start":{"line":57,"column":20},"end":{"line":57,"column":44}},"type":"binary-expr","locations":[{"start":{"line":57,"column":20},"end":{"line":57,"column":39}},{"start":{"line":57,"column":43},"end":{"line":57,"column":44}}],"line":57},"4":{"loc":{"start":{"line":60,"column":15},"end":{"line":72,"column":9}},"type":"if","locations":[{"start":{"line":60,"column":15},"end":{"line":72,"column":9}},{"start":{"line":66,"column":15},"end":{"line":72,"column":9}}],"line":60},"5":{"loc":{"start":{"line":64,"column":26},"end":{"line":64,"column":55}},"type":"binary-expr","locations":[{"start":{"line":64,"column":26},"end":{"line":64,"column":47}},{"start":{"line":64,"column":51},"end":{"line":64,"column":55}}],"line":64},"6":{"loc":{"start":{"line":64,"column":57},"end":{"line":64,"column":87}},"type":"binary-expr","locations":[{"start":{"line":64,"column":57},"end":{"line":64,"column":79}},{"start":{"line":64,"column":83},"end":{"line":64,"column":87}}],"line":64},"7":{"loc":{"start":{"line":64,"column":89},"end":{"line":64,"column":120}},"type":"binary-expr","locations":[{"start":{"line":64,"column":89},"end":{"line":64,"column":112}},{"start":{"line":64,"column":116},"end":{"line":64,"column":120}}],"line":64},"8":{"loc":{"start":{"line":66,"column":15},"end":{"line":72,"column":9}},"type":"if","locations":[{"start":{"line":66,"column":15},"end":{"line":72,"column":9}},{"start":{},"end":{}}],"line":66},"9":{"loc":{"start":{"line":70,"column":26},"end":{"line":70,"column":53}},"type":"binary-expr","locations":[{"start":{"line":70,"column":26},"end":{"line":70,"column":45}},{"start":{"line":70,"column":49},"end":{"line":70,"column":53}}],"line":70},"10":{"loc":{"start":{"line":70,"column":55},"end":{"line":70,"column":84}},"type":"binary-expr","locations":[{"start":{"line":70,"column":55},"end":{"line":70,"column":76}},{"start":{"line":70,"column":80},"end":{"line":70,"column":84}}],"line":70},"11":{"loc":{"start":{"line":130,"column":8},"end":{"line":132,"column":9}},"type":"if","locations":[{"start":{"line":130,"column":8},"end":{"line":132,"column":9}},{"start":{},"end":{}}],"line":130}},"s":{"0":1,"1":1,"2":1,"3":1,"4":1,"5":1,"6":4,"7":4,"8":4,"9":4,"10":4,"11":4,"12":2,"13":2,"14":1,"15":1,"16":1,"17":4,"18":1,"19":4,"20":4,"21":0,"22":1,"23":1,"24":1,"25":1,"26":1,"27":1,"28":1,"29":1,"30":1},"f":{"0":1,"1":1,"2":4,"3":1,"4":1,"5":1},"b":{"0":[2,2],"1":[2,1],"2":[2,1],"3":[2,1],"4":[1,1],"5":[1,0],"6":[1,0],"7":[1,0],"8":[1,0],"9":[1,0],"10":[1,0],"11":[1,0]},"_coverageSchema":"1a1c01bbd47fc00a2c39e90264f33305004495a9","hash":"558b9a18f75c82deaf3e7b8e0de902d6f3673441"}
,"D:\\RoomRentalProject\\RoomRental-BE\\src\\app.js": {"path":"D:\\RoomRentalProject\\RoomRental-BE\\src\\app.js","statementMap":{"0":{"start":{"line":1,"column":0},"end":{"line":1,"column":27}},"1":{"start":{"line":2,"column":16},"end":{"line":2,"column":34}},"2":{"start":{"line":3,"column":13},"end":{"line":3,"column":28}},"3":{"start":{"line":4,"column":24},"end":{"line":4,"column":48}},"4":{"start":{"line":6,"column":12},"end":{"line":6,"column":21}},"5":{"start":{"line":8,"column":0},"end":{"line":8,"column":27}},"6":{"start":{"line":9,"column":0},"end":{"line":9,"column":24}},"7":{"start":{"line":11,"column":0},"end":{"line":13,"column":3}},"8":{"start":{"line":12,"column":4},"end":{"line":12,"column":44}},"9":{"start":{"line":15,"column":19},"end":{"line":15,"column":43}},"10":{"start":{"line":16,"column":0},"end":{"line":16,"column":33}},"11":{"start":{"line":18,"column":20},"end":{"line":18,"column":45}},"12":{"start":{"line":19,"column":0},"end":{"line":19,"column":36}},"13":{"start":{"line":21,"column":22},"end":{"line":21,"column":49}},"14":{"start":{"line":22,"column":0},"end":{"line":22,"column":39}},"15":{"start":{"line":24,"column":25},"end":{"line":24,"column":55}},"16":{"start":{"line":25,"column":0},"end":{"line":25,"column":47}},"17":{"start":{"line":27,"column":23},"end":{"line":27,"column":51}},"18":{"start":{"line":28,"column":0},"end":{"line":28,"column":42}},"19":{"start":{"line":30,"column":23},"end":{"line":30,"column":51}},"20":{"start":{"line":31,"column":0},"end":{"line":31,"column":42}},"21":{"start":{"line":33,"column":27},"end":{"line":33,"column":59}},"22":{"start":{"line":34,"column":0},"end":{"line":34,"column":50}},"23":{"start":{"line":36,"column":19},"end":{"line":36,"column":43}},"24":{"start":{"line":37,"column":0},"end":{"line":37,"column":33}},"25":{"start":{"line":39,"column":0},"end":{"line":39,"column":21}}},"fnMap":{"0":{"name":"(anonymous_0)","decl":{"start":{"line":11,"column":13},"end":{"line":11,"column":14}},"loc":{"start":{"line":11,"column":27},"end":{"line":13,"column":1}},"line":11}},"branchMap":{},"s":{"0":1,"1":1,"2":1,"3":1,"4":1,"5":1,"6":1,"7":1,"8":0,"9":1,"10":1,"11":1,"12":1,"13":1,"14":1,"15":1,"16":1,"17":1,"18":1,"19":1,"20":1,"21":1,"22":1,"23":1,"24":1,"25":1},"f":{"0":0},"b":{},"_coverageSchema":"1a1c01bbd47fc00a2c39e90264f33305004495a9","hash":"64abe74f8b65f011ccbf608510acbeb18ebe4c33"}
,"D:\\RoomRentalProject\\RoomRental-BE\\src\\config\\cloudinary.js": {"path":"D:\\RoomRentalProject\\RoomRental-BE\\src\\config\\cloudinary.js","statementMap":{"0":{"start":{"line":1,"column":19},"end":{"line":1,"column":43}},"1":{"start":{"line":3,"column":0},"end":{"line":7,"column":3}},"2":{"start":{"line":9,"column":0},"end":{"line":9,"column":28}}},"fnMap":{},"branchMap":{},"s":{"0":1,"1":1,"2":1},"f":{},"b":{},"_coverageSchema":"1a1c01bbd47fc00a2c39e90264f33305004495a9","hash":"2cd5345d5ce77735304bf88e4034b023d1cd557f"}
,"D:\\RoomRentalProject\\RoomRental-BE\\src\\config\\cors.js": {"path":"D:\\RoomRentalProject\\RoomRental-BE\\src\\config\\cors.js","statementMap":{"0":{"start":{"line":1,"column":21},"end":{"line":10,"column":1}},"1":{"start":{"line":2,"column":4},"end":{"line":4,"column":5}},"2":{"start":{"line":3,"column":8},"end":{"line":3,"column":18}},"3":{"start":{"line":6,"column":4},"end":{"line":9,"column":25}},"4":{"start":{"line":8,"column":25},"end":{"line":8,"column":38}},"5":{"start":{"line":12,"column":26},"end":{"line":26,"column":1}},"6":{"start":{"line":13,"column":30},"end":{"line":16,"column":5}},"7":{"start":{"line":18,"column":25},"end":{"line":23,"column":5}},"8":{"start":{"line":25,"column":4},"end":{"line":25,"column":65}},"9":{"start":{"line":28,"column":20},"end":{"line":41,"column":1}},"10":{"start":{"line":31,"column":8},"end":{"line":33,"column":9}},"11":{"start":{"line":32,"column":12},"end":{"line":32,"column":40}},"12":{"start":{"line":35,"column":8},"end":{"line":37,"column":9}},"13":{"start":{"line":36,"column":12},"end":{"line":36,"column":40}},"14":{"start":{"line":39,"column":8},"end":{"line":39,"column":78}},"15":{"start":{"line":43,"column":0},"end":{"line":46,"column":2}}},"fnMap":{"0":{"name":"(anonymous_0)","decl":{"start":{"line":1,"column":21},"end":{"line":1,"column":22}},"loc":{"start":{"line":1,"column":32},"end":{"line":10,"column":1}},"line":1},"1":{"name":"(anonymous_1)","decl":{"start":{"line":8,"column":13},"end":{"line":8,"column":14}},"loc":{"start":{"line":8,"column":25},"end":{"line":8,"column":38}},"line":8},"2":{"name":"(anonymous_2)","decl":{"start":{"line":12,"column":26},"end":{"line":12,"column":27}},"loc":{"start":{"line":12,"column":32},"end":{"line":26,"column":1}},"line":12},"3":{"name":"(anonymous_3)","decl":{"start":{"line":30,"column":4},"end":{"line":30,"column":5}},"loc":{"start":{"line":30,"column":29},"end":{"line":40,"column":5}},"line":30}},"branchMap":{"0":{"loc":{"start":{"line":2,"column":4},"end":{"line":4,"column":5}},"type":"if","locations":[{"start":{"line":2,"column":4},"end":{"line":4,"column":5}},{"start":{},"end":{}}],"line":2},"1":{"loc":{"start":{"line":31,"column":8},"end":{"line":33,"column":9}},"type":"if","locations":[{"start":{"line":31,"column":8},"end":{"line":33,"column":9}},{"start":{},"end":{}}],"line":31},"2":{"loc":{"start":{"line":35,"column":8},"end":{"line":37,"column":9}},"type":"if","locations":[{"start":{"line":35,"column":8},"end":{"line":37,"column":9}},{"start":{},"end":{}}],"line":35}},"s":{"0":1,"1":0,"2":0,"3":0,"4":0,"5":1,"6":0,"7":0,"8":0,"9":1,"10":26,"11":26,"12":0,"13":0,"14":0,"15":1},"f":{"0":0,"1":0,"2":0,"3":26},"b":{"0":[0,0],"1":[26,0],"2":[0,0]},"_coverageSchema":"1a1c01bbd47fc00a2c39e90264f33305004495a9","hash":"a8a3b6bbf8037e02d9895342515c53158030aaee"}
,"D:\\RoomRentalProject\\RoomRental-BE\\src\\controllers\\adminController.js": {"path":"D:\\RoomRentalProject\\RoomRental-BE\\src\\controllers\\adminController.js","statementMap":{"0":{"start":{"line":1,"column":21},"end":{"line":1,"column":56}},"1":{"start":{"line":5,"column":23},"end":{"line":5,"column":73}},"2":{"start":{"line":6,"column":8},"end":{"line":6,"column":59}},"3":{"start":{"line":10,"column":25},"end":{"line":10,"column":34}},"4":{"start":{"line":11,"column":23},"end":{"line":11,"column":69}},"5":{"start":{"line":12,"column":8},"end":{"line":12,"column":59}},"6":{"start":{"line":16,"column":27},"end":{"line":16,"column":36}},"7":{"start":{"line":17,"column":23},"end":{"line":17,"column":75}},"8":{"start":{"line":18,"column":8},"end":{"line":18,"column":59}},"9":{"start":{"line":22,"column":23},"end":{"line":22,"column":33}},"10":{"start":{"line":23,"column":23},"end":{"line":23,"column":69}},"11":{"start":{"line":24,"column":8},"end":{"line":24,"column":59}},"12":{"start":{"line":28,"column":0},"end":{"line":28,"column":39}}},"fnMap":{"0":{"name":"(anonymous_0)","decl":{"start":{"line":4,"column":4},"end":{"line":4,"column":5}},"loc":{"start":{"line":4,"column":32},"end":{"line":7,"column":5}},"line":4},"1":{"name":"(anonymous_1)","decl":{"start":{"line":9,"column":4},"end":{"line":9,"column":5}},"loc":{"start":{"line":9,"column":32},"end":{"line":13,"column":5}},"line":9},"2":{"name":"(anonymous_2)","decl":{"start":{"line":15,"column":4},"end":{"line":15,"column":5}},"loc":{"start":{"line":15,"column":36},"end":{"line":19,"column":5}},"line":15},"3":{"name":"(anonymous_3)","decl":{"start":{"line":21,"column":4},"end":{"line":21,"column":5}},"loc":{"start":{"line":21,"column":34},"end":{"line":25,"column":5}},"line":21}},"branchMap":{},"s":{"0":1,"1":0,"2":0,"3":0,"4":0,"5":0,"6":0,"7":0,"8":0,"9":0,"10":0,"11":0,"12":1},"f":{"0":0,"1":0,"2":0,"3":0},"b":{},"_coverageSchema":"1a1c01bbd47fc00a2c39e90264f33305004495a9","hash":"eae791382375d5bdeec3500c56fb2f16f1e6abb0"}
,"D:\\RoomRentalProject\\RoomRental-BE\\src\\controllers\\authController.js": {"path":"D:\\RoomRentalProject\\RoomRental-BE\\src\\controllers\\authController.js","statementMap":{"0":{"start":{"line":1,"column":20},"end":{"line":1,"column":54}},"1":{"start":{"line":6,"column":4},"end":{"line":6,"column":35}},"2":{"start":{"line":10,"column":23},"end":{"line":10,"column":65}},"3":{"start":{"line":11,"column":8},"end":{"line":13,"column":9}},"4":{"start":{"line":12,"column":12},"end":{"line":12,"column":48}},"5":{"start":{"line":14,"column":8},"end":{"line":14,"column":59}},"6":{"start":{"line":18,"column":23},"end":{"line":18,"column":67}},"7":{"start":{"line":19,"column":8},"end":{"line":21,"column":9}},"8":{"start":{"line":20,"column":12},"end":{"line":20,"column":48}},"9":{"start":{"line":22,"column":8},"end":{"line":22,"column":59}},"10":{"start":{"line":26,"column":36},"end":{"line":26,"column":44}},"11":{"start":{"line":27,"column":23},"end":{"line":27,"column":77}},"12":{"start":{"line":28,"column":8},"end":{"line":30,"column":9}},"13":{"start":{"line":29,"column":12},"end":{"line":29,"column":48}},"14":{"start":{"line":31,"column":8},"end":{"line":31,"column":59}},"15":{"start":{"line":35,"column":29},"end":{"line":35,"column":60}},"16":{"start":{"line":36,"column":23},"end":{"line":36,"column":69}},"17":{"start":{"line":38,"column":8},"end":{"line":42,"column":9}},"18":{"start":{"line":39,"column":12},"end":{"line":39,"column":48}},"19":{"start":{"line":41,"column":12},"end":{"line":41,"column":34}},"20":{"start":{"line":44,"column":8},"end":{"line":44,"column":59}},"21":{"start":{"line":48,"column":29},"end":{"line":48,"column":60}},"22":{"start":{"line":49,"column":23},"end":{"line":49,"column":61}},"23":{"start":{"line":50,"column":8},"end":{"line":50,"column":30}},"24":{"start":{"line":51,"column":8},"end":{"line":51,"column":59}},"25":{"start":{"line":55,"column":26},"end":{"line":55,"column":34}},"26":{"start":{"line":56,"column":23},"end":{"line":56,"column":62}},"27":{"start":{"line":57,"column":8},"end":{"line":57,"column":59}},"28":{"start":{"line":61,"column":26},"end":{"line":61,"column":36}},"29":{"start":{"line":62,"column":29},"end":{"line":62,"column":37}},"30":{"start":{"line":63,"column":23},"end":{"line":63,"column":71}},"31":{"start":{"line":64,"column":8},"end":{"line":64,"column":59}},"32":{"start":{"line":68,"column":0},"end":{"line":68,"column":38}}},"fnMap":{"0":{"name":"(anonymous_0)","decl":{"start":{"line":9,"column":4},"end":{"line":9,"column":5}},"loc":{"start":{"line":9,"column":35},"end":{"line":15,"column":5}},"line":9},"1":{"name":"(anonymous_1)","decl":{"start":{"line":17,"column":4},"end":{"line":17,"column":5}},"loc":{"start":{"line":17,"column":37},"end":{"line":23,"column":5}},"line":17},"2":{"name":"(anonymous_2)","decl":{"start":{"line":25,"column":4},"end":{"line":25,"column":5}},"loc":{"start":{"line":25,"column":40},"end":{"line":32,"column":5}},"line":25},"3":{"name":"(anonymous_3)","decl":{"start":{"line":34,"column":4},"end":{"line":34,"column":5}},"loc":{"start":{"line":34,"column":28},"end":{"line":45,"column":5}},"line":34},"4":{"name":"(anonymous_4)","decl":{"start":{"line":47,"column":4},"end":{"line":47,"column":5}},"loc":{"start":{"line":47,"column":27},"end":{"line":52,"column":5}},"line":47},"5":{"name":"(anonymous_5)","decl":{"start":{"line":54,"column":4},"end":{"line":54,"column":5}},"loc":{"start":{"line":54,"column":35},"end":{"line":58,"column":5}},"line":54},"6":{"name":"(anonymous_6)","decl":{"start":{"line":60,"column":4},"end":{"line":60,"column":5}},"loc":{"start":{"line":60,"column":34},"end":{"line":65,"column":5}},"line":60}},"branchMap":{"0":{"loc":{"start":{"line":11,"column":8},"end":{"line":13,"column":9}},"type":"if","locations":[{"start":{"line":11,"column":8},"end":{"line":13,"column":9}},{"start":{},"end":{}}],"line":11},"1":{"loc":{"start":{"line":19,"column":8},"end":{"line":21,"column":9}},"type":"if","locations":[{"start":{"line":19,"column":8},"end":{"line":21,"column":9}},{"start":{},"end":{}}],"line":19},"2":{"loc":{"start":{"line":28,"column":8},"end":{"line":30,"column":9}},"type":"if","locations":[{"start":{"line":28,"column":8},"end":{"line":30,"column":9}},{"start":{},"end":{}}],"line":28},"3":{"loc":{"start":{"line":38,"column":8},"end":{"line":42,"column":9}},"type":"if","locations":[{"start":{"line":38,"column":8},"end":{"line":42,"column":9}},{"start":{"line":40,"column":15},"end":{"line":42,"column":9}}],"line":38}},"s":{"0":1,"1":1,"2":5,"3":5,"4":1,"5":5,"6":2,"7":2,"8":1,"9":2,"10":19,"11":19,"12":19,"13":5,"14":19,"15":0,"16":0,"17":0,"18":0,"19":0,"20":0,"21":0,"22":0,"23":0,"24":0,"25":0,"26":0,"27":0,"28":0,"29":0,"30":0,"31":0,"32":1},"f":{"0":5,"1":2,"2":19,"3":0,"4":0,"5":0,"6":0},"b":{"0":[1,4],"1":[1,1],"2":[5,14],"3":[0,0]},"_coverageSchema":"1a1c01bbd47fc00a2c39e90264f33305004495a9","hash":"823b2f9d9ed48b436e3da9fdc32a3bf198c3fd29"}
,"D:\\RoomRentalProject\\RoomRental-BE\\src\\controllers\\chatController.js": {"path":"D:\\RoomRentalProject\\RoomRental-BE\\src\\controllers\\chatController.js","statementMap":{"0":{"start":{"line":1,"column":20},"end":{"line":1,"column":54}},"1":{"start":{"line":5,"column":23},"end":{"line":5,"column":67}},"2":{"start":{"line":6,"column":8},"end":{"line":6,"column":59}},"3":{"start":{"line":10,"column":23},"end":{"line":10,"column":79}},"4":{"start":{"line":11,"column":8},"end":{"line":11,"column":59}},"5":{"start":{"line":15,"column":26},"end":{"line":15,"column":35}},"6":{"start":{"line":16,"column":23},"end":{"line":16,"column":69}},"7":{"start":{"line":17,"column":8},"end":{"line":17,"column":59}},"8":{"start":{"line":21,"column":23},"end":{"line":21,"column":33}},"9":{"start":{"line":22,"column":34},"end":{"line":22,"column":43}},"10":{"start":{"line":23,"column":23},"end":{"line":26,"column":10}},"11":{"start":{"line":27,"column":8},"end":{"line":27,"column":59}},"12":{"start":{"line":31,"column":23},"end":{"line":31,"column":72}},"13":{"start":{"line":32,"column":8},"end":{"line":32,"column":59}},"14":{"start":{"line":36,"column":23},"end":{"line":36,"column":33}},"15":{"start":{"line":37,"column":23},"end":{"line":37,"column":75}},"16":{"start":{"line":38,"column":8},"end":{"line":38,"column":59}},"17":{"start":{"line":42,"column":0},"end":{"line":42,"column":38}}},"fnMap":{"0":{"name":"(anonymous_0)","decl":{"start":{"line":4,"column":4},"end":{"line":4,"column":5}},"loc":{"start":{"line":4,"column":37},"end":{"line":7,"column":5}},"line":4},"1":{"name":"(anonymous_1)","decl":{"start":{"line":9,"column":4},"end":{"line":9,"column":5}},"loc":{"start":{"line":9,"column":39},"end":{"line":12,"column":5}},"line":9},"2":{"name":"(anonymous_2)","decl":{"start":{"line":14,"column":4},"end":{"line":14,"column":5}},"loc":{"start":{"line":14,"column":32},"end":{"line":18,"column":5}},"line":14},"3":{"name":"(anonymous_3)","decl":{"start":{"line":20,"column":4},"end":{"line":20,"column":5}},"loc":{"start":{"line":20,"column":32},"end":{"line":28,"column":5}},"line":20},"4":{"name":"(anonymous_4)","decl":{"start":{"line":30,"column":4},"end":{"line":30,"column":5}},"loc":{"start":{"line":30,"column":32},"end":{"line":33,"column":5}},"line":30},"5":{"name":"(anonymous_5)","decl":{"start":{"line":35,"column":4},"end":{"line":35,"column":5}},"loc":{"start":{"line":35,"column":41},"end":{"line":39,"column":5}},"line":35}},"branchMap":{"0":{"loc":{"start":{"line":24,"column":19},"end":{"line":24,"column":54}},"type":"cond-expr","locations":[{"start":{"line":24,"column":27},"end":{"line":24,"column":42}},{"start":{"line":24,"column":45},"end":{"line":24,"column":54}}],"line":24},"1":{"loc":{"start":{"line":25,"column":20},"end":{"line":25,"column":57}},"type":"cond-expr","locations":[{"start":{"line":25,"column":29},"end":{"line":25,"column":45}},{"start":{"line":25,"column":48},"end":{"line":25,"column":57}}],"line":25}},"s":{"0":1,"1":0,"2":0,"3":0,"4":0,"5":0,"6":0,"7":0,"8":0,"9":0,"10":0,"11":0,"12":0,"13":0,"14":0,"15":0,"16":0,"17":1},"f":{"0":0,"1":0,"2":0,"3":0,"4":0,"5":0},"b":{"0":[0,0],"1":[0,0]},"_coverageSchema":"1a1c01bbd47fc00a2c39e90264f33305004495a9","hash":"6fa4673c6fb5ce075702cbade17b8ee6df55521e"}
,"D:\\RoomRentalProject\\RoomRental-BE\\src\\controllers\\contractController.js": {"path":"D:\\RoomRentalProject\\RoomRental-BE\\src\\controllers\\contractController.js","statementMap":{"0":{"start":{"line":1,"column":24},"end":{"line":1,"column":62}},"1":{"start":{"line":5,"column":23},"end":{"line":5,"column":79}},"2":{"start":{"line":6,"column":8},"end":{"line":6,"column":59}},"3":{"start":{"line":10,"column":23},"end":{"line":10,"column":33}},"4":{"start":{"line":11,"column":23},"end":{"line":11,"column":74}},"5":{"start":{"line":12,"column":8},"end":{"line":12,"column":59}},"6":{"start":{"line":16,"column":36},"end":{"line":16,"column":45}},"7":{"start":{"line":17,"column":24},"end":{"line":17,"column":43}},"8":{"start":{"line":18,"column":23},"end":{"line":18,"column":79}},"9":{"start":{"line":19,"column":8},"end":{"line":19,"column":59}},"10":{"start":{"line":23,"column":8},"end":{"line":25,"column":9}},"11":{"start":{"line":24,"column":12},"end":{"line":24,"column":102}},"12":{"start":{"line":27,"column":27},"end":{"line":27,"column":36}},"13":{"start":{"line":28,"column":23},"end":{"line":28,"column":80}},"14":{"start":{"line":29,"column":8},"end":{"line":29,"column":59}},"15":{"start":{"line":33,"column":8},"end":{"line":35,"column":9}},"16":{"start":{"line":34,"column":12},"end":{"line":34,"column":104}},"17":{"start":{"line":37,"column":27},"end":{"line":37,"column":36}},"18":{"start":{"line":38,"column":23},"end":{"line":38,"column":86}},"19":{"start":{"line":39,"column":8},"end":{"line":39,"column":59}},"20":{"start":{"line":43,"column":23},"end":{"line":43,"column":33}},"21":{"start":{"line":44,"column":23},"end":{"line":44,"column":83}},"22":{"start":{"line":45,"column":8},"end":{"line":45,"column":59}},"23":{"start":{"line":49,"column":23},"end":{"line":49,"column":33}},"24":{"start":{"line":50,"column":23},"end":{"line":50,"column":73}},"25":{"start":{"line":51,"column":8},"end":{"line":51,"column":59}},"26":{"start":{"line":55,"column":23},"end":{"line":55,"column":33}},"27":{"start":{"line":56,"column":23},"end":{"line":56,"column":76}},"28":{"start":{"line":57,"column":8},"end":{"line":57,"column":59}},"29":{"start":{"line":61,"column":0},"end":{"line":61,"column":42}}},"fnMap":{"0":{"name":"(anonymous_0)","decl":{"start":{"line":4,"column":4},"end":{"line":4,"column":5}},"loc":{"start":{"line":4,"column":35},"end":{"line":7,"column":5}},"line":4},"1":{"name":"(anonymous_1)","decl":{"start":{"line":9,"column":4},"end":{"line":9,"column":5}},"loc":{"start":{"line":9,"column":36},"end":{"line":13,"column":5}},"line":9},"2":{"name":"(anonymous_2)","decl":{"start":{"line":15,"column":4},"end":{"line":15,"column":5}},"loc":{"start":{"line":15,"column":36},"end":{"line":20,"column":5}},"line":15},"3":{"name":"(anonymous_3)","decl":{"start":{"line":22,"column":4},"end":{"line":22,"column":5}},"loc":{"start":{"line":22,"column":35},"end":{"line":30,"column":5}},"line":22},"4":{"name":"(anonymous_4)","decl":{"start":{"line":32,"column":4},"end":{"line":32,"column":5}},"loc":{"start":{"line":32,"column":41},"end":{"line":40,"column":5}},"line":32},"5":{"name":"(anonymous_5)","decl":{"start":{"line":42,"column":4},"end":{"line":42,"column":5}},"loc":{"start":{"line":42,"column":35},"end":{"line":46,"column":5}},"line":42},"6":{"name":"(anonymous_6)","decl":{"start":{"line":48,"column":4},"end":{"line":48,"column":5}},"loc":{"start":{"line":48,"column":35},"end":{"line":52,"column":5}},"line":48},"7":{"name":"(anonymous_7)","decl":{"start":{"line":54,"column":4},"end":{"line":54,"column":5}},"loc":{"start":{"line":54,"column":38},"end":{"line":58,"column":5}},"line":54}},"branchMap":{"0":{"loc":{"start":{"line":23,"column":8},"end":{"line":25,"column":9}},"type":"if","locations":[{"start":{"line":23,"column":8},"end":{"line":25,"column":9}},{"start":{},"end":{}}],"line":23},"1":{"loc":{"start":{"line":33,"column":8},"end":{"line":35,"column":9}},"type":"if","locations":[{"start":{"line":33,"column":8},"end":{"line":35,"column":9}},{"start":{},"end":{}}],"line":33}},"s":{"0":1,"1":0,"2":0,"3":0,"4":0,"5":0,"6":0,"7":0,"8":0,"9":0,"10":0,"11":0,"12":0,"13":0,"14":0,"15":0,"16":0,"17":0,"18":0,"19":0,"20":0,"21":0,"22":0,"23":0,"24":0,"25":0,"26":0,"27":0,"28":0,"29":1},"f":{"0":0,"1":0,"2":0,"3":0,"4":0,"5":0,"6":0,"7":0},"b":{"0":[0,0],"1":[0,0]},"_coverageSchema":"1a1c01bbd47fc00a2c39e90264f33305004495a9","hash":"004680682bde58312d8110c1abac2f36be8b45af"}
,"D:\\RoomRentalProject\\RoomRental-BE\\src\\controllers\\locationController.js": {"path":"D:\\RoomRentalProject\\RoomRental-BE\\src\\controllers\\locationController.js","statementMap":{"0":{"start":{"line":1,"column":24},"end":{"line":1,"column":62}},"1":{"start":{"line":5,"column":23},"end":{"line":5,"column":59}},"2":{"start":{"line":6,"column":8},"end":{"line":6,"column":59}},"3":{"start":{"line":10,"column":34},"end":{"line":10,"column":43}},"4":{"start":{"line":11,"column":23},"end":{"line":11,"column":68}},"5":{"start":{"line":12,"column":8},"end":{"line":12,"column":59}},"6":{"start":{"line":16,"column":28},"end":{"line":16,"column":37}},"7":{"start":{"line":17,"column":23},"end":{"line":17,"column":69}},"8":{"start":{"line":18,"column":8},"end":{"line":18,"column":59}},"9":{"start":{"line":22,"column":43},"end":{"line":22,"column":52}},"10":{"start":{"line":23,"column":23},"end":{"line":23,"column":80}},"11":{"start":{"line":24,"column":8},"end":{"line":24,"column":59}},"12":{"start":{"line":28,"column":0},"end":{"line":28,"column":42}}},"fnMap":{"0":{"name":"(anonymous_0)","decl":{"start":{"line":4,"column":4},"end":{"line":4,"column":5}},"loc":{"start":{"line":4,"column":33},"end":{"line":7,"column":5}},"line":4},"1":{"name":"(anonymous_1)","decl":{"start":{"line":9,"column":4},"end":{"line":9,"column":5}},"loc":{"start":{"line":9,"column":29},"end":{"line":13,"column":5}},"line":9},"2":{"name":"(anonymous_2)","decl":{"start":{"line":15,"column":4},"end":{"line":15,"column":5}},"loc":{"start":{"line":15,"column":36},"end":{"line":19,"column":5}},"line":15},"3":{"name":"(anonymous_3)","decl":{"start":{"line":21,"column":4},"end":{"line":21,"column":5}},"loc":{"start":{"line":21,"column":32},"end":{"line":25,"column":5}},"line":21}},"branchMap":{},"s":{"0":1,"1":0,"2":0,"3":0,"4":0,"5":0,"6":0,"7":0,"8":0,"9":0,"10":0,"11":0,"12":1},"f":{"0":0,"1":0,"2":0,"3":0},"b":{},"_coverageSchema":"1a1c01bbd47fc00a2c39e90264f33305004495a9","hash":"8d034b3f3da547ea0e91566717f81355e6ab50ee"}
,"D:\\RoomRentalProject\\RoomRental-BE\\src\\controllers\\notificationController.js": {"path":"D:\\RoomRentalProject\\RoomRental-BE\\src\\controllers\\notificationController.js","statementMap":{"0":{"start":{"line":1,"column":28},"end":{"line":1,"column":70}},"1":{"start":{"line":5,"column":34},"end":{"line":5,"column":43}},"2":{"start":{"line":6,"column":23},"end":{"line":9,"column":10}},"3":{"start":{"line":10,"column":8},"end":{"line":10,"column":59}},"4":{"start":{"line":14,"column":23},"end":{"line":14,"column":76}},"5":{"start":{"line":15,"column":8},"end":{"line":15,"column":59}},"6":{"start":{"line":19,"column":23},"end":{"line":19,"column":33}},"7":{"start":{"line":20,"column":23},"end":{"line":20,"column":76}},"8":{"start":{"line":21,"column":8},"end":{"line":21,"column":59}},"9":{"start":{"line":25,"column":23},"end":{"line":25,"column":75}},"10":{"start":{"line":26,"column":8},"end":{"line":26,"column":59}},"11":{"start":{"line":30,"column":0},"end":{"line":30,"column":46}}},"fnMap":{"0":{"name":"(anonymous_0)","decl":{"start":{"line":4,"column":4},"end":{"line":4,"column":5}},"loc":{"start":{"line":4,"column":37},"end":{"line":11,"column":5}},"line":4},"1":{"name":"(anonymous_1)","decl":{"start":{"line":13,"column":4},"end":{"line":13,"column":5}},"loc":{"start":{"line":13,"column":35},"end":{"line":16,"column":5}},"line":13},"2":{"name":"(anonymous_2)","decl":{"start":{"line":18,"column":4},"end":{"line":18,"column":5}},"loc":{"start":{"line":18,"column":31},"end":{"line":22,"column":5}},"line":18},"3":{"name":"(anonymous_3)","decl":{"start":{"line":24,"column":4},"end":{"line":24,"column":5}},"loc":{"start":{"line":24,"column":34},"end":{"line":27,"column":5}},"line":24}},"branchMap":{"0":{"loc":{"start":{"line":7,"column":19},"end":{"line":7,"column":54}},"type":"cond-expr","locations":[{"start":{"line":7,"column":27},"end":{"line":7,"column":42}},{"start":{"line":7,"column":45},"end":{"line":7,"column":54}}],"line":7},"1":{"loc":{"start":{"line":8,"column":20},"end":{"line":8,"column":57}},"type":"cond-expr","locations":[{"start":{"line":8,"column":29},"end":{"line":8,"column":45}},{"start":{"line":8,"column":48},"end":{"line":8,"column":57}}],"line":8}},"s":{"0":1,"1":0,"2":0,"3":0,"4":0,"5":0,"6":0,"7":0,"8":0,"9":0,"10":0,"11":1},"f":{"0":0,"1":0,"2":0,"3":0},"b":{"0":[0,0],"1":[0,0]},"_coverageSchema":"1a1c01bbd47fc00a2c39e90264f33305004495a9","hash":"d06ec05b476316d14a11babbc6102842e2467b3b"}
,"D:\\RoomRentalProject\\RoomRental-BE\\src\\controllers\\profileController.js": {"path":"D:\\RoomRentalProject\\RoomRental-BE\\src\\controllers\\profileController.js","statementMap":{"0":{"start":{"line":1,"column":23},"end":{"line":1,"column":60}},"1":{"start":{"line":5,"column":23},"end":{"line":5,"column":82}},"2":{"start":{"line":6,"column":8},"end":{"line":6,"column":59}},"3":{"start":{"line":10,"column":23},"end":{"line":10,"column":33}},"4":{"start":{"line":11,"column":23},"end":{"line":11,"column":64}},"5":{"start":{"line":12,"column":8},"end":{"line":12,"column":59}},"6":{"start":{"line":16,"column":23},"end":{"line":16,"column":95}},"7":{"start":{"line":17,"column":8},"end":{"line":17,"column":59}},"8":{"start":{"line":21,"column":8},"end":{"line":23,"column":9}},"9":{"start":{"line":22,"column":12},"end":{"line":22,"column":79}},"10":{"start":{"line":24,"column":23},"end":{"line":24,"column":105}},"11":{"start":{"line":25,"column":8},"end":{"line":25,"column":59}},"12":{"start":{"line":29,"column":0},"end":{"line":29,"column":41}}},"fnMap":{"0":{"name":"(anonymous_0)","decl":{"start":{"line":4,"column":4},"end":{"line":4,"column":5}},"loc":{"start":{"line":4,"column":31},"end":{"line":7,"column":5}},"line":4},"1":{"name":"(anonymous_1)","decl":{"start":{"line":9,"column":4},"end":{"line":9,"column":5}},"loc":{"start":{"line":9,"column":37},"end":{"line":13,"column":5}},"line":9},"2":{"name":"(anonymous_2)","decl":{"start":{"line":15,"column":4},"end":{"line":15,"column":5}},"loc":{"start":{"line":15,"column":34},"end":{"line":18,"column":5}},"line":15},"3":{"name":"(anonymous_3)","decl":{"start":{"line":20,"column":4},"end":{"line":20,"column":5}},"loc":{"start":{"line":20,"column":33},"end":{"line":26,"column":5}},"line":20}},"branchMap":{"0":{"loc":{"start":{"line":21,"column":8},"end":{"line":23,"column":9}},"type":"if","locations":[{"start":{"line":21,"column":8},"end":{"line":23,"column":9}},{"start":{},"end":{}}],"line":21}},"s":{"0":1,"1":0,"2":0,"3":0,"4":0,"5":0,"6":0,"7":0,"8":0,"9":0,"10":0,"11":0,"12":1},"f":{"0":0,"1":0,"2":0,"3":0},"b":{"0":[0,0]},"_coverageSchema":"1a1c01bbd47fc00a2c39e90264f33305004495a9","hash":"43f20da7609e8c88da8c252ce5883b5eb58a8544"}
,"D:\\RoomRentalProject\\RoomRental-BE\\src\\controllers\\recommendationController.js": {"path":"D:\\RoomRentalProject\\RoomRental-BE\\src\\controllers\\recommendationController.js","statementMap":{"0":{"start":{"line":1,"column":30},"end":{"line":1,"column":74}},"1":{"start":{"line":5,"column":8},"end":{"line":7,"column":9}},"2":{"start":{"line":6,"column":12},"end":{"line":6,"column":103}},"3":{"start":{"line":9,"column":23},"end":{"line":9,"column":83}},"4":{"start":{"line":10,"column":8},"end":{"line":10,"column":59}},"5":{"start":{"line":14,"column":0},"end":{"line":14,"column":48}}},"fnMap":{"0":{"name":"(anonymous_0)","decl":{"start":{"line":4,"column":4},"end":{"line":4,"column":5}},"loc":{"start":{"line":4,"column":40},"end":{"line":11,"column":5}},"line":4}},"branchMap":{"0":{"loc":{"start":{"line":5,"column":8},"end":{"line":7,"column":9}},"type":"if","locations":[{"start":{"line":5,"column":8},"end":{"line":7,"column":9}},{"start":{},"end":{}}],"line":5}},"s":{"0":1,"1":0,"2":0,"3":0,"4":0,"5":1},"f":{"0":0},"b":{"0":[0,0]},"_coverageSchema":"1a1c01bbd47fc00a2c39e90264f33305004495a9","hash":"0b15b53ea1b880f99eff9724ff3c6f5d488dca35"}
,"D:\\RoomRentalProject\\RoomRental-BE\\src\\controllers\\rentalPostController.js": {"path":"D:\\RoomRentalProject\\RoomRental-BE\\src\\controllers\\rentalPostController.js","statementMap":{"0":{"start":{"line":1,"column":26},"end":{"line":1,"column":66}},"1":{"start":{"line":5,"column":23},"end":{"line":5,"column":77}},"2":{"start":{"line":6,"column":8},"end":{"line":6,"column":59}},"3":{"start":{"line":13,"column":12},"end":{"line":13,"column":21}},"4":{"start":{"line":15,"column":24},"end":{"line":24,"column":9}},"5":{"start":{"line":26,"column":23},"end":{"line":26,"column":77}},"6":{"start":{"line":27,"column":8},"end":{"line":27,"column":59}},"7":{"start":{"line":31,"column":23},"end":{"line":31,"column":33}},"8":{"start":{"line":32,"column":23},"end":{"line":32,"column":72}},"9":{"start":{"line":33,"column":8},"end":{"line":33,"column":59}},"10":{"start":{"line":37,"column":23},"end":{"line":37,"column":33}},"11":{"start":{"line":38,"column":23},"end":{"line":38,"column":81}},"12":{"start":{"line":39,"column":8},"end":{"line":39,"column":59}},"13":{"start":{"line":43,"column":23},"end":{"line":43,"column":33}},"14":{"start":{"line":44,"column":23},"end":{"line":44,"column":71}},"15":{"start":{"line":45,"column":8},"end":{"line":45,"column":59}},"16":{"start":{"line":49,"column":23},"end":{"line":49,"column":31}},"17":{"start":{"line":50,"column":23},"end":{"line":50,"column":72}},"18":{"start":{"line":51,"column":8},"end":{"line":51,"column":59}},"19":{"start":{"line":55,"column":41},"end":{"line":55,"column":49}},"20":{"start":{"line":56,"column":23},"end":{"line":56,"column":89}},"21":{"start":{"line":57,"column":8},"end":{"line":57,"column":59}},"22":{"start":{"line":61,"column":8},"end":{"line":63,"column":9}},"23":{"start":{"line":62,"column":12},"end":{"line":62,"column":104}},"24":{"start":{"line":65,"column":27},"end":{"line":65,"column":36}},"25":{"start":{"line":66,"column":23},"end":{"line":66,"column":78}},"26":{"start":{"line":67,"column":8},"end":{"line":67,"column":59}},"27":{"start":{"line":71,"column":0},"end":{"line":71,"column":44}}},"fnMap":{"0":{"name":"(anonymous_0)","decl":{"start":{"line":4,"column":4},"end":{"line":4,"column":5}},"loc":{"start":{"line":4,"column":31},"end":{"line":7,"column":5}},"line":4},"1":{"name":"(anonymous_1)","decl":{"start":{"line":9,"column":4},"end":{"line":9,"column":5}},"loc":{"start":{"line":9,"column":32},"end":{"line":28,"column":5}},"line":9},"2":{"name":"(anonymous_2)","decl":{"start":{"line":30,"column":4},"end":{"line":30,"column":5}},"loc":{"start":{"line":30,"column":32},"end":{"line":34,"column":5}},"line":30},"3":{"name":"(anonymous_3)","decl":{"start":{"line":36,"column":4},"end":{"line":36,"column":5}},"loc":{"start":{"line":36,"column":31},"end":{"line":40,"column":5}},"line":36},"4":{"name":"(anonymous_4)","decl":{"start":{"line":42,"column":4},"end":{"line":42,"column":5}},"loc":{"start":{"line":42,"column":31},"end":{"line":46,"column":5}},"line":42},"5":{"name":"(anonymous_5)","decl":{"start":{"line":48,"column":4},"end":{"line":48,"column":5}},"loc":{"start":{"line":48,"column":32},"end":{"line":52,"column":5}},"line":48},"6":{"name":"(anonymous_6)","decl":{"start":{"line":54,"column":4},"end":{"line":54,"column":5}},"loc":{"start":{"line":54,"column":31},"end":{"line":58,"column":5}},"line":54},"7":{"name":"(anonymous_7)","decl":{"start":{"line":60,"column":4},"end":{"line":60,"column":5}},"loc":{"start":{"line":60,"column":31},"end":{"line":68,"column":5}},"line":60}},"branchMap":{"0":{"loc":{"start":{"line":18,"column":23},"end":{"line":18,"column":68}},"type":"cond-expr","locations":[{"start":{"line":18,"column":35},"end":{"line":18,"column":56}},{"start":{"line":18,"column":59},"end":{"line":18,"column":68}}],"line":18},"1":{"loc":{"start":{"line":19,"column":23},"end":{"line":19,"column":68}},"type":"cond-expr","locations":[{"start":{"line":19,"column":35},"end":{"line":19,"column":56}},{"start":{"line":19,"column":59},"end":{"line":19,"column":68}}],"line":19},"2":{"loc":{"start":{"line":20,"column":22},"end":{"line":20,"column":65}},"type":"cond-expr","locations":[{"start":{"line":20,"column":33},"end":{"line":20,"column":53}},{"start":{"line":20,"column":56},"end":{"line":20,"column":65}}],"line":20},"3":{"loc":{"start":{"line":21,"column":22},"end":{"line":21,"column":65}},"type":"cond-expr","locations":[{"start":{"line":21,"column":33},"end":{"line":21,"column":53}},{"start":{"line":21,"column":56},"end":{"line":21,"column":65}}],"line":21},"4":{"loc":{"start":{"line":22,"column":19},"end":{"line":22,"column":54}},"type":"cond-expr","locations":[{"start":{"line":22,"column":27},"end":{"line":22,"column":42}},{"start":{"line":22,"column":45},"end":{"line":22,"column":54}}],"line":22},"5":{"loc":{"start":{"line":23,"column":20},"end":{"line":23,"column":57}},"type":"cond-expr","locations":[{"start":{"line":23,"column":29},"end":{"line":23,"column":45}},{"start":{"line":23,"column":48},"end":{"line":23,"column":57}}],"line":23},"6":{"loc":{"start":{"line":61,"column":8},"end":{"line":63,"column":9}},"type":"if","locations":[{"start":{"line":61,"column":8},"end":{"line":63,"column":9}},{"start":{},"end":{}}],"line":61}},"s":{"0":1,"1":0,"2":0,"3":0,"4":0,"5":0,"6":0,"7":0,"8":0,"9":0,"10":0,"11":0,"12":0,"13":0,"14":0,"15":0,"16":0,"17":0,"18":0,"19":0,"20":0,"21":0,"22":0,"23":0,"24":0,"25":0,"26":0,"27":1},"f":{"0":0,"1":0,"2":0,"3":0,"4":0,"5":0,"6":0,"7":0},"b":{"0":[0,0],"1":[0,0],"2":[0,0],"3":[0,0],"4":[0,0],"5":[0,0],"6":[0,0]},"_coverageSchema":"1a1c01bbd47fc00a2c39e90264f33305004495a9","hash":"3f1c3fe2286491ddfdfbcb6dfed745a69b916ab2"}
,"D:\\RoomRentalProject\\RoomRental-BE\\src\\db\\db.js": {"path":"D:\\RoomRentalProject\\RoomRental-BE\\src\\db\\db.js","statementMap":{"0":{"start":{"line":1,"column":17},"end":{"line":1,"column":30}},"1":{"start":{"line":2,"column":0},"end":{"line":2,"column":27}},"2":{"start":{"line":4,"column":13},"end":{"line":6,"column":2}},"3":{"start":{"line":8,"column":0},"end":{"line":10,"column":3}},"4":{"start":{"line":9,"column":4},"end":{"line":9,"column":50}},"5":{"start":{"line":12,"column":0},"end":{"line":15,"column":2}},"6":{"start":{"line":13,"column":29},"end":{"line":13,"column":53}}},"fnMap":{"0":{"name":"(anonymous_0)","decl":{"start":{"line":8,"column":19},"end":{"line":8,"column":20}},"loc":{"start":{"line":8,"column":25},"end":{"line":10,"column":1}},"line":8},"1":{"name":"(anonymous_1)","decl":{"start":{"line":13,"column":11},"end":{"line":13,"column":12}},"loc":{"start":{"line":13,"column":29},"end":{"line":13,"column":53}},"line":13}},"branchMap":{},"s":{"0":1,"1":1,"2":1,"3":1,"4":2,"5":1,"6":47},"f":{"0":2,"1":47},"b":{},"_coverageSchema":"1a1c01bbd47fc00a2c39e90264f33305004495a9","hash":"af0258a2a569a01baadbbb11651a573c770ddd4d"}
,"D:\\RoomRentalProject\\RoomRental-BE\\src\\middleware\\auth.js": {"path":"D:\\RoomRentalProject\\RoomRental-BE\\src\\middleware\\auth.js","statementMap":{"0":{"start":{"line":1,"column":12},"end":{"line":1,"column":35}},"1":{"start":{"line":2,"column":17},"end":{"line":2,"column":37}},"2":{"start":{"line":3,"column":38},"end":{"line":3,"column":69}},"3":{"start":{"line":5,"column":24},"end":{"line":29,"column":1}},"4":{"start":{"line":6,"column":4},"end":{"line":28,"column":5}},"5":{"start":{"line":7,"column":22},"end":{"line":7,"column":52}},"6":{"start":{"line":9,"column":8},"end":{"line":11,"column":9}},"7":{"start":{"line":10,"column":12},"end":{"line":10,"column":101}},"8":{"start":{"line":13,"column":24},"end":{"line":13,"column":100}},"9":{"start":{"line":14,"column":21},"end":{"line":14,"column":52}},"10":{"start":{"line":16,"column":8},"end":{"line":18,"column":9}},"11":{"start":{"line":17,"column":12},"end":{"line":17,"column":98}},"12":{"start":{"line":20,"column":8},"end":{"line":20,"column":24}},"13":{"start":{"line":21,"column":8},"end":{"line":21,"column":15}},"14":{"start":{"line":23,"column":8},"end":{"line":25,"column":9}},"15":{"start":{"line":24,"column":12},"end":{"line":24,"column":92}},"16":{"start":{"line":26,"column":8},"end":{"line":26,"column":66}},"17":{"start":{"line":27,"column":8},"end":{"line":27,"column":63}},"18":{"start":{"line":31,"column":16},"end":{"line":47,"column":1}},"19":{"start":{"line":32,"column":4},"end":{"line":34,"column":5}},"20":{"start":{"line":33,"column":8},"end":{"line":33,"column":24}},"21":{"start":{"line":36,"column":4},"end":{"line":46,"column":6}},"22":{"start":{"line":39,"column":12},"end":{"line":43,"column":13}},"23":{"start":{"line":40,"column":16},"end":{"line":42,"column":19}},"24":{"start":{"line":44,"column":12},"end":{"line":44,"column":19}},"25":{"start":{"line":49,"column":17},"end":{"line":49,"column":34}},"26":{"start":{"line":50,"column":19},"end":{"line":50,"column":38}},"27":{"start":{"line":51,"column":16},"end":{"line":51,"column":32}},"28":{"start":{"line":53,"column":0},"end":{"line":59,"column":2}}},"fnMap":{"0":{"name":"(anonymous_0)","decl":{"start":{"line":5,"column":24},"end":{"line":5,"column":25}},"loc":{"start":{"line":5,"column":50},"end":{"line":29,"column":1}},"line":5},"1":{"name":"(anonymous_1)","decl":{"start":{"line":31,"column":16},"end":{"line":31,"column":17}},"loc":{"start":{"line":31,"column":32},"end":{"line":47,"column":1}},"line":31},"2":{"name":"(anonymous_2)","decl":{"start":{"line":38,"column":8},"end":{"line":38,"column":9}},"loc":{"start":{"line":38,"column":28},"end":{"line":45,"column":9}},"line":38}},"branchMap":{"0":{"loc":{"start":{"line":9,"column":8},"end":{"line":11,"column":9}},"type":"if","locations":[{"start":{"line":9,"column":8},"end":{"line":11,"column":9}},{"start":{},"end":{}}],"line":9},"1":{"loc":{"start":{"line":13,"column":42},"end":{"line":13,"column":99}},"type":"binary-expr","locations":[{"start":{"line":13,"column":42},"end":{"line":13,"column":73}},{"start":{"line":13,"column":77},"end":{"line":13,"column":99}}],"line":13},"2":{"loc":{"start":{"line":16,"column":8},"end":{"line":18,"column":9}},"type":"if","locations":[{"start":{"line":16,"column":8},"end":{"line":18,"column":9}},{"start":{},"end":{}}],"line":16},"3":{"loc":{"start":{"line":16,"column":12},"end":{"line":16,"column":36}},"type":"binary-expr","locations":[{"start":{"line":16,"column":12},"end":{"line":16,"column":17}},{"start":{"line":16,"column":21},"end":{"line":16,"column":36}}],"line":16},"4":{"loc":{"start":{"line":23,"column":8},"end":{"line":25,"column":9}},"type":"if","locations":[{"start":{"line":23,"column":8},"end":{"line":25,"column":9}},{"start":{},"end":{}}],"line":23},"5":{"loc":{"start":{"line":23,"column":12},"end":{"line":23,"column":84}},"type":"binary-expr","locations":[{"start":{"line":23,"column":12},"end":{"line":23,"column":46}},{"start":{"line":23,"column":50},"end":{"line":23,"column":84}}],"line":23},"6":{"loc":{"start":{"line":31,"column":17},"end":{"line":31,"column":27}},"type":"default-arg","locations":[{"start":{"line":31,"column":25},"end":{"line":31,"column":27}}],"line":31},"7":{"loc":{"start":{"line":32,"column":4},"end":{"line":34,"column":5}},"type":"if","locations":[{"start":{"line":32,"column":4},"end":{"line":34,"column":5}},{"start":{},"end":{}}],"line":32},"8":{"loc":{"start":{"line":39,"column":12},"end":{"line":43,"column":13}},"type":"if","locations":[{"start":{"line":39,"column":12},"end":{"line":43,"column":13}},{"start":{},"end":{}}],"line":39}},"s":{"0":1,"1":1,"2":1,"3":1,"4":0,"5":0,"6":0,"7":0,"8":0,"9":0,"10":0,"11":0,"12":0,"13":0,"14":0,"15":0,"16":0,"17":0,"18":1,"19":3,"20":3,"21":3,"22":0,"23":0,"24":0,"25":1,"26":1,"27":1,"28":1},"f":{"0":0,"1":3,"2":0},"b":{"0":[0,0],"1":[0,0],"2":[0,0],"3":[0,0],"4":[0,0],"5":[0,0],"6":[0],"7":[3,0],"8":[0,0]},"_coverageSchema":"1a1c01bbd47fc00a2c39e90264f33305004495a9","hash":"0ff2a2bac48c6b98f6aa19cb3b05cb1371cecc7a"}
,"D:\\RoomRentalProject\\RoomRental-BE\\src\\middleware\\upload.js": {"path":"D:\\RoomRentalProject\\RoomRental-BE\\src\\middleware\\upload.js","statementMap":{"0":{"start":{"line":1,"column":15},"end":{"line":1,"column":32}},"1":{"start":{"line":3,"column":27},"end":{"line":3,"column":81}},"2":{"start":{"line":4,"column":23},"end":{"line":4,"column":38}},"3":{"start":{"line":6,"column":16},"end":{"line":6,"column":38}},"4":{"start":{"line":8,"column":19},"end":{"line":14,"column":1}},"5":{"start":{"line":9,"column":4},"end":{"line":13,"column":5}},"6":{"start":{"line":10,"column":8},"end":{"line":10,"column":23}},"7":{"start":{"line":12,"column":8},"end":{"line":12,"column":73}},"8":{"start":{"line":16,"column":15},"end":{"line":20,"column":2}},"9":{"start":{"line":22,"column":0},"end":{"line":22,"column":24}}},"fnMap":{"0":{"name":"(anonymous_0)","decl":{"start":{"line":8,"column":19},"end":{"line":8,"column":20}},"loc":{"start":{"line":8,"column":38},"end":{"line":14,"column":1}},"line":8}},"branchMap":{"0":{"loc":{"start":{"line":9,"column":4},"end":{"line":13,"column":5}},"type":"if","locations":[{"start":{"line":9,"column":4},"end":{"line":13,"column":5}},{"start":{"line":11,"column":11},"end":{"line":13,"column":5}}],"line":9}},"s":{"0":1,"1":1,"2":1,"3":1,"4":1,"5":0,"6":0,"7":0,"8":1,"9":1},"f":{"0":0},"b":{"0":[0,0]},"_coverageSchema":"1a1c01bbd47fc00a2c39e90264f33305004495a9","hash":"d8e59e5b69c28fc95f698d49e66273cc2d8bb935"}
,"D:\\RoomRentalProject\\RoomRental-BE\\src\\models\\Admin.js": {"path":"D:\\RoomRentalProject\\RoomRental-BE\\src\\models\\Admin.js","statementMap":{"0":{"start":{"line":1,"column":11},"end":{"line":1,"column":30}},"1":{"start":{"line":5,"column":23},"end":{"line":11,"column":9}},"2":{"start":{"line":12,"column":8},"end":{"line":12,"column":30}},"3":{"start":{"line":16,"column":54},"end":{"line":16,"column":63}},"4":{"start":{"line":17,"column":23},"end":{"line":22,"column":9}},"5":{"start":{"line":23,"column":8},"end":{"line":23,"column":30}},"6":{"start":{"line":27,"column":45},"end":{"line":27,"column":52}},"7":{"start":{"line":28,"column":23},"end":{"line":35,"column":9}},"8":{"start":{"line":36,"column":8},"end":{"line":36,"column":30}},"9":{"start":{"line":40,"column":23},"end":{"line":45,"column":9}},"10":{"start":{"line":46,"column":8},"end":{"line":46,"column":27}},"11":{"start":{"line":50,"column":8},"end":{"line":50,"column":82}},"12":{"start":{"line":54,"column":0},"end":{"line":54,"column":23}}},"fnMap":{"0":{"name":"(anonymous_0)","decl":{"start":{"line":4,"column":4},"end":{"line":4,"column":5}},"loc":{"start":{"line":4,"column":39},"end":{"line":13,"column":5}},"line":4},"1":{"name":"(anonymous_1)","decl":{"start":{"line":15,"column":4},"end":{"line":15,"column":5}},"loc":{"start":{"line":15,"column":35},"end":{"line":24,"column":5}},"line":15},"2":{"name":"(anonymous_2)","decl":{"start":{"line":26,"column":4},"end":{"line":26,"column":5}},"loc":{"start":{"line":26,"column":42},"end":{"line":37,"column":5}},"line":26},"3":{"name":"(anonymous_3)","decl":{"start":{"line":39,"column":4},"end":{"line":39,"column":5}},"loc":{"start":{"line":39,"column":27},"end":{"line":47,"column":5}},"line":39},"4":{"name":"(anonymous_4)","decl":{"start":{"line":49,"column":4},"end":{"line":49,"column":5}},"loc":{"start":{"line":49,"column":33},"end":{"line":51,"column":5}},"line":49}},"branchMap":{"0":{"loc":{"start":{"line":21,"column":22},"end":{"line":21,"column":40}},"type":"binary-expr","locations":[{"start":{"line":21,"column":22},"end":{"line":21,"column":32}},{"start":{"line":21,"column":36},"end":{"line":21,"column":40}}],"line":21},"1":{"loc":{"start":{"line":21,"column":42},"end":{"line":21,"column":62}},"type":"binary-expr","locations":[{"start":{"line":21,"column":42},"end":{"line":21,"column":54}},{"start":{"line":21,"column":58},"end":{"line":21,"column":62}}],"line":21}},"s":{"0":1,"1":0,"2":0,"3":0,"4":0,"5":0,"6":0,"7":0,"8":0,"9":0,"10":0,"11":0,"12":1},"f":{"0":0,"1":0,"2":0,"3":0,"4":0},"b":{"0":[0,0],"1":[0,0]},"_coverageSchema":"1a1c01bbd47fc00a2c39e90264f33305004495a9","hash":"8a17481aeed433c04ec2fa9d0ecae250dae04d10"}
,"D:\\RoomRentalProject\\RoomRental-BE\\src\\models\\Contract.js": {"path":"D:\\RoomRentalProject\\RoomRental-BE\\src\\models\\Contract.js","statementMap":{"0":{"start":{"line":1,"column":11},"end":{"line":1,"column":30}},"1":{"start":{"line":5,"column":23},"end":{"line":20,"column":9}},"2":{"start":{"line":21,"column":8},"end":{"line":21,"column":30}},"3":{"start":{"line":25,"column":118},"end":{"line":25,"column":130}},"4":{"start":{"line":26,"column":23},"end":{"line":33,"column":9}},"5":{"start":{"line":34,"column":8},"end":{"line":34,"column":30}},"6":{"start":{"line":38,"column":23},"end":{"line":38,"column":25}},"7":{"start":{"line":39,"column":23},"end":{"line":39,"column":25}},"8":{"start":{"line":40,"column":25},"end":{"line":40,"column":26}},"9":{"start":{"line":42,"column":30},"end":{"line":42,"column":116}},"10":{"start":{"line":44,"column":8},"end":{"line":50,"column":11}},"11":{"start":{"line":45,"column":12},"end":{"line":49,"column":13}},"12":{"start":{"line":46,"column":16},"end":{"line":46,"column":57}},"13":{"start":{"line":47,"column":16},"end":{"line":47,"column":44}},"14":{"start":{"line":48,"column":16},"end":{"line":48,"column":29}},"15":{"start":{"line":52,"column":8},"end":{"line":52,"column":42}},"16":{"start":{"line":53,"column":8},"end":{"line":53,"column":24}},"17":{"start":{"line":55,"column":22},"end":{"line":60,"column":9}},"18":{"start":{"line":62,"column":23},"end":{"line":62,"column":52}},"19":{"start":{"line":63,"column":8},"end":{"line":63,"column":30}},"20":{"start":{"line":67,"column":23},"end":{"line":73,"column":9}},"21":{"start":{"line":74,"column":8},"end":{"line":74,"column":30}},"22":{"start":{"line":78,"column":20},"end":{"line":86,"column":9}},"23":{"start":{"line":87,"column":23},"end":{"line":87,"column":34}},"24":{"start":{"line":88,"column":25},"end":{"line":88,"column":26}},"25":{"start":{"line":90,"column":8},"end":{"line":94,"column":9}},"26":{"start":{"line":91,"column":12},"end":{"line":91,"column":54}},"27":{"start":{"line":92,"column":12},"end":{"line":92,"column":32}},"28":{"start":{"line":93,"column":12},"end":{"line":93,"column":25}},"29":{"start":{"line":96,"column":8},"end":{"line":96,"column":47}},"30":{"start":{"line":98,"column":23},"end":{"line":98,"column":52}},"31":{"start":{"line":99,"column":8},"end":{"line":99,"column":27}},"32":{"start":{"line":103,"column":20},"end":{"line":111,"column":9}},"33":{"start":{"line":112,"column":23},"end":{"line":112,"column":36}},"34":{"start":{"line":113,"column":25},"end":{"line":113,"column":26}},"35":{"start":{"line":115,"column":8},"end":{"line":119,"column":9}},"36":{"start":{"line":116,"column":12},"end":{"line":116,"column":54}},"37":{"start":{"line":117,"column":12},"end":{"line":117,"column":32}},"38":{"start":{"line":118,"column":12},"end":{"line":118,"column":25}},"39":{"start":{"line":121,"column":8},"end":{"line":121,"column":47}},"40":{"start":{"line":123,"column":23},"end":{"line":123,"column":52}},"41":{"start":{"line":124,"column":8},"end":{"line":124,"column":27}},"42":{"start":{"line":128,"column":23},"end":{"line":138,"column":9}},"43":{"start":{"line":139,"column":8},"end":{"line":139,"column":27}},"44":{"start":{"line":143,"column":23},"end":{"line":149,"column":9}},"45":{"start":{"line":150,"column":8},"end":{"line":150,"column":30}},"46":{"start":{"line":154,"column":20},"end":{"line":164,"column":9}},"47":{"start":{"line":165,"column":23},"end":{"line":165,"column":25}},"48":{"start":{"line":166,"column":25},"end":{"line":166,"column":26}},"49":{"start":{"line":168,"column":8},"end":{"line":172,"column":9}},"50":{"start":{"line":169,"column":12},"end":{"line":169,"column":54}},"51":{"start":{"line":170,"column":12},"end":{"line":170,"column":40}},"52":{"start":{"line":171,"column":12},"end":{"line":171,"column":25}},"53":{"start":{"line":174,"column":8},"end":{"line":178,"column":9}},"54":{"start":{"line":175,"column":12},"end":{"line":175,"column":57}},"55":{"start":{"line":176,"column":12},"end":{"line":176,"column":43}},"56":{"start":{"line":177,"column":12},"end":{"line":177,"column":25}},"57":{"start":{"line":180,"column":8},"end":{"line":184,"column":9}},"58":{"start":{"line":181,"column":12},"end":{"line":181,"column":59}},"59":{"start":{"line":182,"column":12},"end":{"line":182,"column":45}},"60":{"start":{"line":183,"column":12},"end":{"line":183,"column":25}},"61":{"start":{"line":186,"column":8},"end":{"line":186,"column":47}},"62":{"start":{"line":188,"column":8},"end":{"line":192,"column":9}},"63":{"start":{"line":189,"column":12},"end":{"line":189,"column":45}},"64":{"start":{"line":190,"column":12},"end":{"line":190,"column":39}},"65":{"start":{"line":191,"column":12},"end":{"line":191,"column":25}},"66":{"start":{"line":194,"column":8},"end":{"line":197,"column":9}},"67":{"start":{"line":195,"column":12},"end":{"line":195,"column":46}},"68":{"start":{"line":196,"column":12},"end":{"line":196,"column":40}},"69":{"start":{"line":199,"column":23},"end":{"line":199,"column":52}},"70":{"start":{"line":200,"column":8},"end":{"line":200,"column":27}},"71":{"start":{"line":204,"column":8},"end":{"line":204,"column":75}},"72":{"start":{"line":208,"column":0},"end":{"line":208,"column":26}}},"fnMap":{"0":{"name":"(anonymous_0)","decl":{"start":{"line":4,"column":4},"end":{"line":4,"column":5}},"loc":{"start":{"line":4,"column":30},"end":{"line":22,"column":5}},"line":4},"1":{"name":"(anonymous_1)","decl":{"start":{"line":24,"column":4},"end":{"line":24,"column":5}},"loc":{"start":{"line":24,"column":38},"end":{"line":35,"column":5}},"line":24},"2":{"name":"(anonymous_2)","decl":{"start":{"line":37,"column":4},"end":{"line":37,"column":5}},"loc":{"start":{"line":37,"column":37},"end":{"line":64,"column":5}},"line":37},"3":{"name":"(anonymous_3)","decl":{"start":{"line":44,"column":30},"end":{"line":44,"column":31}},"loc":{"start":{"line":44,"column":39},"end":{"line":50,"column":9}},"line":44},"4":{"name":"(anonymous_4)","decl":{"start":{"line":66,"column":4},"end":{"line":66,"column":5}},"loc":{"start":{"line":66,"column":42},"end":{"line":75,"column":5}},"line":66},"5":{"name":"(anonymous_5)","decl":{"start":{"line":77,"column":4},"end":{"line":77,"column":5}},"loc":{"start":{"line":77,"column":56},"end":{"line":100,"column":5}},"line":77},"6":{"name":"(anonymous_6)","decl":{"start":{"line":102,"column":4},"end":{"line":102,"column":5}},"loc":{"start":{"line":102,"column":60},"end":{"line":125,"column":5}},"line":102},"7":{"name":"(anonymous_7)","decl":{"start":{"line":127,"column":4},"end":{"line":127,"column":5}},"loc":{"start":{"line":127,"column":37},"end":{"line":140,"column":5}},"line":127},"8":{"name":"(anonymous_8)","decl":{"start":{"line":142,"column":4},"end":{"line":142,"column":5}},"loc":{"start":{"line":142,"column":57},"end":{"line":151,"column":5}},"line":142},"9":{"name":"(anonymous_9)","decl":{"start":{"line":153,"column":4},"end":{"line":153,"column":5}},"loc":{"start":{"line":153,"column":39},"end":{"line":201,"column":5}},"line":153},"10":{"name":"(anonymous_10)","decl":{"start":{"line":203,"column":4},"end":{"line":203,"column":5}},"loc":{"start":{"line":203,"column":28},"end":{"line":205,"column":5}},"line":203}},"branchMap":{"0":{"loc":{"start":{"line":31,"column":58},"end":{"line":31,"column":74}},"type":"binary-expr","locations":[{"start":{"line":31,"column":58},"end":{"line":31,"column":66}},{"start":{"line":31,"column":70},"end":{"line":31,"column":74}}],"line":31},"1":{"loc":{"start":{"line":31,"column":76},"end":{"line":31,"column":96}},"type":"binary-expr","locations":[{"start":{"line":31,"column":76},"end":{"line":31,"column":88}},{"start":{"line":31,"column":92},"end":{"line":31,"column":96}}],"line":31},"2":{"loc":{"start":{"line":32,"column":13},"end":{"line":32,"column":32}},"type":"binary-expr","locations":[{"start":{"line":32,"column":13},"end":{"line":32,"column":27}},{"start":{"line":32,"column":31},"end":{"line":32,"column":32}}],"line":32},"3":{"loc":{"start":{"line":32,"column":34},"end":{"line":32,"column":54}},"type":"binary-expr","locations":[{"start":{"line":32,"column":34},"end":{"line":32,"column":46}},{"start":{"line":32,"column":50},"end":{"line":32,"column":54}}],"line":32},"4":{"loc":{"start":{"line":45,"column":12},"end":{"line":49,"column":13}},"type":"if","locations":[{"start":{"line":45,"column":12},"end":{"line":49,"column":13}},{"start":{},"end":{}}],"line":45},"5":{"loc":{"start":{"line":77,"column":41},"end":{"line":77,"column":54}},"type":"default-arg","locations":[{"start":{"line":77,"column":50},"end":{"line":77,"column":54}}],"line":77},"6":{"loc":{"start":{"line":90,"column":8},"end":{"line":94,"column":9}},"type":"if","locations":[{"start":{"line":90,"column":8},"end":{"line":94,"column":9}},{"start":{},"end":{}}],"line":90},"7":{"loc":{"start":{"line":102,"column":45},"end":{"line":102,"column":58}},"type":"default-arg","locations":[{"start":{"line":102,"column":54},"end":{"line":102,"column":58}}],"line":102},"8":{"loc":{"start":{"line":115,"column":8},"end":{"line":119,"column":9}},"type":"if","locations":[{"start":{"line":115,"column":8},"end":{"line":119,"column":9}},{"start":{},"end":{}}],"line":115},"9":{"loc":{"start":{"line":153,"column":25},"end":{"line":153,"column":37}},"type":"default-arg","locations":[{"start":{"line":153,"column":35},"end":{"line":153,"column":37}}],"line":153},"10":{"loc":{"start":{"line":168,"column":8},"end":{"line":172,"column":9}},"type":"if","locations":[{"start":{"line":168,"column":8},"end":{"line":172,"column":9}},{"start":{},"end":{}}],"line":168},"11":{"loc":{"start":{"line":174,"column":8},"end":{"line":178,"column":9}},"type":"if","locations":[{"start":{"line":174,"column":8},"end":{"line":178,"column":9}},{"start":{},"end":{}}],"line":174},"12":{"loc":{"start":{"line":180,"column":8},"end":{"line":184,"column":9}},"type":"if","locations":[{"start":{"line":180,"column":8},"end":{"line":184,"column":9}},{"start":{},"end":{}}],"line":180},"13":{"loc":{"start":{"line":188,"column":8},"end":{"line":192,"column":9}},"type":"if","locations":[{"start":{"line":188,"column":8},"end":{"line":192,"column":9}},{"start":{},"end":{}}],"line":188},"14":{"loc":{"start":{"line":194,"column":8},"end":{"line":197,"column":9}},"type":"if","locations":[{"start":{"line":194,"column":8},"end":{"line":197,"column":9}},{"start":{},"end":{}}],"line":194}},"s":{"0":1,"1":0,"2":0,"3":0,"4":0,"5":0,"6":0,"7":0,"8":0,"9":0,"10":0,"11":0,"12":0,"13":0,"14":0,"15":0,"16":0,"17":0,"18":0,"19":0,"20":0,"21":0,"22":0,"23":0,"24":0,"25":0,"26":0,"27":0,"28":0,"29":0,"30":0,"31":0,"32":0,"33":0,"34":0,"35":0,"36":0,"37":0,"38":0,"39":0,"40":0,"41":0,"42":0,"43":0,"44":0,"45":0,"46":0,"47":0,"48":0,"49":0,"50":0,"51":0,"52":0,"53":0,"54":0,"55":0,"56":0,"57":0,"58":0,"59":0,"60":0,"61":0,"62":0,"63":0,"64":0,"65":0,"66":0,"67":0,"68":0,"69":0,"70":0,"71":0,"72":1},"f":{"0":0,"1":0,"2":0,"3":0,"4":0,"5":0,"6":0,"7":0,"8":0,"9":0,"10":0},"b":{"0":[0,0],"1":[0,0],"2":[0,0],"3":[0,0],"4":[0,0],"5":[0],"6":[0,0],"7":[0],"8":[0,0],"9":[0],"10":[0,0],"11":[0,0],"12":[0,0],"13":[0,0],"14":[0,0]},"_coverageSchema":"1a1c01bbd47fc00a2c39e90264f33305004495a9","hash":"62934c645e00bbc2e60105bda6c74532ea6fc645"}
,"D:\\RoomRentalProject\\RoomRental-BE\\src\\models\\Conversation.js": {"path":"D:\\RoomRentalProject\\RoomRental-BE\\src\\models\\Conversation.js","statementMap":{"0":{"start":{"line":1,"column":11},"end":{"line":1,"column":30}},"1":{"start":{"line":3,"column":23},"end":{"line":5,"column":1}},"2":{"start":{"line":4,"column":4},"end":{"line":4,"column":64}},"3":{"start":{"line":9,"column":26},"end":{"line":9,"column":67}},"4":{"start":{"line":11,"column":21},"end":{"line":17,"column":9}},"5":{"start":{"line":19,"column":8},"end":{"line":24,"column":9}},"6":{"start":{"line":20,"column":12},"end":{"line":23,"column":14}},"7":{"start":{"line":26,"column":29},"end":{"line":26,"column":43}},"8":{"start":{"line":28,"column":8},"end":{"line":33,"column":10}},"9":{"start":{"line":35,"column":8},"end":{"line":35,"column":28}},"10":{"start":{"line":39,"column":23},"end":{"line":42,"column":9}},"11":{"start":{"line":43,"column":8},"end":{"line":43,"column":30}},"12":{"start":{"line":47,"column":23},"end":{"line":86,"column":9}},"13":{"start":{"line":88,"column":8},"end":{"line":88,"column":27}},"14":{"start":{"line":92,"column":30},"end":{"line":92,"column":60}},"15":{"start":{"line":93,"column":8},"end":{"line":93,"column":104}},"16":{"start":{"line":93,"column":52},"end":{"line":93,"column":102}},"17":{"start":{"line":97,"column":23},"end":{"line":107,"column":9}},"18":{"start":{"line":109,"column":8},"end":{"line":109,"column":27}},"19":{"start":{"line":113,"column":23},"end":{"line":118,"column":9}},"20":{"start":{"line":120,"column":8},"end":{"line":120,"column":35}},"21":{"start":{"line":124,"column":23},"end":{"line":130,"column":9}},"22":{"start":{"line":132,"column":8},"end":{"line":132,"column":30}},"23":{"start":{"line":136,"column":23},"end":{"line":142,"column":9}},"24":{"start":{"line":144,"column":8},"end":{"line":144,"column":30}},"25":{"start":{"line":148,"column":0},"end":{"line":148,"column":45}},"26":{"start":{"line":150,"column":0},"end":{"line":150,"column":30}}},"fnMap":{"0":{"name":"(anonymous_0)","decl":{"start":{"line":3,"column":23},"end":{"line":3,"column":24}},"loc":{"start":{"line":4,"column":4},"end":{"line":4,"column":64}},"line":4},"1":{"name":"(anonymous_1)","decl":{"start":{"line":8,"column":4},"end":{"line":8,"column":5}},"loc":{"start":{"line":8,"column":68},"end":{"line":36,"column":5}},"line":8},"2":{"name":"(anonymous_2)","decl":{"start":{"line":38,"column":4},"end":{"line":38,"column":5}},"loc":{"start":{"line":38,"column":30},"end":{"line":44,"column":5}},"line":38},"3":{"name":"(anonymous_3)","decl":{"start":{"line":46,"column":4},"end":{"line":46,"column":5}},"loc":{"start":{"line":46,"column":37},"end":{"line":89,"column":5}},"line":46},"4":{"name":"(anonymous_4)","decl":{"start":{"line":91,"column":4},"end":{"line":91,"column":5}},"loc":{"start":{"line":91,"column":57},"end":{"line":94,"column":5}},"line":91},"5":{"name":"(anonymous_5)","decl":{"start":{"line":93,"column":34},"end":{"line":93,"column":35}},"loc":{"start":{"line":93,"column":52},"end":{"line":93,"column":102}},"line":93},"6":{"name":"(anonymous_6)","decl":{"start":{"line":96,"column":4},"end":{"line":96,"column":5}},"loc":{"start":{"line":96,"column":50},"end":{"line":110,"column":5}},"line":96},"7":{"name":"(anonymous_7)","decl":{"start":{"line":112,"column":4},"end":{"line":112,"column":5}},"loc":{"start":{"line":112,"column":55},"end":{"line":121,"column":5}},"line":112},"8":{"name":"(anonymous_8)","decl":{"start":{"line":123,"column":4},"end":{"line":123,"column":5}},"loc":{"start":{"line":123,"column":39},"end":{"line":133,"column":5}},"line":123},"9":{"name":"(anonymous_9)","decl":{"start":{"line":135,"column":4},"end":{"line":135,"column":5}},"loc":{"start":{"line":135,"column":50},"end":{"line":145,"column":5}},"line":135}},"branchMap":{"0":{"loc":{"start":{"line":16,"column":24},"end":{"line":16,"column":48}},"type":"binary-expr","locations":[{"start":{"line":16,"column":24},"end":{"line":16,"column":33}},{"start":{"line":16,"column":37},"end":{"line":16,"column":48}}],"line":16},"1":{"loc":{"start":{"line":19,"column":8},"end":{"line":24,"column":9}},"type":"if","locations":[{"start":{"line":19,"column":8},"end":{"line":24,"column":9}},{"start":{},"end":{}}],"line":19}},"s":{"0":1,"1":1,"2":0,"3":0,"4":0,"5":0,"6":0,"7":0,"8":0,"9":0,"10":0,"11":0,"12":0,"13":0,"14":0,"15":0,"16":0,"17":0,"18":0,"19":0,"20":0,"21":0,"22":0,"23":0,"24":0,"25":1,"26":1},"f":{"0":0,"1":0,"2":0,"3":0,"4":0,"5":0,"6":0,"7":0,"8":0,"9":0},"b":{"0":[0,0],"1":[0,0]},"_coverageSchema":"1a1c01bbd47fc00a2c39e90264f33305004495a9","hash":"9359c12320a06237b16f47dd0a38fbec2ca87c66"}
,"D:\\RoomRentalProject\\RoomRental-BE\\src\\models\\Landlord.js": {"path":"D:\\RoomRentalProject\\RoomRental-BE\\src\\models\\Landlord.js","statementMap":{"0":{"start":{"line":1,"column":11},"end":{"line":1,"column":30}},"1":{"start":{"line":5,"column":23},"end":{"line":11,"column":9}},"2":{"start":{"line":12,"column":8},"end":{"line":12,"column":30}},"3":{"start":{"line":16,"column":91},"end":{"line":16,"column":103}},"4":{"start":{"line":17,"column":23},"end":{"line":22,"column":9}},"5":{"start":{"line":23,"column":8},"end":{"line":23,"column":30}},"6":{"start":{"line":27,"column":23},"end":{"line":27,"column":25}},"7":{"start":{"line":28,"column":23},"end":{"line":28,"column":25}},"8":{"start":{"line":29,"column":25},"end":{"line":29,"column":26}},"9":{"start":{"line":31,"column":30},"end":{"line":31,"column":125}},"10":{"start":{"line":33,"column":8},"end":{"line":39,"column":11}},"11":{"start":{"line":34,"column":12},"end":{"line":38,"column":13}},"12":{"start":{"line":35,"column":16},"end":{"line":35,"column":57}},"13":{"start":{"line":36,"column":16},"end":{"line":36,"column":44}},"14":{"start":{"line":37,"column":16},"end":{"line":37,"column":29}},"15":{"start":{"line":41,"column":8},"end":{"line":43,"column":9}},"16":{"start":{"line":42,"column":12},"end":{"line":42,"column":24}},"17":{"start":{"line":45,"column":8},"end":{"line":45,"column":29}},"18":{"start":{"line":47,"column":22},"end":{"line":52,"column":9}},"19":{"start":{"line":54,"column":23},"end":{"line":54,"column":52}},"20":{"start":{"line":55,"column":8},"end":{"line":55,"column":30}},"21":{"start":{"line":59,"column":23},"end":{"line":65,"column":9}},"22":{"start":{"line":66,"column":8},"end":{"line":66,"column":30}},"23":{"start":{"line":70,"column":20},"end":{"line":75,"column":9}},"24":{"start":{"line":76,"column":23},"end":{"line":76,"column":25}},"25":{"start":{"line":77,"column":25},"end":{"line":77,"column":26}},"26":{"start":{"line":79,"column":8},"end":{"line":83,"column":9}},"27":{"start":{"line":80,"column":12},"end":{"line":80,"column":65}},"28":{"start":{"line":81,"column":12},"end":{"line":81,"column":48}},"29":{"start":{"line":82,"column":12},"end":{"line":82,"column":25}},"30":{"start":{"line":85,"column":8},"end":{"line":89,"column":9}},"31":{"start":{"line":86,"column":12},"end":{"line":86,"column":57}},"32":{"start":{"line":87,"column":12},"end":{"line":87,"column":43}},"33":{"start":{"line":88,"column":12},"end":{"line":88,"column":25}},"34":{"start":{"line":91,"column":8},"end":{"line":91,"column":47}},"35":{"start":{"line":93,"column":23},"end":{"line":93,"column":52}},"36":{"start":{"line":94,"column":8},"end":{"line":94,"column":27}},"37":{"start":{"line":98,"column":8},"end":{"line":98,"column":85}},"38":{"start":{"line":102,"column":23},"end":{"line":113,"column":9}},"39":{"start":{"line":114,"column":8},"end":{"line":114,"column":30}},"40":{"start":{"line":118,"column":0},"end":{"line":118,"column":26}}},"fnMap":{"0":{"name":"(anonymous_0)","decl":{"start":{"line":4,"column":4},"end":{"line":4,"column":5}},"loc":{"start":{"line":4,"column":39},"end":{"line":13,"column":5}},"line":4},"1":{"name":"(anonymous_1)","decl":{"start":{"line":15,"column":4},"end":{"line":15,"column":5}},"loc":{"start":{"line":15,"column":38},"end":{"line":24,"column":5}},"line":15},"2":{"name":"(anonymous_2)","decl":{"start":{"line":26,"column":4},"end":{"line":26,"column":5}},"loc":{"start":{"line":26,"column":42},"end":{"line":56,"column":5}},"line":26},"3":{"name":"(anonymous_3)","decl":{"start":{"line":33,"column":30},"end":{"line":33,"column":31}},"loc":{"start":{"line":33,"column":39},"end":{"line":39,"column":9}},"line":33},"4":{"name":"(anonymous_4)","decl":{"start":{"line":58,"column":4},"end":{"line":58,"column":5}},"loc":{"start":{"line":58,"column":55},"end":{"line":67,"column":5}},"line":58},"5":{"name":"(anonymous_5)","decl":{"start":{"line":69,"column":4},"end":{"line":69,"column":5}},"loc":{"start":{"line":69,"column":39},"end":{"line":95,"column":5}},"line":69},"6":{"name":"(anonymous_6)","decl":{"start":{"line":97,"column":4},"end":{"line":97,"column":5}},"loc":{"start":{"line":97,"column":33},"end":{"line":99,"column":5}},"line":97},"7":{"name":"(anonymous_7)","decl":{"start":{"line":101,"column":4},"end":{"line":101,"column":5}},"loc":{"start":{"line":101,"column":44},"end":{"line":115,"column":5}},"line":101}},"branchMap":{"0":{"loc":{"start":{"line":21,"column":22},"end":{"line":21,"column":42}},"type":"binary-expr","locations":[{"start":{"line":21,"column":22},"end":{"line":21,"column":34}},{"start":{"line":21,"column":38},"end":{"line":21,"column":42}}],"line":21},"1":{"loc":{"start":{"line":21,"column":44},"end":{"line":21,"column":65}},"type":"binary-expr","locations":[{"start":{"line":21,"column":44},"end":{"line":21,"column":57}},{"start":{"line":21,"column":61},"end":{"line":21,"column":65}}],"line":21},"2":{"loc":{"start":{"line":21,"column":67},"end":{"line":21,"column":89}},"type":"binary-expr","locations":[{"start":{"line":21,"column":67},"end":{"line":21,"column":81}},{"start":{"line":21,"column":85},"end":{"line":21,"column":89}}],"line":21},"3":{"loc":{"start":{"line":21,"column":91},"end":{"line":21,"column":105}},"type":"binary-expr","locations":[{"start":{"line":21,"column":91},"end":{"line":21,"column":97}},{"start":{"line":21,"column":101},"end":{"line":21,"column":105}}],"line":21},"4":{"loc":{"start":{"line":21,"column":107},"end":{"line":21,"column":118}},"type":"binary-expr","locations":[{"start":{"line":21,"column":107},"end":{"line":21,"column":110}},{"start":{"line":21,"column":114},"end":{"line":21,"column":118}}],"line":21},"5":{"loc":{"start":{"line":21,"column":120},"end":{"line":21,"column":131}},"type":"binary-expr","locations":[{"start":{"line":21,"column":120},"end":{"line":21,"column":123}},{"start":{"line":21,"column":127},"end":{"line":21,"column":131}}],"line":21},"6":{"loc":{"start":{"line":34,"column":12},"end":{"line":38,"column":13}},"type":"if","locations":[{"start":{"line":34,"column":12},"end":{"line":38,"column":13}},{"start":{},"end":{}}],"line":34},"7":{"loc":{"start":{"line":41,"column":8},"end":{"line":43,"column":9}},"type":"if","locations":[{"start":{"line":41,"column":8},"end":{"line":43,"column":9}},{"start":{},"end":{}}],"line":41},"8":{"loc":{"start":{"line":69,"column":25},"end":{"line":69,"column":37}},"type":"default-arg","locations":[{"start":{"line":69,"column":35},"end":{"line":69,"column":37}}],"line":69},"9":{"loc":{"start":{"line":79,"column":8},"end":{"line":83,"column":9}},"type":"if","locations":[{"start":{"line":79,"column":8},"end":{"line":83,"column":9}},{"start":{},"end":{}}],"line":79},"10":{"loc":{"start":{"line":85,"column":8},"end":{"line":89,"column":9}},"type":"if","locations":[{"start":{"line":85,"column":8},"end":{"line":89,"column":9}},{"start":{},"end":{}}],"line":85}},"s":{"0":1,"1":0,"2":0,"3":1,"4":1,"5":1,"6":0,"7":0,"8":0,"9":0,"10":0,"11":0,"12":0,"13":0,"14":0,"15":0,"16":0,"17":0,"18":0,"19":0,"20":0,"21":0,"22":0,"23":0,"24":0,"25":0,"26":0,"27":0,"28":0,"29":0,"30":0,"31":0,"32":0,"33":0,"34":0,"35":0,"36":0,"37":0,"38":0,"39":0,"40":1},"f":{"0":0,"1":1,"2":0,"3":0,"4":0,"5":0,"6":0,"7":0},"b":{"0":[1,1],"1":[1,1],"2":[1,1],"3":[1,1],"4":[1,1],"5":[1,1],"6":[0,0],"7":[0,0],"8":[0],"9":[0,0],"10":[0,0]},"_coverageSchema":"1a1c01bbd47fc00a2c39e90264f33305004495a9","hash":"3828219bd91ff04fbfc663ebd5d1f3eed7642fb3"}
,"D:\\RoomRentalProject\\RoomRental-BE\\src\\models\\Message.js": {"path":"D:\\RoomRentalProject\\RoomRental-BE\\src\\models\\Message.js","statementMap":{"0":{"start":{"line":1,"column":11},"end":{"line":1,"column":30}},"1":{"start":{"line":5,"column":56},"end":{"line":5,"column":60}},"2":{"start":{"line":7,"column":23},"end":{"line":12,"column":9}},"3":{"start":{"line":14,"column":8},"end":{"line":14,"column":48}},"4":{"start":{"line":18,"column":23},"end":{"line":27,"column":9}},"5":{"start":{"line":29,"column":8},"end":{"line":29,"column":30}},"6":{"start":{"line":33,"column":22},"end":{"line":33,"column":49}},"7":{"start":{"line":34,"column":23},"end":{"line":34,"column":50}},"8":{"start":{"line":36,"column":23},"end":{"line":47,"column":9}},"9":{"start":{"line":49,"column":8},"end":{"line":49,"column":27}},"10":{"start":{"line":53,"column":0},"end":{"line":53,"column":25}}},"fnMap":{"0":{"name":"(anonymous_0)","decl":{"start":{"line":4,"column":4},"end":{"line":4,"column":5}},"loc":{"start":{"line":4,"column":30},"end":{"line":15,"column":5}},"line":4},"1":{"name":"(anonymous_1)","decl":{"start":{"line":17,"column":4},"end":{"line":17,"column":5}},"loc":{"start":{"line":17,"column":30},"end":{"line":30,"column":5}},"line":17},"2":{"name":"(anonymous_2)","decl":{"start":{"line":32,"column":4},"end":{"line":32,"column":5}},"loc":{"start":{"line":32,"column":66},"end":{"line":50,"column":5}},"line":32}},"branchMap":{"0":{"loc":{"start":{"line":32,"column":52},"end":{"line":32,"column":64}},"type":"default-arg","locations":[{"start":{"line":32,"column":62},"end":{"line":32,"column":64}}],"line":32},"1":{"loc":{"start":{"line":33,"column":22},"end":{"line":33,"column":49}},"type":"binary-expr","locations":[{"start":{"line":33,"column":22},"end":{"line":33,"column":43}},{"start":{"line":33,"column":47},"end":{"line":33,"column":49}}],"line":33},"2":{"loc":{"start":{"line":34,"column":23},"end":{"line":34,"column":50}},"type":"binary-expr","locations":[{"start":{"line":34,"column":23},"end":{"line":34,"column":45}},{"start":{"line":34,"column":49},"end":{"line":34,"column":50}}],"line":34}},"s":{"0":1,"1":0,"2":0,"3":0,"4":0,"5":0,"6":0,"7":0,"8":0,"9":0,"10":1},"f":{"0":0,"1":0,"2":0},"b":{"0":[0],"1":[0,0],"2":[0,0]},"_coverageSchema":"1a1c01bbd47fc00a2c39e90264f33305004495a9","hash":"ecc5036bf60899582327d5b143dec8f3801f8f52"}
,"D:\\RoomRentalProject\\RoomRental-BE\\src\\models\\Notification.js": {"path":"D:\\RoomRentalProject\\RoomRental-BE\\src\\models\\Notification.js","statementMap":{"0":{"start":{"line":1,"column":11},"end":{"line":1,"column":30}},"1":{"start":{"line":13,"column":12},"end":{"line":13,"column":16}},"2":{"start":{"line":15,"column":23},"end":{"line":21,"column":9}},"3":{"start":{"line":23,"column":8},"end":{"line":23,"column":48}},"4":{"start":{"line":27,"column":23},"end":{"line":36,"column":9}},"5":{"start":{"line":37,"column":8},"end":{"line":37,"column":30}},"6":{"start":{"line":41,"column":22},"end":{"line":41,"column":49}},"7":{"start":{"line":42,"column":23},"end":{"line":42,"column":50}},"8":{"start":{"line":44,"column":23},"end":{"line":55,"column":9}},"9":{"start":{"line":57,"column":8},"end":{"line":57,"column":27}},"10":{"start":{"line":61,"column":23},"end":{"line":66,"column":9}},"11":{"start":{"line":67,"column":8},"end":{"line":67,"column":42}},"12":{"start":{"line":71,"column":23},"end":{"line":78,"column":9}},"13":{"start":{"line":80,"column":8},"end":{"line":82,"column":9}},"14":{"start":{"line":81,"column":12},"end":{"line":81,"column":24}},"15":{"start":{"line":84,"column":8},"end":{"line":84,"column":48}},"16":{"start":{"line":88,"column":23},"end":{"line":95,"column":9}},"17":{"start":{"line":97,"column":8},"end":{"line":97,"column":31}},"18":{"start":{"line":101,"column":0},"end":{"line":101,"column":30}}},"fnMap":{"0":{"name":"(anonymous_0)","decl":{"start":{"line":4,"column":4},"end":{"line":4,"column":5}},"loc":{"start":{"line":4,"column":30},"end":{"line":24,"column":5}},"line":4},"1":{"name":"(anonymous_1)","decl":{"start":{"line":26,"column":4},"end":{"line":26,"column":5}},"loc":{"start":{"line":26,"column":30},"end":{"line":38,"column":5}},"line":26},"2":{"name":"(anonymous_2)","decl":{"start":{"line":40,"column":4},"end":{"line":40,"column":5}},"loc":{"start":{"line":40,"column":50},"end":{"line":58,"column":5}},"line":40},"3":{"name":"(anonymous_3)","decl":{"start":{"line":60,"column":4},"end":{"line":60,"column":5}},"loc":{"start":{"line":60,"column":37},"end":{"line":68,"column":5}},"line":60},"4":{"name":"(anonymous_4)","decl":{"start":{"line":70,"column":4},"end":{"line":70,"column":5}},"loc":{"start":{"line":70,"column":40},"end":{"line":85,"column":5}},"line":70},"5":{"name":"(anonymous_5)","decl":{"start":{"line":87,"column":4},"end":{"line":87,"column":5}},"loc":{"start":{"line":87,"column":39},"end":{"line":98,"column":5}},"line":87}},"branchMap":{"0":{"loc":{"start":{"line":7,"column":12},"end":{"line":7,"column":27}},"type":"default-arg","locations":[{"start":{"line":7,"column":23},"end":{"line":7,"column":27}}],"line":7},"1":{"loc":{"start":{"line":11,"column":12},"end":{"line":11,"column":27}},"type":"default-arg","locations":[{"start":{"line":11,"column":23},"end":{"line":11,"column":27}}],"line":11},"2":{"loc":{"start":{"line":12,"column":12},"end":{"line":12,"column":25}},"type":"default-arg","locations":[{"start":{"line":12,"column":23},"end":{"line":12,"column":25}}],"line":12},"3":{"loc":{"start":{"line":40,"column":36},"end":{"line":40,"column":48}},"type":"default-arg","locations":[{"start":{"line":40,"column":46},"end":{"line":40,"column":48}}],"line":40},"4":{"loc":{"start":{"line":41,"column":22},"end":{"line":41,"column":49}},"type
[...]
,"D:\\RoomRentalProject\\RoomRental-BE\\src\\socket\\socket.js": {"path":"D:\\RoomRentalProject\\RoomRental-BE\\src\\socket\\socket.js","statementMap":{"0":{"start":{"line":1,"column":19},"end":{"line":1,"column":39}},"1":{"start":{"line":2,"column":12},"end":{"line":2,"column":35}},"2":{"start":{"line":3,"column":17},"end":{"line":3,"column":37}},"3":{"start":{"line":4,"column":27},"end":{"line":4,"column":53}},"4":{"start":{"line":5,"column":30},"end":{"line":5,"column":55}},"5":{"start":{"line":6,"column":53},"end":{"line":6,"column":84}},"6":{"start":{"line":8,"column":9},"end":{"line":8,"column":13}},"7":{"start":{"line":10,"column":23},"end":{"line":16,"column":1}},"8":{"start":{"line":11,"column":4},"end":{"line":15,"column":6}},"9":{"start":{"line":18,"column":25},"end":{"line":67,"column":1}},"10":{"start":{"line":19,"column":4},"end":{"line":24,"column":7}},"11":{"start":{"line":26,"column":4},"end":{"line":45,"column":7}},"12":{"start":{"line":27,"column":8},"end":{"line":44,"column":9}},"13":{"start":{"line":28,"column":26},"end":{"line":28,"column":48}},"14":{"start":{"line":29,"column":12},"end":{"line":31,"column":13}},"15":{"start":{"line":30,"column":16},"end":{"line":30,"column":55}},"16":{"start":{"line":33,"column":28},"end":{"line":33,"column":104}},"17":{"start":{"line":34,"column":25},"end":{"line":34,"column":56}},"18":{"start":{"line":36,"column":12},"end":{"line":38,"column":13}},"19":{"start":{"line":37,"column":16},"end":{"line":37,"column":55}},"20":{"start":{"line":40,"column":12},"end":{"line":40,"column":31}},"21":{"start":{"line":41,"column":12},"end":{"line":41,"column":26}},"22":{"start":{"line":43,"column":12},"end":{"line":43,"column":51}},"23":{"start":{"line":47,"column":4},"end":{"line":64,"column":7}},"24":{"start":{"line":48,"column":8},"end":{"line":48,"column":46}},"25":{"start":{"line":49,"column":8},"end":{"line":49,"column":64}},"26":{"start":{"line":51,"column":8},"end":{"line":58,"column":11}},"27":{"start":{"line":52,"column":12},"end":{"line":52,"column":40}},"28":{"start":{"line":52,"column":33},"end":{"line":52,"column":40}},"29":{"start":{"line":54,"column":34},"end":{"line":54,"column":100}},"30":{"start":{"line":55,"column":12},"end":{"line":57,"column":13}},"31":{"start":{"line":56,"column":16},"end":{"line":56,"column":62}},"32":{"start":{"line":60,"column":8},"end":{"line":63,"column":11}},"33":{"start":{"line":61,"column":12},"end":{"line":61,"column":40}},"34":{"start":{"line":61,"column":33},"end":{"line":61,"column":40}},"35":{"start":{"line":62,"column":12},"end":{"line":62,"column":59}},"36":{"start":{"line":66,"column":4},"end":{"line":66,"column":14}},"37":{"start":{"line":69,"column":14},"end":{"line":69,"column":22}},"38":{"start":{"line":69,"column":20},"end":{"line":69,"column":22}},"39":{"start":{"line":71,"column":19},"end":{"line":74,"column":1}},"40":{"start":{"line":72,"column":4},"end":{"line":72,"column":20}},"41":{"start":{"line":72,"column":13},"end":{"line":72,"column":20}},"42":{"start":{"line":73,"column":4},"end":{"line":73,"column":49}},"43":{"start":{"line":76,"column":27},"end":{"line":79,"column":1}},"44":{"start":{"line":77,"column":4},"end":{"line":77,"column":20}},"45":{"start":{"line":77,"column":13},"end":{"line":77,"column":20}},"46":{"start":{"line":78,"column":4},"end":{"line":78,"column":65}},"47":{"start":{"line":81,"column":0},"end":{"line":86,"column":2}}},"fnMap":{"0":{"name":"(anonymous_0)","decl":{"start":{"line":10,"column":23},"end":{"line":10,"column":24}},"loc":{"start":{"line":10,"column":35},"end":{"line":16,"column":1}},"line":10},"1":{"name":"(anonymous_1)","decl":{"start":{"line":18,"column":25},"end":{"line":18,"column":26}},"loc":{"start":{"line":18,"column":37},"end":{"line":67,"column":1}},"line":18},"2":{"name":"(anonymous_2)","decl":{"start":{"line":26,"column":11},"end":{"line":26,"column":12}},"loc":{"start":{"line":26,"column":35},"end":{"line":45,"column":5}},"line":26},"3":{"name":"(anonymous_3)","decl":{"start":{"line":47,"column":24},"end":{"line":47,"column":25}},"loc":{"start":{"line":47,"column":36},"end":{"line":64,"column":5}},"line":47},"4":{"name":"(anonymous_4)","decl":{"start":{"line":51,"column":39},"end":{"line":51,"column":40}},"loc":{"start":{"line":51,"column":69},"end":{"line":58,"column":9}},"line":51},"5":{"name":"(anonymous_5)","decl":{"start":{"line":60,"column":40},"end":{"line":60,"column":41}},"loc":{"start":{"line":60,"column":64},"end":{"line":63,"column":9}},"line":60},"6":{"name":"(anonymous_6)","decl":{"start":{"line":69,"column":14},"end":{"line":69,"column":15}},"loc":{"start":{"line":69,"column":20},"end":{"line":69,"column":22}},"line":69},"7":{"name":"(anonymous_7)","decl":{"start":{"line":71,"column":19},"end":{"line":71,"column":20}},"loc":{"start":{"line":71,"column":47},"end":{"line":74,"column":1}},"line":71},"8":{"name":"(anonymous_8)","decl":{"start":{"line":76,"column":27},"end":{"line":76,"column":28}},"loc":{"start":{"line":76,"column":63},"end":{"line":79,"column":1}},"line":76}},"branchMap":{"0":{"loc":{"start":{"line":12,"column":8},"end":{"line":14,"column":81}},"type":"binary-expr","locations":[{"start":{"line":12,"column":8},"end":{"line":12,"column":36}},{"start":{"line":13,"column":8},"end":{"line":13,"column":37}},{"start":{"line":14,"column":8},"end":{"line":14,"column":81}}],"line":12},"1":{"loc":{"start":{"line":29,"column":12},"end":{"line":31,"column":13}},"type":"if","locations":[{"start":{"line":29,"column":12},"end":{"line":31,"column":13}},{"start":{},"end":{}}],"line":29},"2":{"loc":{"start":{"line":33,"column":46},"end":{"line":33,"column":103}},"type":"binary-expr","locations":[{"start":{"line":33,"column":46},"end":{"line":33,"column":77}},{"start":{"line":33,"column":81},"end":{"line":33,"column":103}}],"line":33},"3":{"loc":{"start":{"line":36,"column":12},"end":{"line":38,"column":13}},"type":"if","locations":[{"start":{"line":36,"column":12},"end":{"line":38,"column":13}},{"start":{},"end":{}}],"line":36},"4":{"loc":{"start":{"line":36,"column":16},"end":{"line":36,"column":40}},"type":"binary-expr","locations":[{"start":{"line":36,"column":16},"end":{"line":36,"column":21}},{"start":{"line":36,"column":25},"end":{"line":36,"column":40}}],"line":36},"5":{"loc":{"start":{"line":52,"column":12},"end":{"line":52,"column":40}},"type":"if","locations":[{"start":{"line":52,"column":12},"end":{"line":52,"column":40}},{"start":{},"end":{}}],"line":52},"6":{"loc":{"start":{"line":55,"column":12},"end":{"line":57,"column":13}},"type":"if","locations":[{"start":{"line":55,"column":12},"end":{"line":57,"column":13}},{"start":{},"end":{}}],"line":55},"7":{"loc":{"start":{"line":61,"column":12},"end":{"line":61,"column":40}},"type":"if","locations":[{"start":{"line":61,"column":12},"end":{"line":61,"column":40}},{"start":{},"end":{}}],"line":61},"8":{"loc":{"start":{"line":72,"column":4},"end":{"line":72,"column":20}},"type":"if","locations":[{"start":{"line":72,"column":4},"end":{"line":72,"column":20}},{"start":{},"end":{}}],"line":72},"9":{"loc":{"start":{"line":77,"column":4},"end":{"line":77,"column":20}},"type":"if","locations":[{"start":{"line":77,"column":4},"end":{"line":77,"column":20}},{"start":{},"end":{}}],"line":77}},"s":{"0":1,"1":1,"2":1,"3":1,"4":1,"5":1,"6":1,"7":1,"8":0,"9":1,"10":0,"11":0,"12":0,"13":0,"14":0,"15":0,"16":0,"17":0,"18":0,"19":0,"20":0,"21":0,"22":0,"23":0,"24":0,"25":0,"26":0,"27":0,"28":0,"29":0,"30":0,"31":0,"32":0,"33":0,"34":0,"35":0,"36":0,"37":1,"38":0,"39":1,"40":0,"41":0,"42":0,"43":1,"44":0,"45":0,"46":0,"47":1},"f":{"0":0,"1":0,"2":0,"3":0,"4":0,"5":0,"6":0,"7":0,"8":0},"b":{"0":[0,0,0],"1":[0,0],"2":[0,0],"3":[0,0],"4":[0,0],"5":[0,0],"6":[0,0],"7":[0,0],"8":[0,0],"9":[0,0]},"_coverageSchema":"1a1c01bbd47fc00a2c39e90264f33305004495a9","hash":"b70f5ad70aceac40fe3785736398e19671b2471a"}
,"D:\\RoomRentalProject\\RoomRental-BE\\src\\utils\\authCookies.js": {"path":"D:\\RoomRentalProject\\RoomRental-BE\\src\\utils\\authCookies.js","statementMap":{"0":{"start":{"line":1,"column":33},"end":{"line":1,"column":86}},"1":{"start":{"line":2,"column":34},"end":{"line":2,"column":89}},"2":{"start":{"line":4,"column":33},"end":{"line":4,"column":38}},"3":{"start":{"line":5,"column":34},"end":{"line":5,"column":38}},"4":{"start":{"line":7,"column":26},"end":{"line":33,"column":1}},"5":{"start":{"line":8,"column":4},"end":{"line":10,"column":5}},"6":{"start":{"line":9,"column":8},"end":{"line":9,"column":21}},"7":{"start":{"line":12,"column":4},"end":{"line":14,"column":5}},"8":{"start":{"line":13,"column":8},"end":{"line":13,"column":26}},"9":{"start":{"line":16,"column":18},"end":{"line":16,"column":64}},"10":{"start":{"line":17,"column":4},"end":{"line":19,"column":5}},"11":{"start":{"line":18,"column":8},"end":{"line":18,"column":26}},"12":{"start":{"line":21,"column":19},"end":{"line":21,"column":35}},"13":{"start":{"line":22,"column":17},"end":{"line":22,"column":49}},"14":{"start":{"line":24,"column":24},"end":{"line":30,"column":5}},"15":{"start":{"line":32,"column":4},"end":{"line":32,"column":38}},"16":{"start":{"line":35,"column":26},"end":{"line":35,"column":95}},"17":{"start":{"line":35,"column":32},"end":{"line":35,"column":95}},"18":{"start":{"line":37,"column":27},"end":{"line":37,"column":98}},"19":{"start":{"line":37,"column":33},"end":{"line":37,"column":98}},"20":{"start":{"line":39,"column":29},"end":{"line":42,"column":1}},"21":{"start":{"line":39,"column":35},"end":{"line":42,"column":1}},"22":{"start":{"line":44,"column":30},"end":{"line":47,"column":1}},"23":{"start":{"line":44,"column":36},"end":{"line":47,"column":1}},"24":{"start":{"line":49,"column":29},"end":{"line":53,"column":2}},"25":{"start":{"line":49,"column":36},"end":{"line":53,"column":1}},"26":{"start":{"line":55,"column":26},"end":{"line":77,"column":1}},"27":{"start":{"line":56,"column":4},"end":{"line":76,"column":15}},"28":{"start":{"line":58,"column":23},"end":{"line":58,"column":34}},"29":{"start":{"line":61,"column":35},"end":{"line":61,"column":52}},"30":{"start":{"line":62,"column":12},"end":{"line":64,"column":13}},"31":{"start":{"line":63,"column":16},"end":{"line":63,"column":31}},"32":{"start":{"line":66,"column":25},"end":{"line":66,"column":54}},"33":{"start":{"line":67,"column":29},"end":{"line":67,"column":59}},"34":{"start":{"line":69,"column":12},"end":{"line":73,"column":13}},"35":{"start":{"line":70,"column":16},"end":{"line":70,"column":61}},"36":{"start":{"line":72,"column":16},"end":{"line":72,"column":41}},"37":{"start":{"line":75,"column":12},"end":{"line":75,"column":27}},"38":{"start":{"line":79,"column":23},"end":{"line":82,"column":1}},"39":{"start":{"line":80,"column":20},"end":{"line":80,"column":51}},"40":{"start":{"line":81,"column":4},"end":{"line":81,"column":25}},"41":{"start":{"line":84,"column":23},"end":{"line":90,"column":1}},"42":{"start":{"line":85,"column":23},"end":{"line":85,"column":48}},"43":{"start":{"line":86,"column":4},"end":{"line":88,"column":5}},"44":{"start":{"line":87,"column":8},"end":{"line":87,"column":20}},"45":{"start":{"line":89,"column":4},"end":{"line":89,"column":36}},"46":{"start":{"line":92,"column":34},"end":{"line":94,"column":1}},"47":{"start":{"line":93,"column":4},"end":{"line":93,"column":95}},"48":{"start":{"line":96,"column":35},"end":{"line":98,"column":1}},"49":{"start":{"line":97,"column":4},"end":{"line":97,"column":73}},"50":{"start":{"line":100,"column":23},"end":{"line":114,"column":1}},"51":{"start":{"line":101,"column":24},"end":{"line":101,"column":46}},"52":{"start":{"line":103,"column":4},"end":{"line":107,"column":7}},"53":{"start":{"line":109,"column":4},"end":{"line":113,"column":7}},"54":{"start":{"line":116,"column":25},"end":{"line":128,"column":1}},"55":{"start":{"line":117,"column":24},"end":{"line":117,"column":46}},"56":{"start":{"line":119,"column":4},"end":{"line":122,"column":7}},"57":{"start":{"line":124,"column":4},"end":{"line":127,"column":7}},"58":{"start":{"line":130,"column":0},"end":{"line":140,"column":2}}},"fnMap":{"0":{"name":"(anonymous_0)","decl":{"start":{"line":7,"column":26},"end":{"line":7,"column":27}},"loc":{"start":{"line":7,"column":49},"end":{"line":33,"column":1}},"line":7},"1":{"name":"(anonymous_1)","decl":{"start":{"line":35,"column":26},"end":{"line":35,"column":27}},"loc":{"start":{"line":35,"column":32},"end":{"line":35,"column":95}},"line":35},"2":{"name":"(anonymous_2)","decl":{"start":{"line":37,"column":27},"end":{"line":37,"column":28}},"loc":{"start":{"line":37,"column":33},"end":{"line":37,"column":98}},"line":37},"3":{"name":"(anonymous_3)","decl":{"start":{"line":39,"column":29},"end":{"line":39,"column":30}},"loc":{"start":{"line":39,"column":35},"end":{"line":42,"column":1}},"line":39},"4":{"name":"(anonymous_4)","decl":{"start":{"line":44,"column":30},"end":{"line":44,"column":31}},"loc":{"start":{"line":44,"column":36},"end":{"line":47,"column":1}},"line":44},"5":{"name":"(anonymous_5)","decl":{"start":{"line":49,"column":29},"end":{"line":49,"column":30}},"loc":{"start":{"line":49,"column":36},"end":{"line":53,"column":1}},"line":49},"6":{"name":"(anonymous_6)","decl":{"start":{"line":55,"column":26},"end":{"line":55,"column":27}},"loc":{"start":{"line":55,"column":49},"end":{"line":77,"column":1}},"line":55},"7":{"name":"(anonymous_7)","decl":{"start":{"line":58,"column":13},"end":{"line":58,"column":14}},"loc":{"start":{"line":58,"column":23},"end":{"line":58,"column":34}},"line":58},"8":{"name":"(anonymous_8)","decl":{"start":{"line":60,"column":16},"end":{"line":60,"column":17}},"loc":{"start":{"line":60,"column":35},"end":{"line":76,"column":9}},"line":60},"9":{"name":"(anonymous_9)","decl":{"start":{"line":79,"column":23},"end":{"line":79,"column":24}},"loc":{"start":{"line":79,"column":47},"end":{"line":82,"column":1}},"line":79},"10":{"name":"(anonymous_10)","decl":{"start":{"line":84,"column":23},"end":{"line":84,"column":24}},"loc":{"start":{"line":84,"column":32},"end":{"line":90,"column":1}},"line":84},"11":{"name":"(anonymous_11)","decl":{"start":{"line":92,"column":34},"end":{"line":92,"column":35}},"loc":{"start":{"line":92,"column":43},"end":{"line":94,"column":1}},"line":92},"12":{"name":"(anonymous_12)","decl":{"start":{"line":96,"column":35},"end":{"line":96,"column":36}},"loc":{"start":{"line":96,"column":44},"end":{"line":98,"column":1}},"line":96},"13":{"name":"(anonymous_13)","decl":{"start":{"line":100,"column":23},"end":{"line":100,"column":24}},"loc":{"start":{"line":100,"column":41},"end":{"line":114,"column":1}},"line":100},"14":{"name":"(anonymous_14)","decl":{"start":{"line":116,"column":25},"end":{"line":116,"column":26}},"loc":{"start":{"line":116,"column":34},"end":{"line":128,"column":1}},"line":116}},"branchMap":{"0":{"loc":{"start":{"line":1,"column":33},"end":{"line":1,"column":86}},"type":"binary-expr","locations":[{"start":{"line":1,"column":33},"end":{"line":1,"column":69}},{"start":{"line":1,"column":73},"end":{"line":1,"column":86}}],"line":1},"1":{"loc":{"start":{"line":2,"column":34},"end":{"line":2,"column":89}},"type":"binary-expr","locations":[{"start":{"line":2,"column":34},"end":{"line":2,"column":71}},{"start":{"line":2,"column":75},"end":{"line":2,"column":89}}],"line":2},"2":{"loc":{"start":{"line":8,"column":4},"end":{"line":10,"column":5}},"type":"if","locations":[{"start":{"line":8,"column":4},"end":{"line":10,"column":5}},{"start":{},"end":{}}],"line":8},"3":{"loc":{"start":{"line":12,"column":4},"end":{"line":14,"column":5}},"type":"if","locations":[{"start":{"line":12,"column":4},"end":{"line":14,"column":5}},{"start":{},"end":{}}],"line":12},"4":{"loc":{"start":{"line":12,"column":8},"end":{"line":12,"column":43}},"type":"binary-expr","locations":[{"start":{"line":12,"column":8},"end":{"line":12,"column":14}},{"start":{"line":12,"column":18},"end":{"line":12,"column":43}}],"line":12},"5":{"loc":{"start":{"line":17,"column":4},"end":{"line":19,"column":5}},"type":"if","locations":[{"start":{"line":17,"column":4},"end":{"line":19,"column":5}},{"start":{},"end":{}}],"line":17},"6":{"loc":{"start":{"line":22,"column":18},"end":{"line":22,"column":34}},"type":"binary-expr","locations":[{"start":{"line":22,"column":18},"end":{"line":22,"column":26}},{"start":{"line":22,"column":30},"end":{"line":22,"column":34}}],"line":22},"7":{"loc":{"start":{"line":35,"column":32},"end":{"line":35,"column":95}},"type":"binary-expr","locations":[{"start":{"line":35,"column":32},"end":{"line":35,"column":67}},{"start":{"line":35,"column":71},"end":{"line":35,"column":95}}],"line":35},"8":{"loc":{"start":{"line":37,"column":33},"end":{"line":37,"column":98}},"type":"binary-expr","locations":[{"start":{"line":37,"column":33},"end":{"line":37,"column":69}},{"start":{"line":37,"column":73},"end":{"line":37,"column":98}}],"line":37},"9":{"loc":{"start":{"line":52,"column":14},"end":{"line":52,"column":51}},"type":"binary-expr","locations":[{"start":{"line":52,"column":14},"end":{"line":52,"column":42}},{"start":{"line":52,"column":46},"end":{"line":52,"column":51}}],"line":52},"10":{"loc":{"start":{"line":55,"column":27},"end":{"line":55,"column":44}},"type":"default-arg","locations":[{"start":{"line":55,"column":42},"end":{"line":55,"column":44}}],"line":55},"11":{"loc":{"start":{"line":62,"column":12},"end":{"line":64,"column":13}},"type":"if","locations":[{"start":{"line":62,"column":12},"end":{"line":64,"column":13}},{"start":{},"end":{}}],"line":62},"12":{"loc":{"start":{"line":86,"column":4},"end":{"line":88,"column":5}},"type":"if","locations":[{"start":{"line":86,"column":4},"end":{"line":88,"column":5}},{"start":{},"end":{}}],"line":86},"13":{"loc":{"start":{"line":86,"column":8},"end":{"line":86,"column":56}},"type":"binary-expr","locations":[{"start":{"line":86,"column":8},"end":{"line":86,"column":19}},{"start":{"line":86,"column":23},"end":{"line":86,"column":56}}],"line":86},"14":{"loc":{"start":{"line":93,"column":11},"end":{"line":93,"column":94}},"type":"binary-expr","locations":[{"start":{"line":93,"column":11},"end":{"line":93,"column":30}},{"start":{"line":93,"column":34},"end":{"line":93,"column":94}}],"line":93}},"s":{"0":1,"1":1,"2":1,"3":1,"4":1,"5":14,"6":0,"7":14,"8":0,"9":14,"10":14,"11":0,"12":14,"13":14,"14":14,"15":14,"16":1,"17":14,"18":1,"19":7,"20":1,"21":7,"22":1,"23":7,"24":1,"25":7,"26":1,"27":0,"28":0,"29":0,"30":0,"31":0,"32":0,"33":0,"34":0,"35":0,"36":0,"37":0,"38":1,"39":0,"40":0,"41":1,"42":0,"43":0,"44":0,"45":0,"46":1,"47":0,"48":1,"49":0,"50":1,"51":7,"52":7,"53":7,"54":1,"55":0,"56":0,"57":0,"58":1},"f":{"0":14,"1":14,"2":7,"3":7,"4":7,"5":7,"6":0,"7":0,"8":0,"9":0,"10":0,"11":0,"12":0,"13":7,"14":0},"b":{"0":[1,1],"1":[1,1],"2":[0,14],"3":[0,14],"4":[14,14],"5":[0,14],"6":[14,0],"7":[14,14],"8":[7,7],"9":[7,7],"10":[0],"11":[0,0],"12":[0,0],"13":[0,0],"14":[0,0]},"_coverageSchema":"1a1c01bbd47fc00a2c39e90264f33305004495a9","hash":"0c9fedd050ecf90ae35210c8674fbdf4059aa5c7"}
,"D:\\RoomRentalProject\\RoomRental-BE\\src\\utils\\sendEmail.js": {"path":"D:\\RoomRentalProject\\RoomRental-BE\\src\\utils\\sendEmail.js","statementMap":{"0":{"start":{"line":1,"column":19},"end":{"line":1,"column":40}},"1":{"start":{"line":3,"column":18},"end":{"line":21,"column":1}},"2":{"start":{"line":4,"column":24},"end":{"line":11,"column":6}},"3":{"start":{"line":13,"column":24},"end":{"line":18,"column":5}},"4":{"start":{"line":20,"column":4},"end":{"line":20,"column":44}},"5":{"start":{"line":23,"column":0},"end":{"line":23,"column":27}}},"fnMap":{"0":{"name":"(anonymous_0)","decl":{"start":{"line":3,"column":18},"end":{"line":3,"column":19}},"loc":{"start":{"line":3,"column":37},"end":{"line":21,"column":1}},"line":3}},"branchMap":{},"s":{"0":1,"1":1,"2":0,"3":0,"4":0,"5":1},"f":{"0":0},"b":{},"_coverageSchema":"1a1c01bbd47fc00a2c39e90264f33305004495a9","hash":"b45173c611bfd2d2f5471c27a6fcc0ff4eeb50f8"}
}
