{"D:\\SoftwareTesting\\RoomRental-BE\\__tests__\\setup\\testHelper.js": {"path":"D:\\SoftwareTesting\\RoomRental-BE\\__tests__\\setup\\testHelper.js","statementMap":{"0":{"start":{"line":2,"column":15},"end":{"line":2,"column":32}},"1":{"start":{"line":3,"column":11},"end":{"line":3,"column":37}},"2":{"start":{"line":7,"column":8},"end":{"line":7,"column":28}},"3":{"start":{"line":12,"column":53},"end":{"line":12,"column":61}},"4":{"start":{"line":15,"column":27},"end":{"line":15,"column":29}},"5":{"start":{"line":16,"column":30},"end":{"line":16,"column":69}},"6":{"start":{"line":19,"column":27},"end":{"line":24,"column":9}},"7":{"start":{"line":26,"column":21},"end":{"line":26,"column":39}},"8":{"start":{"line":27,"column":8},"end":{"line":27,"column":37}},"9":{"start":{"line":30,"column":8},"end":{"line":53,"column":9}},"10":{"start":{"line":31,"column":12},"end":{"line":40,"column":14}},"11":{"start":{"line":41,"column":15},"end":{"line":53,"column":9}},"12":{"start":{"line":42,"column":12},"end":{"line":46,"column":14}},"13":{"start":{"line":47,"column":15},"end":{"line":53,"column":9}},"14":{"start":{"line":48,"column":12},"end":{"line":52,"column":14}},"15":{"start":{"line":55,"column":8},"end":{"line":55,"column":20}},"16":{"start":{"line":60,"column":8},"end":{"line":67,"column":9}},"17":{"start":{"line":61,"column":12},"end":{"line":66,"column":13}},"18":{"start":{"line":63,"column":16},"end":{"line":63,"column":83}},"19":{"start":{"line":65,"column":16},"end":{"line":65,"column":80}},"20":{"start":{"line":68,"column":8},"end":{"line":68,"column":28}},"21":{"start":{"line":74,"column":8},"end":{"line":82,"column":11}},"22":{"start":{"line":85,"column":8},"end":{"line":93,"column":11}},"23":{"start":{"line":96,"column":8},"end":{"line":103,"column":11}},"24":{"start":{"line":106,"column":8},"end":{"line":112,"column":11}},"25":{"start":{"line":114,"column":8},"end":{"line":114,"column":57}},"26":{"start":{"line":119,"column":8},"end":{"line":121,"column":9}},"27":{"start":{"line":120,"column":12},"end":{"line":120,"column":32}},"28":{"start":{"line":126,"column":0},"end":{"line":126,"column":28}}},"fnMap":{"0":{"name":"(anonymous_0)","decl":{"start":{"line":6,"column":4},"end":{"line":6,"column":5}},"loc":{"start":{"line":6,"column":18},"end":{"line":8,"column":5}},"line":6},"1":{"name":"(anonymous_1)","decl":{"start":{"line":11,"column":4},"end":{"line":11,"column":5}},"loc":{"start":{"line":11,"column":35},"end":{"line":56,"column":5}},"line":11},"2":{"name":"(anonymous_2)","decl":{"start":{"line":59,"column":4},"end":{"line":59,"column":5}},"loc":{"start":{"line":59,"column":29},"end":{"line":69,"column":5}},"line":59},"3":{"name":"(anonymous_3)","decl":{"start":{"line":72,"column":4},"end":{"line":72,"column":5}},"loc":{"start":{"line":72,"column":30},"end":{"line":115,"column":5}},"line":72},"4":{"name":"(anonymous_4)","decl":{"start":{"line":118,"column":4},"end":{"line":118,"column":5}},"loc":{"start":{"line":118,"column":28},"end":{"line":122,"column":5}},"line":118}},"branchMap":{"0":{"loc":{"start":{"line":30,"column":8},"end":{"line":53,"column":9}},"type":"if","locations":[{"start":{"line":30,"column":8},"end":{"line":53,"column":9}},{"start":{"line":41,"column":15},"end":{"line":53,"column":9}}],"line":30},"1":{"loc":{"start":{"line":36,"column":20},"end":{"line":36,"column":49}},"type":"binary-expr","locations":[{"start":{"line":36,"column":20},"end":{"line":36,"column":41}},{"start":{"line":36,"column":45},"end":{"line":36,"column":49}}],"line":36},"2":{"loc":{"start":{"line":37,"column":20},"end":{"line":37,"column":44}},"type":"binary-expr","locations":[{"start":{"line":37,"column":20},"end":{"line":37,"column":39}},{"start":{"line":37,"column":43},"end":{"line":37,"column":44}}],"line":37},"3":{"loc":{"start":{"line":38,"column":20},"end":{"line":38,"column":44}},"type":"binary-expr","locations":[{"start":{"line":38,"column":20},"end":{"line":38,"column":39}},{"start":{"line":38,"column":43},"end":{"line":38,"column":44}}],"line":38},"4":{"loc":{"start":{"line":41,"column":15},"end":{"line":53,"column":9}},"type":"if","locations":[{"start":{"line":41,"column":15},"end":{"line":53,"column":9}},{"start":{"line":47,"column":15},"end":{"line":53,"column":9}}],"line":41},"5":{"loc":{"start":{"line":45,"column":26},"end":{"line":45,"column":55}},"type":"binary-expr","locations":[{"start":{"line":45,"column":26},"end":{"line":45,"column":47}},{"start":{"line":45,"column":51},"end":{"line":45,"column":55}}],"line":45},"6":{"loc":{"start":{"line":45,"column":57},"end":{"line":45,"column":87}},"type":"binary-expr","locations":[{"start":{"line":45,"column":57},"end":{"line":45,"column":79}},{"start":{"line":45,"column":83},"end":{"line":45,"column":87}}],"line":45},"7":{"loc":{"start":{"line":45,"column":89},"end":{"line":45,"column":120}},"type":"binary-expr","locations":[{"start":{"line":45,"column":89},"end":{"line":45,"column":112}},{"start":{"line":45,"column":116},"end":{"line":45,"column":120}}],"line":45},"8":{"loc":{"start":{"line":47,"column":15},"end":{"line":53,"column":9}},"type":"if","locations":[{"start":{"line":47,"column":15},"end":{"line":53,"column":9}},{"start":{},"end":{}}],"line":47},"9":{"loc":{"start":{"line":51,"column":26},"end":{"line":51,"column":53}},"type":"binary-expr","locations":[{"start":{"line":51,"column":26},"end":{"line":51,"column":45}},{"start":{"line":51,"column":49},"end":{"line":51,"column":53}}],"line":51},"10":{"loc":{"start":{"line":51,"column":55},"end":{"line":51,"column":84}},"type":"binary-expr","locations":[{"start":{"line":51,"column":55},"end":{"line":51,"column":76}},{"start":{"line":51,"column":80},"end":{"line":51,"column":84}}],"line":51},"11":{"loc":{"start":{"line":119,"column":8},"end":{"line":121,"column":9}},"type":"if","locations":[{"start":{"line":119,"column":8},"end":{"line":121,"column":9}},{"start":{},"end":{}}],"line":119}},"s":{"0":6,"1":6,"2":6,"3":26,"4":26,"5":26,"6":26,"7":26,"8":26,"9":26,"10":14,"11":12,"12":6,"13":6,"14":6,"15":26,"16":6,"17":26,"18":26,"19":0,"20":6,"21":6,"22":6,"23":6,"24":6,"25":6,"26":6,"27":6,"28":6},"f":{"0":6,"1":26,"2":6,"3":6,"4":6},"b":{"0":[14,12],"1":[14,7],"2":[14,8],"3":[14,8],"4":[6,6],"5":[6,0],"6":[6,0],"7":[6,0],"8":[6,0],"9":[6,0],"10":[6,0],"11":[6,0]},"_coverageSchema":"1a1c01bbd47fc00a2c39e90264f33305004495a9","hash":"e24fd8436d820cc03ec2dcd283df6e70a56126d0"}
,"D:\\SoftwareTesting\\RoomRental-BE\\src\\app.js": {"path":"D:\\SoftwareTesting\\RoomRental-BE\\src\\app.js","statementMap":{"0":{"start":{"line":1,"column":0},"end":{"line":1,"column":27}},"1":{"start":{"line":2,"column":16},"end":{"line":2,"column":34}},"2":{"start":{"line":3,"column":13},"end":{"line":3,"column":28}},"3":{"start":{"line":5,"column":12},"end":{"line":5,"column":21}},"4":{"start":{"line":7,"column":0},"end":{"line":7,"column":16}},"5":{"start":{"line":8,"column":0},"end":{"line":8,"column":24}},"6":{"start":{"line":10,"column":0},"end":{"line":12,"column":3}},"7":{"start":{"line":11,"column":4},"end":{"line":11,"column":44}},"8":{"start":{"line":14,"column":19},"end":{"line":14,"column":43}},"9":{"start":{"line":15,"column":0},"end":{"line":15,"column":33}},"10":{"start":{"line":17,"column":20},"end":{"line":17,"column":45}},"11":{"start":{"line":18,"column":0},"end":{"line":18,"column":36}},"12":{"start":{"line":20,"column":22},"end":{"line":20,"column":49}},"13":{"start":{"line":21,"column":0},"end":{"line":21,"column":39}},"14":{"start":{"line":23,"column":25},"end":{"line":23,"column":55}},"15":{"start":{"line":24,"column":0},"end":{"line":24,"column":47}},"16":{"start":{"line":26,"column":23},"end":{"line":26,"column":51}},"17":{"start":{"line":27,"column":0},"end":{"line":27,"column":42}},"18":{"start":{"line":29,"column":23},"end":{"line":29,"column":51}},"19":{"start":{"line":30,"column":0},"end":{"line":30,"column":42}},"20":{"start":{"line":32,"column":0},"end":{"line":32,"column":21}}},"fnMap":{"0":{"name":"(anonymous_0)","decl":{"start":{"line":10,"column":13},"end":{"line":10,"column":14}},"loc":{"start":{"line":10,"column":27},"end":{"line":12,"column":1}},"line":10}},"branchMap":{},"s":{"0":7,"1":7,"2":7,"3":7,"4":7,"5":7,"6":7,"7":0,"8":7,"9":7,"10":7,"11":7,"12":7,"13":7,"14":7,"15":7,"16":7,"17":7,"18":7,"19":7,"20":7},"f":{"0":0},"b":{},"_coverageSchema":"1a1c01bbd47fc00a2c39e90264f33305004495a9","hash":"fb6661abf9140a73011d695dad3875f3e00e4441"}
,"D:\\SoftwareTesting\\RoomRental-BE\\src\\controllers\\adminController.js": {"path":"D:\\SoftwareTesting\\RoomRental-BE\\src\\controllers\\adminController.js","statementMap":{"0":{"start":{"line":2,"column":15},"end":{"line":2,"column":32}},"1":{"start":{"line":3,"column":11},"end":{"line":3,"column":33}},"2":{"start":{"line":4,"column":24},"end":{"line":4,"column":44}},"3":{"start":{"line":10,"column":8},"end":{"line":12,"column":9}},"4":{"start":{"line":11,"column":12},"end":{"line":11,"column":104}},"5":{"start":{"line":14,"column":73},"end":{"line":14,"column":81}},"6":{"start":{"line":16,"column":8},"end":{"line":18,"column":9}},"7":{"start":{"line":17,"column":12},"end":{"line":17,"column":95}},"8":{"start":{"line":20,"column":23},"end":{"line":20,"column":46}},"9":{"start":{"line":21,"column":8},"end":{"line":70,"column":9}},"10":{"start":{"line":22,"column":12},"end":{"line":22,"column":40}},"11":{"start":{"line":25,"column":33},"end":{"line":25,"column":62}},"12":{"start":{"line":26,"column":12},"end":{"line":29,"column":13}},"13":{"start":{"line":27,"column":16},"end":{"line":27,"column":47}},"14":{"start":{"line":28,"column":16},"end":{"line":28,"column":77}},"15":{"start":{"line":32,"column":31},"end":{"line":32,"column":33}},"16":{"start":{"line":33,"column":33},"end":{"line":33,"column":72}},"17":{"start":{"line":36,"column":28},"end":{"line":41,"column":14}},"18":{"start":{"line":44,"column":12},"end":{"line":48,"column":15}},"19":{"start":{"line":50,"column":12},"end":{"line":50,"column":41}},"20":{"start":{"line":53,"column":12},"end":{"line":63,"column":15}},"21":{"start":{"line":65,"column":12},"end":{"line":65,"column":43}},"22":{"start":{"line":66,"column":12},"end":{"line":66,"column":54}},"23":{"start":{"line":67,"column":12},"end":{"line":67,"column":67}},"24":{"start":{"line":69,"column":12},"end":{"line":69,"column":29}},"25":{"start":{"line":75,"column":8},"end":{"line":107,"column":9}},"26":{"start":{"line":77,"column":12},"end":{"line":79,"column":13}},"27":{"start":{"line":78,"column":16},"end":{"line":78,"column":109}},"28":{"start":{"line":81,"column":29},"end":{"line":81,"column":38}},"29":{"start":{"line":83,"column":24},"end":{"line":87,"column":13}},"30":{"start":{"line":88,"column":27},"end":{"line":88,"column":29}},"31":{"start":{"line":90,"column":12},"end":{"line":93,"column":13}},"32":{"start":{"line":91,"column":16},"end":{"line":91,"column":63}},"33":{"start":{"line":92,"column":16},"end":{"line":92,"column":34}},"34":{"start":{"line":95,"column":12},"end":{"line":95,"column":51}},"35":{"start":{"line":97,"column":27},"end":{"line":97,"column":56}},"36":{"start":{"line":99,"column":12},"end":{"line":103,"column":15}},"37":{"start":{"line":105,"column":12},"end":{"line":105,"column":55}},"38":{"start":{"line":106,"column":12},"end":{"line":106,"column":87}},"39":{"start":{"line":112,"column":8},"end":{"line":151,"column":9}},"40":{"start":{"line":114,"column":12},"end":{"line":116,"column":13}},"41":{"start":{"line":115,"column":16},"end":{"line":115,"column":107}},"42":{"start":{"line":118,"column":31},"end":{"line":118,"column":40}},"43":{"start":{"line":120,"column":24},"end":{"line":131,"column":13}},"44":{"start":{"line":132,"column":27},"end":{"line":132,"column":29}},"45":{"start":{"line":134,"column":12},"end":{"line":137,"column":13}},"46":{"start":{"line":135,"column":16},"end":{"line":135,"column":65}},"47":{"start":{"line":136,"column":16},"end":{"line":136,"column":36}},"48":{"start":{"line":139,"column":12},"end":{"line":139,"column":51}},"49":{"start":{"line":141,"column":27},"end":{"line":141,"column":56}},"50":{"start":{"line":143,"column":12},"end":{"line":147,"column":15}},"51":{"start":{"line":149,"column":12},"end":{"line":149,"column":59}},"52":{"start":{"line":150,"column":12},"end":{"line":150,"column":87}},"53":{"start":{"line":156,"column":8},"end":{"line":224,"column":9}},"54":{"start":{"line":158,"column":12},"end":{"line":160,"column":13}},"55":{"start":{"line":159,"column":16},"end":{"line":159,"column":114}},"56":{"start":{"line":162,"column":27},"end":{"line":162,"column":37}},"57":{"start":{"line":165,"column":31},"end":{"line":170,"column":13}},"58":{"start":{"line":172,"column":12},"end":{"line":174,"column":13}},"59":{"start":{"line":173,"column":16},"end":{"line":173,"column":85}},"60":{"start":{"line":176,"column":25},"end":{"line":176,"column":43}},"61":{"start":{"line":177,"column":30},"end":{"line":177,"column":34}},"62":{"start":{"line":180,"column":12},"end":{"line":212,"column":13}},"63":{"start":{"line":181,"column":36},"end":{"line":184,"column":17}},"64":{"start":{"line":185,"column":16},"end":{"line":187,"column":17}},"65":{"start":{"line":186,"column":20},"end":{"line":186,"column":54}},"66":{"start":{"line":188,"column":19},"end":{"line":212,"column":13}},"67":{"start":{"line":189,"column":39},"end":{"line":196,"column":17}},"68":{"start":{"line":197,"column":16},"end":{"line":199,"column":17}},"69":{"start":{"line":198,"column":20},"end":{"line":198,"column":57}},"70":{"start":{"line":200,"column":19},"end":{"line":212,"column":13}},"71":{"start":{"line":201,"column":37},"end":{"line":208,"column":17}},"72":{"start":{"line":209,"column":16},"end":{"line":211,"column":17}},"73":{"start":{"line":210,"column":20},"end":{"line":210,"column":55}},"74":{"start":{"line":214,"column":12},"end":{"line":220,"column":15}},"75":{"start":{"line":222,"column":12},"end":{"line":222,"column":57}},"76":{"start":{"line":223,"column":12},"end":{"line":223,"column":87}},"77":{"start":{"line":228,"column":0},"end":{"line":228,"column":39}}},"fnMap":{"0":{"name":"(anonymous_0)","decl":{"start":{"line":8,"column":4},"end":{"line":8,"column":5}},"loc":{"start":{"line":8,"column":32},"end":{"line":71,"column":5}},"line":8},"1":{"name":"(anonymous_1)","decl":{"start":{"line":74,"column":4},"end":{"line":74,"column":5}},"loc":{"start":{"line":74,"column":32},"end":{"line":108,"column":5}},"line":74},"2":{"name":"(anonymous_2)","decl":{"start":{"line":111,"column":4},"end":{"line":111,"column":5}},"loc":{"start":{"line":111,"column":36},"end":{"line":152,"column":5}},"line":111},"3":{"name":"(anonymous_3)","decl":{"start":{"line":155,"column":4},"end":{"line":155,"column":5}},"loc":{"start":{"line":155,"column":34},"end":{"line":225,"column":5}},"line":155}},"branchMap":{"0":{"loc":{"start":{"line":10,"column":8},"end":{"line":12,"column":9}},"type":"if","locations":[{"start":{"line":10,"column":8},"end":{"line":12,"column":9}},{"start":{},"end":{}}],"line":10},"1":{"loc":{"start":{"line":16,"column":8},"end":{"line":18,"column":9}},"type":"if","locations":[{"start":{"line":16,"column":8},"end":{"line":18,"column":9}},{"start":{},"end":{}}],"line":16},"2":{"loc":{"start":{"line":16,"column":12},"end":{"line":16,"column":45}},"type":"binary-expr","locations":[{"start":{"line":16,"column":12},"end":{"line":16,"column":18}},{"start":{"line":16,"column":22},"end":{"line":16,"column":31}},{"start":{"line":16,"column":35},"end":{"line":16,"column":45}}],"line":16},"3":{"loc":{"start":{"line":26,"column":12},"end":{"line":29,"column":13}},"type":"if","locations":[{"start":{"line":26,"column":12},"end":{"line":29,"column":13}},{"start":{},"end":{}}],"line":26},"4":{"loc":{"start":{"line":60,"column":32},"end":{"line":60,"column":50}},"type":"binary-expr","locations":[{"start":{"line":60,"column":32},"end":{"line":60,"column":42}},{"start":{"line":60,"column":46},"end":{"line":60,"column":50}}],"line":60},"5":{"loc":{"start":{"line":61,"column":34},"end":{"line":61,"column":54}},"type":"binary-expr","locations":[{"start":{"line":61,"column":34},"end":{"line":61,"column":46}},{"start":{"line":61,"column":50},"end":{"line":61,"column":54}}],"line":61},"6":{"loc":{"start":{"line":77,"column":12},"end":{"line":79,"column":13}},"type":"if","locations":[{"start":{"line":77,"column":12},"end":{"line":79,"column":13}},{"start":{},"end":{}}],"line":77},"7":{"loc":{"start":{"line":90,"column":12},"end":{"line":93,"column":13}},"type":"if","locations":[{"start":{"line":90,"column":12},"end":{"line":93,"column":13}},{"start":{},"end":{}}],"line":90},"8":{"loc":{"start":{"line":90,"column":16},"end":{"line":90,"column":70}},"type":"binary-expr","locations":[{"start":{"line":90,"column":16},"end":{"line":90,"column":20}},{"start":{"line":90,"column":24},"end":{"line":90,"column":70}}],"line":90},"9":{"loc":{"start":{"line":114,"column":12},"end":{"line":116,"column":13}},"type":"if","locations":[{"start":{"line":114,"column":12},"end":{"line":116,"column":13}},{"start":{},"end":{}}],"line":114},"10":{"loc":{"start":{"line":134,"column":12},"end":{"line":137,"column":13}},"type":"if","locations":[{"start":{"line":134,"column":12},"end":{"line":137,"column":13}},{"start":{},"end":{}}],"line":134},"11":{"loc":{"start":{"line":158,"column":12},"end":{"line":160,"column":13}},"type":"if","locations":[{"start":{"line":158,"column":12},"end":{"line":160,"column":13}},{"start":{},"end":{}}],"line":158},"12":{"loc":{"start":{"line":172,"column":12},"end":{"line":174,"column":13}},"type":"if","locations":[{"start":{"line":172,"column":12},"end":{"line":174,"column":13}},{"start":{},"end":{}}],"line":172},"13":{"loc":{"start":{"line":180,"column":12},"end":{"line":212,"column":13}},"type":"if","locations":[{"start":{"line":180,"column":12},"end":{"line":212,"column":13}},{"start":{"line":188,"column":19},"end":{"line":212,"column":13}}],"line":180},"14":{"loc":{"start":{"line":185,"column":16},"end":{"line":187,"column":17}},"type":"if","locations":[{"start":{"line":185,"column":16},"end":{"line":187,"column":17}},{"start":{},"end":{}}],"line":185},"15":{"loc":{"start":{"line":188,"column":19},"end":{"line":212,"column":13}},"type":"if","locations":[{"start":{"line":188,"column":19},"end":{"line":212,"column":13}},{"start":{"line":200,"column":19},"end":{"line":212,"column":13}}],"line":188},"16":{"loc":{"start":{"line":197,"column":16},"end":{"line":199,"column":17}},"type":"if","locations":[{"start":{"line":197,"column":16},"end":{"line":199,"column":17}},{"start":{},"end":{}}],"line":197},"17":{"loc":{"start":{"line":200,"column":19},"end":{"line":212,"column":13}},"type":"if","locations":[{"start":{"line":200,"column":19},"end":{"line":212,"column":13}},{"start":{},"end":{}}],"line":200},"18":{"loc":{"start":{"line":209,"column":16},"end":{"line":211,"column":17}},"type":"if","locations":[{"start":{"line":209,"column":16},"end":{"line":211,"column":17}},{"start":{},"end":{}}],"line":209}},"s":{"0":7,"1":7,"2":7,"3":12,"4":2,"5":10,"6":10,"7":3,"8":7,"9":7,"10":7,"11":7,"12":7,"13":1,"14":1,"15":6,"16":6,"17":6,"18":6,"19":6,"20":6,"21":0,"22":0,"23":0,"24":7,"25":14,"26":14,"27":2,"28":12,"29":12,"30":12,"31":12,"32":3,"33":3,"34":12,"35":12,"36":12,"37":0,"38":0,"39":15,"40":15,"41":2,"42":13,"43":13,"44":13,"45":13,"46":3,"47":3,"48":13,"49":13,"50":13,"51":0,"52":0,"53":6,"54":6,"55":2,"56":4,"57":4,"58":4,"59":1,"60":3,"61":3,"62":3,"63":0,"64":0,"65":0,"66":3,"67":0,"68":0,"69":0,"70":3,"71":3,"72":3,"73":3,"74":3,"75":0,"76":0,"77":7},"f":{"0":12,"1":14,"2":15,"3":6},"b":{"0":[2,10],"1":[3,7],"2":[10,9,8],"3":[1,6],"4":[6,4],"5":[6,3],"6":[2,12],"7":[3,9],"8":[12,3],"9":[2,13],"10":[3,10],"11":[2,4],"12":[1,3],"13":[0,3],"14":[0,0],"15":[0,3],"16":[0,0],"17":[3,0],"18":[3,0]},"_coverageSchema":"1a1c01bbd47fc00a2c39e90264f33305004495a9","hash":"7f4a7d7ee03ddfbbfaa1011439fffcc686f8be24"}
,"D:\\SoftwareTesting\\RoomRental-BE\\src\\controllers\\authController.js": {"path":"D:\\SoftwareTesting\\RoomRental-BE\\src\\controllers\\authController.js","statementMap":{"0":{"start":{"line":2,"column":15},"end":{"line":2,"column":32}},"1":{"start":{"line":3,"column":12},"end":{"line":3,"column":35}},"2":{"start":{"line":4,"column":15},"end":{"line":4,"column":32}},"3":{"start":{"line":5,"column":11},"end":{"line":5,"column":33}},"4":{"start":{"line":6,"column":18},"end":{"line":6,"column":47}},"5":{"start":{"line":7,"column":35},"end":{"line":7,"column":55}},"6":{"start":{"line":12,"column":8},"end":{"line":16,"column":10}},"7":{"start":{"line":21,"column":143},"end":{"line":21,"column":151}},"8":{"start":{"line":23,"column":8},"end":{"line":25,"column":9}},"9":{"start":{"line":24,"column":12},"end":{"line":24,"column":95}},"10":{"start":{"line":28,"column":8},"end":{"line":30,"column":9}},"11":{"start":{"line":29,"column":12},"end":{"line":29,"column":89}},"12":{"start":{"line":32,"column":23},"end":{"line":32,"column":46}},"13":{"start":{"line":33,"column":8},"end":{"line":82,"column":9}},"14":{"start":{"line":34,"column":12},"end":{"line":34,"column":40}},"15":{"start":{"line":37,"column":33},"end":{"line":37,"column":62}},"16":{"start":{"line":38,"column":12},"end":{"line":41,"column":13}},"17":{"start":{"line":39,"column":16},"end":{"line":39,"column":47}},"18":{"start":{"line":40,"column":16},"end":{"line":40,"column":77}},"19":{"start":{"line":44,"column":31},"end":{"line":44,"column":33}},"20":{"start":{"line":45,"column":33},"end":{"line":45,"column":72}},"21":{"start":{"line":48,"column":28},"end":{"line":53,"column":14}},"22":{"start":{"line":56,"column":12},"end":{"line":66,"column":15}},"23":{"start":{"line":68,"column":12},"end":{"line":68,"column":41}},"24":{"start":{"line":70,"column":26},"end":{"line":70,"column":53}},"25":{"start":{"line":71,"column":12},"end":{"line":75,"column":15}},"26":{"start":{"line":77,"column":12},"end":{"line":77,"column":43}},"27":{"start":{"line":78,"column":12},"end":{"line":78,"column":57}},"28":{"start":{"line":79,"column":12},"end":{"line":79,"column":67}},"29":{"start":{"line":81,"column":12},"end":{"line":81,"column":29}},"30":{"start":{"line":87,"column":110},"end":{"line":87,"column":118}},"31":{"start":{"line":89,"column":8},"end":{"line":91,"column":9}},"32":{"start":{"line":90,"column":12},"end":{"line":90,"column":95}},"33":{"start":{"line":94,"column":8},"end":{"line":96,"column":9}},"34":{"start":{"line":95,"column":12},"end":{"line":95,"column":89}},"35":{"start":{"line":98,"column":23},"end":{"line":98,"column":46}},"36":{"start":{"line":99,"column":8},"end":{"line":146,"column":9}},"37":{"start":{"line":100,"column":12},"end":{"line":100,"column":40}},"38":{"start":{"line":103,"column":33},"end":{"line":103,"column":62}},"39":{"start":{"line":104,"column":12},"end":{"line":107,"column":13}},"40":{"start":{"line":105,"column":16},"end":{"line":105,"column":47}},"41":{"start":{"line":106,"column":16},"end":{"line":106,"column":77}},"42":{"start":{"line":110,"column":31},"end":{"line":110,"column":33}},"43":{"start":{"line":111,"column":33},"end":{"line":111,"column":72}},"44":{"start":{"line":114,"column":28},"end":{"line":119,"column":14}},"45":{"start":{"line":122,"column":12},"end":{"line":130,"column":15}},"46":{"start":{"line":132,"column":12},"end":{"line":132,"column":41}},"47":{"start":{"line":134,"column":26},"end":{"line":134,"column":53}},"48":{"start":{"line":135,"column":12},"end":{"line":139,"column":15}},"49":{"start":{"line":141,"column":12},"end":{"line":141,"column":43}},"50":{"start":{"line":142,"column":12},"end":{"line":142,"column":59}},"51":{"start":{"line":143,"column":12},"end":{"line":143,"column":67}},"52":{"start":{"line":145,"column":12},"end":{"line":145,"column":29}},"53":{"start":{"line":151,"column":8},"end":{"line":187,"column":9}},"54":{"start":{"line":152,"column":40},"end":{"line":152,"column":48}},"55":{"start":{"line":154,"column":12},"end":{"line":156,"column":13}},"56":{"start":{"line":155,"column":16},"end":{"line":155,"column":90}},"57":{"start":{"line":159,"column":25},"end":{"line":159,"column":66}},"58":{"start":{"line":160,"column":12},"end":{"line":162,"column":13}},"59":{"start":{"line":161,"column":16},"end":{"line":161,"column":91}},"60":{"start":{"line":165,"column":12},"end":{"line":167,"column":13}},"61":{"start":{"line":166,"column":16},"end":{"line":166,"column":115}},"62":{"start":{"line":170,"column":28},"end":{"line":170,"column":78}},"63":{"start":{"line":171,"column":12},"end":{"line":173,"column":13}},"64":{"start":{"line":172,"column":16},"end":{"line":172,"column":91}},"65":{"start":{"line":176,"column":12},"end":{"line":176,"column":38}},"66":{"start":{"line":177,"column":26},"end":{"line":177,"column":50}},"67":{"start":{"line":179,"column":12},"end":{"line":183,"column":15}},"68":{"start":{"line":185,"column":12},"end":{"line":185,"column":63}},"69":{"start":{"line":186,"column":12},"end":{"line":186,"column":67}},"70":{"start":{"line":192,"column":8},"end":{"line":230,"column":9}},"71":{"start":{"line":193,"column":30},"end":{"line":193,"column":38}},"72":{"start":{"line":196,"column":25},"end":{"line":196,"column":66}},"73":{"start":{"line":198,"column":12},"end":{"line":201,"column":13}},"74":{"start":{"line":200,"column":16},"end":{"line":200,"column":115}},"75":{"start":{"line":203,"column":31},"end":{"line":203,"column":69}},"76":{"start":{"line":204,"column":35},"end":{"line":204,"column":95}},"77":{"start":{"line":207,"column":41},"end":{"line":207,"column":78}},"78":{"start":{"line":210,"column":12},"end":{"line":210,"column":90}},"79":{"start":{"line":213,"column":12},"end":{"line":225,"column":13}},"80":{"start":{"line":214,"column":16},"end":{"line":218,"column":19}},"81":{"start":{"line":219,"column":16},"end":{"line":219,"column":92}},"82":{"start":{"line":221,"column":16},"end":{"line":221,"column":56}},"83":{"start":{"line":223,"column":16},"end":{"line":223,"column":60}},"84":{"start":{"line":224,"column":16},"end":{"line":224,"column":99}},"85":{"start":{"line":228,"column":12},"end":{"line":228,"column":57}},"86":{"start":{"line":229,"column":12},"end":{"line":229,"column":67}},"87":{"start":{"line":235,"column":8},"end":{"line":265,"column":9}},"88":{"start":{"line":236,"column":30},"end":{"line":236,"column":40}},"89":{"start":{"line":237,"column":33},"end":{"line":237,"column":41}},"90":{"start":{"line":239,"column":12},"end":{"line":241,"column":13}},"91":{"start":{"line":240,"column":16},"end":{"line":240,"column":81}},"92":{"start":{"line":243,"column":32},"end":{"line":243,"column":87}},"93":{"start":{"line":246,"column":25},"end":{"line":246,"column":65}},"94":{"start":{"line":248,"column":12},"end":{"line":250,"column":13}},"95":{"start":{"line":249,"column":16},"end":{"line":249,"column":96}},"96":{"start":{"line":253,"column":31},"end":{"line":253,"column":33}},"97":{"start":{"line":254,"column":33},"end":{"line":254,"column":72}},"98":{"start":{"line":257,"column":12},"end":{"line":257,"column":61}},"99":{"start":{"line":258,"column":12},"end":{"line":258,"column":56}},"100":{"start":{"line":260,"column":12},"end":{"line":260,"column":74}},"101":{"start":{"line":263,"column":12},"end":{"line":263,"column":56}},"102":{"start":{"line":264,"column":12},"end":{"line":264,"column":67}},"103":{"start":{"line":269,"column":0},"end":{"line":269,"column":38}}},"fnMap":{"0":{"name":"(anonymous_0)","decl":{"start":{"line":11,"column":4},"end":{"line":11,"column":5}},"loc":{"start":{"line":11,"column":24},"end":{"line":17,"column":5}},"line":11},"1":{"name":"(anonymous_1)","decl":{"start":{"line":20,"column":4},"end":{"line":20,"column":5}},"loc":{"start":{"line":20,"column":35},"end":{"line":83,"column":5}},"line":20},"2":{"name":"(anonymous_2)","decl":{"start":{"line":86,"column":4},"end":{"line":86,"column":5}},"loc":{"start":{"line":86,"column":37},"end":{"line":147,"column":5}},"line":86},"3":{"name":"(anonymous_3)","decl":{"start":{"line":150,"column":4},"end":{"line":150,"column":5}},"loc":{"start":{"line":150,"column":40},"end":{"line":188,"column":5}},"line":150},"4":{"name":"(anonymous_4)","decl":{"start":{"line":191,"column":4},"end":{"line":191,"column":5}},"loc":{"start":{"line":191,"column":35},"end":{"line":231,"column":5}},"line":191},"5":{"name":"(anonymous_5)","decl":{"start":{"line":234,"column":4},"end":{"line":234,"column":5}},"loc":{"start":{"line":234,"column":34},"end":{"line":266,"column":5}},"line":234}},"branchMap":{"0":{"loc":{"start":{"line":15,"column":25},"end":{"line":15,"column":59}},"type":"binary-expr","locations":[{"start":{"line":15,"column":25},"end":{"line":15,"column":51}},{"start":{"line":15,"column":55},"end":{"line":15,"column":59}}],"line":15},"1":{"loc":{"start":{"line":23,"column":8},"end":{"line":25,"column":9}},"type":"if","locations":[{"start":{"line":23,"column":8},"end":{"line":25,"column":9}},{"start":{},"end":{}}],"line":23},"2":{"loc":{"start":{"line":23,"column":12},"end":{"line":23,"column":45}},"type":"binary-expr","locations":[{"start":{"line":23,"column":12},"end":{"line":23,"column":18}},{"start":{"line":23,"column":22},"end":{"line":23,"column":31}},{"start":{"line":23,"column":35},"end":{"line":23,"column":45}}],"line":23},"3":{"loc":{"start":{"line":28,"column":8},"end":{"line":30,"column":9}},"type":"if","locations":[{"start":{"line":28,"column":8},"end":{"line":30,"column":9}},{"start":{},"end":{}}],"line":28},"4":{"loc":{"start":{"line":38,"column":12},"end":{"line":41,"column":13}},"type":"if","locations":[{"start":{"line":38,"column":12},"end":{"line":41,"column":13}},{"start":{},"end":{}}],"line":38},"5":{"loc":{"start":{"line":89,"column":8},"end":{"line":91,"column":9}},"type":"if","locations":[{"start":{"line":89,"column":8},"end":{"line":91,"column":9}},{"start":{},"end":{}}],"line":89},"6":{"loc":{"start":{"line":89,"column":12},"end":{"line":89,"column":45}},"type":"binary-expr","locations":[{"start":{"line":89,"column":12},"end":{"line":89,"column":18}},{"start":{"line":89,"column":22},"end":{"line":89,"column":31}},{"start":{"line":89,"column":35},"end":{"line":89,"column":45}}],"line":89},"7":{"loc":{"start":{"line":94,"column":8},"end":{"line":96,"column":9}},"type":"if","locations":[{"start":{"line":94,"column":8},"end":{"line":96,"column":9}},{"start":{},"end":{}}],"line":94},"8":{"loc":{"start":{"line":104,"column":12},"end":{"line":107,"column":13}},"type":"if","locations":[{"start":{"line":104,"column":12},"end":{"line":107,"column":13}},{"start":{},"end":{}}],"line":104},"9":{"loc":{"start":{"line":154,"column":12},"end":{"line":156,"column":13}},"type":"if","locations":[{"start":{"line":154,"column":12},"end":{"line":156,"column":13}},{"start":{},"end":{}}],"line":154},"10":{"loc":{"start":{"line":154,"column":16},"end":{"line":154,"column":35}},"type":"binary-expr","locations":[{"start":{"line":154,"column":16},"end":{"line":154,"column":22}},{"start":{"line":154,"column":26},"end":{"line":154,"column":35}}],"line":154},"11":{"loc":{"start":{"line":160,"column":12},"end":{"line":162,"column":13}},"type":"if","locations":[{"start":{"line":160,"column":12},"end":{"line":162,"column":13}},{"start":{},"end":{}}],"line":160},"12":{"loc":{"start":{"line":165,"column":12},"end":{"line":167,"column":13}},"type":"if","locations":[{"start":{"line":165,"column":12},"end":{"line":167,"column":13}},{"start":{},"end":{}}],"line":165},"13":{"loc":{"start":{"line":171,"column":12},"end":{"line":173,"column":13}},"type":"if","locations":[{"start":{"line":171,"column":12},"end":{"line":173,"column":13}},{"start":{},"end":{}}],"line":171},"14":{"loc":{"start":{"line":198,"column":12},"end":{"line":201,"column":13}},"type":"if","locations":[{"start":{"line":198,"column":12},"end":{"line":201,"column":13}},{"start":{},"end":{}}],"line":198},"15":{"loc":{"start":{"line":239,"column":12},"end":{"line":241,"column":13}},"type":"if","locations":[{"start":{"line":239,"column":12},"end":{"line":241,"column":13}},{"start":{},"end":{}}],"line":239},"16":{"loc":{"start":{"line":248,"column":12},"end":{"line":250,"column":13}},"type":"if","locations":[{"start":{"line":248,"column":12},"end":{"line":250,"column":13}},{"start":{},"end":{}}],"line":248}},"s":{"0":7,"1":7,"2":7,"3":7,"4":7,"5":7,"6":24,"7":5,"8":5,"9":2,"10":3,"11":1,"12":2,"13":2,"14":2,"15":2,"16":2,"17":1,"18":1,"19":1,"20":1,"21":1,"22":1,"23":1,"24":1,"25":1,"26":0,"27":0,"28":0,"29":2,"30":2,"31":2,"32":0,"33":2,"34":0,"35":2,"36":2,"37":2,"38":2,"39":2,"40":1,"41":1,"42":1,"43":1,"44":1,"45":1,"46":1,"47":1,"48":1,"49":0,"50":0,"51":0,"52":2,"53":36,"54":36,"55":36,"56":4,"57":32,"58":32,"59":4,"60":28,"61":4,"62":24,"63":24,"64":2,"65":22,"66":22,"67":22,"68":0,"69":0,"70":0,"71":0,"72":0,"73":0,"74":0,"75":0,"76":0,"77":0,"78":0,"79":0,"80":0,"81":0,"82":0,"83":0,"84":0,"85":0,"86":0,"87":0,"88":0,"89":0,"90":0,"91":0,"92":0,"93":0,"94":0,"95":0,"96":0,"97":0,"98":0,"99":0,"100":0,"101":0,"102":0,"103":7},"f":{"0":24,"1":5,"2":2,"3":36,"4":0,"5":0},"b":{"0":[24,0],"1":[2,3],"2":[5,4,3],"3":[1,2],"4":[1,1],"5":[0,2],"6":[2,2,2],"7":[0,2],"8":[1,1],"9":[4,32],"10":[36,34],"11":[4,28],"12":[4,24],"13":[2,22],"14":[0,0],"15":[0,0],"16":[0,0]},"_coverageSchema":"1a1c01bbd47fc00a2c39e90264f33305004495a9","hash":"8a7a4bfb6e83a83abde9cbc4d2bdf1eafe3522ac"}
,"D:\\SoftwareTesting\\RoomRental-BE\\src\\controllers\\contractController.js": {"path":"D:\\SoftwareTesting\\RoomRental-BE\\src\\controllers\\contractController.js","statementMap":{"0":{"start":{"line":1,"column":51},"end":{"line":1,"column":71}},"1":{"start":{"line":6,"column":8},"end":{"line":77,"column":9}},"2":{"start":{"line":8,"column":12},"end":{"line":10,"column":13}},"3":{"start":{"line":9,"column":16},"end":{"line":9,"column":98}},"4":{"start":{"line":14,"column":16},"end":{"line":14,"column":24}},"5":{"start":{"line":17,"column":12},"end":{"line":21,"column":13}},"6":{"start":{"line":18,"column":16},"end":{"line":20,"column":19}},"7":{"start":{"line":24,"column":23},"end":{"line":24,"column":43}},"8":{"start":{"line":25,"column":23},"end":{"line":25,"column":41}},"9":{"start":{"line":26,"column":12},"end":{"line":28,"column":13}},"10":{"start":{"line":27,"column":16},"end":{"line":27,"column":78}},"11":{"start":{"line":29,"column":27},"end":{"line":29,"column":34}},"12":{"start":{"line":30,"column":26},"end":{"line":30,"column":50}},"13":{"start":{"line":31,"column":12},"end":{"line":33,"column":13}},"14":{"start":{"line":32,"column":16},"end":{"line":32,"column":96}},"15":{"start":{"line":34,"column":12},"end":{"line":36,"column":13}},"16":{"start":{"line":35,"column":16},"end":{"line":35,"column":99}},"17":{"start":{"line":39,"column":25},"end":{"line":39,"column":59}},"18":{"start":{"line":40,"column":12},"end":{"line":42,"column":13}},"19":{"start":{"line":41,"column":16},"end":{"line":41,"column":83}},"20":{"start":{"line":44,"column":12},"end":{"line":46,"column":13}},"21":{"start":{"line":45,"column":16},"end":{"line":45,"column":111}},"22":{"start":{"line":49,"column":37},"end":{"line":49,"column":93}},"23":{"start":{"line":50,"column":12},"end":{"line":52,"column":13}},"24":{"start":{"line":51,"column":16},"end":{"line":51,"column":97}},"25":{"start":{"line":54,"column":33},"end":{"line":63,"column":13}},"26":{"start":{"line":65,"column":32},"end":{"line":65,"column":67}},"27":{"start":{"line":68,"column":12},"end":{"line":68,"column":70}},"28":{"start":{"line":70,"column":12},"end":{"line":73,"column":15}},"29":{"start":{"line":75,"column":12},"end":{"line":75,"column":57}},"30":{"start":{"line":76,"column":12},"end":{"line":76,"column":87}},"31":{"start":{"line":82,"column":8},"end":{"line":106,"column":9}},"32":{"start":{"line":83,"column":27},"end":{"line":83,"column":37}},"33":{"start":{"line":84,"column":29},"end":{"line":84,"column":56}},"34":{"start":{"line":86,"column":12},"end":{"line":88,"column":13}},"35":{"start":{"line":87,"column":16},"end":{"line":87,"column":84}},"36":{"start":{"line":91,"column":12},"end":{"line":93,"column":13}},"37":{"start":{"line":92,"column":16},"end":{"line":92,"column":96}},"38":{"start":{"line":95,"column":12},"end":{"line":97,"column":13}},"39":{"start":{"line":96,"column":16},"end":{"line":96,"column":96}},"40":{"start":{"line":99,"column":12},"end":{"line":102,"column":15}},"41":{"start":{"line":104,"column":12},"end":{"line":104,"column":60}},"42":{"start":{"line":105,"column":12},"end":{"line":105,"column":87}},"43":{"start":{"line":111,"column":8},"end":{"line":129,"column":9}},"44":{"start":{"line":112,"column":40},"end":{"line":112,"column":49}},"45":{"start":{"line":114,"column":28},"end":{"line":117,"column":13}},"46":{"start":{"line":119,"column":30},"end":{"line":119,"column":71}},"47":{"start":{"line":121,"column":12},"end":{"line":125,"column":15}},"48":{"start":{"line":127,"column":12},"end":{"line":127,"column":59}},"49":{"start":{"line":128,"column":12},"end":{"line":128,"column":87}},"50":{"start":{"line":134,"column":8},"end":{"line":150,"column":9}},"51":{"start":{"line":135,"column":12},"end":{"line":137,"column":13}},"52":{"start":{"line":136,"column":16},"end":{"line":136,"column":106}},"53":{"start":{"line":139,"column":31},"end":{"line":139,"column":40}},"54":{"start":{"line":140,"column":30},"end":{"line":140,"column":78}},"55":{"start":{"line":142,"column":12},"end":{"line":146,"column":15}},"56":{"start":{"line":148,"column":12},"end":{"line":148,"column":58}},"57":{"start":{"line":149,"column":12},"end":{"line":149,"column":87}},"58":{"start":{"line":155,"column":8},"end":{"line":171,"column":9}},"59":{"start":{"line":156,"column":12},"end":{"line":158,"column":13}},"60":{"start":{"line":157,"column":16},"end":{"line":157,"column":108}},"61":{"start":{"line":160,"column":31},"end":{"line":160,"column":40}},"62":{"start":{"line":161,"column":30},"end":{"line":161,"column":80}},"63":{"start":{"line":163,"column":12},"end":{"line":167,"column":15}},"64":{"start":{"line":169,"column":12},"end":{"line":169,"column":64}},"65":{"start":{"line":170,"column":12},"end":{"line":170,"column":87}},"66":{"start":{"line":176,"column":8},"end":{"line":235,"column":9}},"67":{"start":{"line":177,"column":27},"end":{"line":177,"column":37}},"68":{"start":{"line":178,"column":29},"end":{"line":178,"column":56}},"69":{"start":{"line":180,"column":12},"end":{"line":182,"column":13}},"70":{"start":{"line":181,"column":16},"end":{"line":181,"column":84}},"71":{"start":{"line":185,"column":12},"end":{"line":187,"column":13}},"72":{"start":{"line":186,"column":16},"end":{"line":186,"column":98}},"73":{"start":{"line":189,"column":12},"end":{"line":191,"column":13}},"74":{"start":{"line":190,"column":16},"end":{"line":190,"column":98}},"75":{"start":{"line":193,"column":97},"end":{"line":193,"column":105}},"76":{"start":{"line":195,"column":28},"end":{"line":195,"column":30}},"77":{"start":{"line":196,"column":12},"end":{"line":196,"column":74}},"78":{"start":{"line":196,"column":42},"end":{"line":196,"column":74}},"79":{"start":{"line":197,"column":12},"end":{"line":197,"column":68}},"80":{"start":{"line":197,"column":40},"end":{"line":197,"column":68}},"81":{"start":{"line":200,"column":12},"end":{"line":214,"column":13}},"82":{"start":{"line":201,"column":33},"end":{"line":201,"column":112}},"83":{"start":{"line":202,"column":31},"end":{"line":202,"column":104}},"84":{"start":{"line":203,"column":16},"end":{"line":205,"column":17}},"85":{"start":{"line":204,"column":20},"end":{"line":204,"column":82}},"86":{"start":{"line":206,"column":29},"end":{"line":206,"column":46}},"87":{"start":{"line":207,"column":31},"end":{"line":207,"column":55}},"88":{"start":{"line":208,"column":16},"end":{"line":210,"column":17}},"89":{"start":{"line":209,"column":20},"end":{"line":209,"column":100}},"90":{"start":{"line":211,"column":16},"end":{"line":213,"column":17}},"91":{"start":{"line":212,"column":20},"end":{"line":212,"column":103}},"92":{"start":{"line":215,"column":12},"end":{"line":215,"column":80}},"93":{"start":{"line":215,"column":44},"end":{"line":215,"column":80}},"94":{"start":{"line":216,"column":12},"end":{"line":216,"column":86}},"95":{"start":{"line":216,"column":46},"end":{"line":216,"column":86}},"96":{"start":{"line":217,"column":12},"end":{"line":217,"column":80}},"97":{"start":{"line":217,"column":44},"end":{"line":217,"column":80}},"98":{"start":{"line":218,"column":12},"end":{"line":224,"column":13}},"99":{"start":{"line":220,"column":16},"end":{"line":222,"column":17}},"100":{"start":{"line":221,"column":20},"end":{"line":221,"column":108}},"101":{"start":{"line":223,"column":16},"end":{"line":223,"column":40}},"102":{"start":{"line":226,"column":36},"end":{"line":226,"column":70}},"103":{"start":{"line":228,"column":12},"end":{"line":231,"column":15}},"104":{"start":{"line":233,"column":12},"end":{"line":233,"column":57}},"105":{"start":{"line":234,"column":12},"end":{"line":234,"column":87}},"106":{"start":{"line":240,"column":8},"end":{"line":274,"column":9}},"107":{"start":{"line":241,"column":27},"end":{"line":241,"column":37}},"108":{"start":{"line":242,"column":29},"end":{"line":242,"column":56}},"109":{"start":{"line":244,"column":12},"end":{"line":246,"column":13}},"110":{"start":{"line":245,"column":16},"end":{"line":245,"column":84}},"111":{"start":{"line":251,"column":12},"end":{"line":253,"column":13}},"112":{"start":{"line":252,"column":16},"end":{"line":252,"column":92}},"113":{"start":{"line":255,"column":12},"end":{"line":257,"column":13}},"114":{"start":{"line":256,"column":16},"end":{"line":256,"column":92}},"115":{"start":{"line":259,"column":12},"end":{"line":261,"column":13}},"116":{"start":{"line":260,"column":16},"end":{"line":260,"column":88}},"117":{"start":{"line":263,"column":12},"end":{"line":263,"column":38}},"118":{"start":{"line":266,"column":12},"end":{"line":266,"column":78}},"119":{"start":{"line":268,"column":12},"end":{"line":270,"column":15}},"120":{"start":{"line":272,"column":12},"end":{"line":272,"column":57}},"121":{"start":{"line":273,"column":12},"end":{"line":273,"column":87}},"122":{"start":{"line":279,"column":8},"end":{"line":311,"column":9}},"123":{"start":{"line":280,"column":27},"end":{"line":280,"column":37}},"124":{"start":{"line":281,"column":29},"end":{"line":281,"column":56}},"125":{"start":{"line":283,"column":12},"end":{"line":285,"column":13}},"126":{"start":{"line":284,"column":16},"end":{"line":284,"column":84}},"127":{"start":{"line":287,"column":12},"end":{"line":289,"column":13}},"128":{"start":{"line":288,"column":16},"end":{"line":288,"column":115}},"129":{"start":{"line":291,"column":12},"end":{"line":293,"column":13}},"130":{"start":{"line":292,"column":16},"end":{"line":292,"column":96}},"131":{"start":{"line":295,"column":12},"end":{"line":297,"column":13}},"132":{"start":{"line":296,"column":16},"end":{"line":296,"column":86}},"133":{"start":{"line":299,"column":36},"end":{"line":299,"column":81}},"134":{"start":{"line":302,"column":12},"end":{"line":302,"column":78}},"135":{"start":{"line":304,"column":12},"end":{"line":307,"column":15}},"136":{"start":{"line":309,"column":12},"end":{"line":309,"column":60}},"137":{"start":{"line":310,"column":12},"end":{"line":310,"column":87}},"138":{"start":{"line":315,"column":0},"end":{"line":315,"column":42}}},"fnMap":{"0":{"name":"(anonymous_0)","decl":{"start":{"line":5,"column":4},"end":{"line":5,"column":5}},"loc":{"start":{"line":5,"column":35},"end":{"line":78,"column":5}},"line":5},"1":{"name":"(anonymous_1)","decl":{"start":{"line":81,"column":4},"end":{"line":81,"column":5}},"loc":{"start":{"line":81,"column":36},"end":{"line":107,"column":5}},"line":81},"2":{"name":"(anonymous_2)","decl":{"start":{"line":110,"column":4},"end":{"line":110,"column":5}},"loc":{"start":{"line":110,"column":36},"end":{"line":130,"column":5}},"line":110},"3":{"name":"(anonymous_3)","decl":{"start":{"line":133,"column":4},"end":{"line":133,"column":5}},"loc":{"start":{"line":133,"column":35},"end":{"line":151,"column":5}},"line":133},"4":{"name":"(anonymous_4)","decl":{"start":{"line":154,"column":4},"end":{"line":154,"column":5}},"loc":{"start":{"line":154,"column":41},"end":{"line":172,"column":5}},"line":154},"5":{"name":"(anonymous_5)","decl":{"start":{"line":175,"column":4},"end":{"line":175,"column":5}},"loc":{"start":{"line":175,"column":35},"end":{"line":236,"column":5}},"line":175},"6":{"name":"(anonymous_6)","decl":{"start":{"line":239,"column":4},"end":{"line":239,"column":5}},"loc":{"start":{"line":239,"column":35},"end":{"line":275,"column":5}},"line":239},"7":{"name":"(anonymous_7)","decl":{"start":{"line":278,"column":4},"end":{"line":278,"column":5}},"loc":{"start":{"line":278,"column":38},"end":{"line":312,"column":5}},"line":278}},"branchMap":{"0":{"loc":{"start":{"line":8,"column":12},"end":{"line":10,"column":13}},"type":"if","locations":[{"start":{"line":8,"column":12},"end":{"line":10,"column":13}},{"start":{},"end":{}}],"line":8},"1":{"loc":{"start":{"line":17,"column":12},"end":{"line":21,"column":13}},"type":"if","locations":[{"start":{"line":17,"column":12},"end":{"line":21,"column":13}},{"start":{},"end":{}}],"line":17},"2":{"loc":{"start":{"line":17,"column":16},"end":{"line":17,"column":52}},"type":"binary-expr","locations":[{"start":{"line":17,"column":16},"end":{"line":17,"column":24}},{"start":{"line":17,"column":28},"end":{"line":17,"column":39}},{"start":{"line":17,"column":43},"end":{"line":17,"column":52}}],"line":17},"3":{"loc":{"start":{"line":26,"column":12},"end":{"line":28,"column":13}},"type":"if","locations":[{"start":{"line":26,"column":12},"end":{"line":28,"column":13}},{"start":{},"end":{}}],"line":26},"4":{"loc":{"start":{"line":26,"column":16},"end":{"line":26,"column":58}},"type":"binary-expr","locations":[{"start":{"line":26,"column":16},"end":{"line":26,"column":35}},{"start":{"line":26,"column":39},"end":{"line":26,"column":58}}],"line":26},"5":{"loc":{"start":{"line":31,"column":12},"end":{"line":33,"column":13}},"type":"if","locations":[{"start":{"line":31,"column":12},"end":{"line":33,"column":13}},{"start":{},"end":{}}],"line":31},"6":{"loc":{"start":{"line":34,"column":12},"end":{"line":36,"column":13}},"type":"if","locations":[{"start":{"line":34,"column":12},"end":{"line":36,"column":13}},{"start":{},"end":{}}],"line":34},"7":{"loc":{"start":{"line":40,"column":12},"end":{"line":42,"column":13}},"type":"if","locations":[{"start":{"line":40,"column":12},"end":{"line":42,"column":13}},{"start":{},"end":{}}],"line":40},"8":{"loc":{"start":{"line":44,"column":12},"end":{"line":46,"column":13}},"type":"if","locations":[{"start":{"line":44,"column":12},"end":{"line":46,"column":13}},{"start":{},"end":{}}],"line":44},"9":{"loc":{"start":{"line":50,"column":12},"end":{"line":52,"column":13}},"type":"if","locations":[{"start":{"line":50,"column":12},"end":{"line":52,"column":13}},{"start":{},"end":{}}],"line":50},"10":{"loc":{"start":{"line":59,"column":26},"end":{"line":59,"column":42}},"type":"binary-expr","locations":[{"start":{"line":59,"column":26},"end":{"line":59,"column":34}},{"start":{"line":59,"column":38},"end":{"line":59,"column":42}}],"line":59},"11":{"loc":{"start":{"line":60,"column":30},"end":{"line":60,"column":56}},"type":"binary-expr","locations":[{"start":{"line":60,"column":30},"end":{"line":60,"column":42}},{"start":{"line":60,"column":46},"end":{"line":60,"column":56}}],"line":60},"12":{"loc":{"start":{"line":61,"column":32},"end":{"line":61,"column":51}},"type":"binary-expr","locations":[{"start":{"line":61,"column":32},"end":{"line":61,"column":46}},{"start":{"line":61,"column":50},"end":{"line":61,"column":51}}],"line":61},"13":{"loc":{"start":{"line":62,"column":30},"end":{"line":62,"column":50}},"type":"binary-expr","locations":[{"start":{"line":62,"column":30},"end":{"line":62,"column":42}},{"start":{"line":62,"column":46},"end":{"line":62,"column":50}}],"line":62},"14":{"loc":{"start":{"line":86,"column":12},"end":{"line":88,"column":13}},"type":"if","locations":[{"start":{"line":86,"column":12},"end":{"line":88,"column":13}},{"start":{},"end":{}}],"line":86},"15":{"loc":{"start":{"line":91,"column":12},"end":{"line":93,"column":13}},"type":"if","locations":[{"start":{"line":91,"column":12},"end":{"line":93,"column":13}},{"start":{},"end":{}}],"line":91},"16":{"loc":{"start":{"line":91,"column":16},"end":{"line":91,"column":80}},"type":"binary-expr","locations":[{"start":{"line":91,"column":16},"end":{"line":91,"column":42}},{"start":{"line":91,"column":46},"end":{"line":91,"column":80}}],"line":91},"17":{"loc":{"start":{"line":95,"column":12},"end":{"line":97,"column":13}},"type":"if","locations":[{"start":{"line":95,"column":12},"end":{"line":97,"column":13}},{"start":{},"end":{}}],"line":95},"18":{"loc":{"start":{"line":95,"column":16},"end":{"line":95,"column":84}},"type":"binary-expr","locations":[{"start":{"line":95,"column":16},"end":{"line":95,"column":44}},{"start":{"line":95,"column":48},"end":{"line":95,"column":84}}],"line":95},"19":{"loc":{"start":{"line":135,"column":12},"end":{"line":137,"column":13}},"type":"if","locations":[{"start":{"line":135,"column":12},"end":{"line":137,"column":13}},{"start":{},"end":{}}],"line":135},"20":{"loc":{"start":{"line":156,"column":12},"end":{"line":158,"column":13}},"type":"if","locations":[{"start":{"line":156,"column":12},"end":{"line":158,"column":13}},{"start":{},"end":{}}],"line":156},"21":{"loc":{"start":{"line":180,"column":12},"end":{"line":182,"column":13}},"type":"if","locations":[{"start":{"line":180,"column":12},"end":{"line":182,"column":13}},{"start":{},"end":{}}],"line":180},"22":{"loc":{"start":{"line":185,"column":12},"end":{"line":187,"column":13}},"type":"if","locations":[{"start":{"line":185,"column":12},"end":{"line":187,"column":13}},{"start":{},"end":{}}],"line":185},"23":{"loc":{"start":{"line":185,"column":16},"end":{"line":185,"column":84}},"type":"binary-expr","locations":[{"start":{"line":185,"column":16},"end":{"line":185,"column":44}},{"start":{"line":185,"column":48},"end":{"line":185,"column":84}}],"line":185},"24":{"loc":{"start":{"line":189,"column":12},"end":{"line":191,"column":13}},"type":"if","locations":[{"start":{"line":189,"column":12},"end":{"line":191,"column":13}},{"start":{},"end":{}}],"line":189},"25":{"loc":{"start":{"line":189,"column":16},"end":{"line":189,"column":80}},"type":"binary-expr","locations":[{"start":{"line":189,"column":16},"end":{"line":189,"column":42}},{"start":{"line":189,"column":46},"end":{"line":189,"column":80}}],"line":189},"26":{"loc":{"start":{"line":196,"column":12},"end":{"line":196,"column":74}},"type":"if","locations":[{"start":{"line":196,"column":12},"end":{"line":196,"column":74}},{"start":{},"end":{}}],"line":196},"27":{"loc":{"start":{"line":197,"column":12},"end":{"line":197,"column":68}},"type":"if","locations":[{"start":{"line":197,"column":12},"end":{"line":197,"column":68}},{"start":{},"end":{}}],"line":197},"28":{"loc":{"start":{"line":200,"column":12},"end":{"line":214,"column":13}},"type":"if","locations":[{"start":{"line":200,"column":12},"end":{"line":214,"column":13}},{"start":{},"end":{}}],"line":200},"29":{"loc":{"start":{"line":200,"column":16},"end":{"line":200,"column":66}},"type":"binary-expr","locations":[{"start":{"line":200,"column":16},"end":{"line":200,"column":40}},{"start":{"line":200,"column":44},"end":{"line":200,"column":66}}],"line":200},"30":{"loc":{"start":{"line":201,"column":33},"end":{"line":201,"column":112}},"type":"cond-expr","locations":[{"start":{"line":201,"column":60},"end":{"line":201,"column":80}},{"start":{"line":201,"column":83},"end":{"line":201,"column":112}}],"line":201},"31":{"loc":{"start":{"line":202,"column":31},"end":{"line":202,"column":104}},"type":"cond-expr","locations":[{"start":{"line":202,"column":56},"end":{"line":202,"column":74}},{"start":{"line":202,"column":77},"end":{"line":202,"column":104}}],"line":202},"32":{"loc":{"start":{"line":203,"column":16},"end":{"line":205,"column":17}},"type":"if","locations":[{"start":{"line":203,"column":16},"end":{"line":205,"column":17}},{"start":{},"end":{}}],"line":203},"33":{"loc":{"start":{"line":203,"column":20},"end":{"line":203,"column":72}},"type":"binary-expr","locations":[{"start":{"line":203,"column":20},"end":{"line":203,"column":45}},{"start":{"line":203,"column":49},"end":{"line":203,"column":72}}],"line":203},"34":{"loc":{"start":{"line":208,"column":16},"end":{"line":210,"column":17}},"type":"if","locations":[{"start":{"line":208,"column":16},"end":{"line":210,"column":17}},{"start":{},"end":{}}],"line":208},"35":{"loc":{"start":{"line":211,"column":16},"end":{"line":213,"column":17}},"type":"if","locations":[{"start":{"line":211,"column":16},"end":{"line":213,"column":17}},{"start":{},"end":{}}],"line":211},"36":{"loc":{"start":{"line":215,"column":12},"end":{"line":215,"column":80}},"type":"if","locations":[{"start":{"line":215,"column":12},"end":{"line":215,"column":80}},{"start":{},"end":{}}],"line":215},"37":{"loc":{"start":{"line":216,"column":12},"end":{"line":216,"column":86}},"type":"if","locations":[{"start":{"line":216,"column":12},"end":{"line":216,"column":86}},{"start":{},"end":{}}],"line":216},"38":{"loc":{"start":{"line":217,"column":12},"end":{"line":217,"column":80}},"type":"if","locations":[{"start":{"line":217,"column":12},"end":{"line":217,"column":80}},{"start":{},"end":{}}],"line":217},"39":{"loc":{"start":{"line":218,"column":12},"end":{"line":224,"column":13}},"type":"if","locations":[{"start":{"line":218,"column":12},"end":{"line":224,"column":13}},{"start":{},"end":{}}],"line":218},"40":{"loc":{"start":{"line":220,"column":16},"end":{"line":222,"column":17}},"type":"if","locations":[{"start":{"line":220,"column":16},"end":{"line":222,"column":17}},{"start":{},"end":{}}],"line":220},"41":{"loc":{"start":{"line":220,"column":20},"end":{"line":220,"column":77}},"type":"binary-expr","locations":[{"start":{"line":220,"column":20},"end":{"line":220,"column":45}},{"start":{"line":220,"column":49},"end":{"line":220,"column":77}}],"line":220},"42":{"loc":{"start":{"line":244,"column":12},"end":{"line":246,"column":13}},"type":"if","locations":[{"start":{"line":244,"column":12},"end":{"line":246,"column":13}},{"start":{},"end":{}}],"line":244},"43":{"loc":{"start":{"line":251,"column":12},"end":{"line":253,"column":13}},"type":"if","locations":[{"start":{"line":251,"column":12},"end":{"line":253,"column":13}},{"start":{},"end":{}}],"line":251},"44":{"loc":{"start":{"line":251,"column":16},"end":{"line":251,"column":80}},"type":"binary-expr","locations":[{"start":{"line":251,"column":16},"end":{"line":251,"column":42}},{"start":{"line":251,"column":46},"end":{"line":251,"column":80}}],"line":251},"45":{"loc":{"start":{"line":255,"column":12},"end":{"line":257,"column":13}},"type":"if","locations":[{"start":{"line":255,"column":12},"end":{"line":257,"column":13}},{"start":{},"end":{}}],"line":255},"46":{"loc":{"start":{"line":255,"column":16},"end":{"line":255,"column":84}},"type":"binary-expr","locations":[{"start":{"line":255,"column":16},"end":{"line":255,"column":44}},{"start":{"line":255,"column":48},"end":{"line":255,"column":84}}],"line":255},"47":{"loc":{"start":{"line":259,"column":12},"end":{"line":261,"column":13}},"type":"if","locations":[{"start":{"line":259,"column":12},"end":{"line":261,"column":13}},{"start":{},"end":{}}],"line":259},"48":{"loc":{"start":{"line":259,"column":16},"end":{"line":259,"column":103}},"type":"binary-expr","locations":[{"start":{"line":259,"column":16},"end":{"line":259,"column":42}},{"start":{"line":259,"column":46},"end":{"line":259,"column":74}},{"start":{"line":259,"column":78},"end":{"line":259,"column":103}}],"line":259},"49":{"loc":{"start":{"line":283,"column":12},"end":{"line":285,"column":13}},"type":"if","locations":[{"start":{"line":283,"column":12},"end":{"line":285,"column":13}},{"start":{},"end":{}}],"line":283},"50":{"loc":{"start":{"line":287,"column":12},"end":{"line":289,"column":13}},"type":"if","locations":[{"start":{"line":287,"column":12},"end":{"line":289,"column":13}},{"start":{},"end":{}}],"line":287},"51":{"loc":{"start":{"line":287,"column":16},"end":{"line":287,"column":73}},"type":"binary-expr","locations":[{"start":{"line":287,"column":16},"end":{"line":287,"column":44}},{"start":{"line":287,"column":48},"end":{"line":287,"column":73}}],"line":287},"52":{"loc":{"start":{"line":291,"column":12},"end":{"line":293,"column":13}},"type":"if","locations":[{"start":{"line":291,"column":12},"end":{"line":293,"column":13}},{"start":{},"end":{}}],"line":291},"53":{"loc":{"start":{"line":291,"column":16},"end":{"line":291,"column":84}},"type":"binary-expr","locations":[{"start":{"line":291,"column":16},"end":{"line":291,"column":44}},{"start":{"line":291,"column":48},"end":{"line":291,"column":84}}],"line":291},"54":{"loc":{"start":{"line":295,"column":12},"end":{"line":297,"column":13}},"type":"if","locations":[{"start":{"line":295,"column":12},"end":{"line":297,"column":13}},{"start":{},"end":{}}],"line":295}},"s":{"0":7,"1":13,"2":13,"3":1,"4":12,"5":12,"6":2,"7":10,"8":10,"9":10,"10":0,"11":10,"12":10,"13":10,"14":2,"15":8,"16":1,"17":7,"18":7,"19":1,"20":6,"21":0,"22":6,"23":6,"24":1,"25":5,"26":5,"27":5,"28":5,"29":0,"30":0,"31":7,"32":7,"33":7,"34":7,"35":1,"36":6,"37":1,"38":5,"39":0,"40":5,"41":0,"42":0,"43":10,"44":10,"45":10,"46":10,"47":10,"48":0,"49":0,"50":2,"51":2,"52":1,"53":1,"54":1,"55":1,"56":0,"57":0,"58":2,"59":2,"60":1,"61":1,"62":1,"63":1,"64":0,"65":0,"66":6,"67":6,"68":6,"69":6,"70":1,"71":5,"72":0,"73":5,"74":2,"75":3,"76":3,"77":3,"78":1,"79":3,"80":1,"81":3,"82":1,"83":1,"84":1,"85":0,"86":1,"87":1,"88":1,"89":1,"90":0,"91":0,"92":2,"93":2,"94":2,"95":1,"96":2,"97":0,"98":2,"99":0,"100":0,"101":0,"102":2,"103":2,"104":0,"105":0,"106":4,"107":4,"108":4,"109":4,"110":1,"111":3,"112":1,"113":2,"114":0,"115":2,"116":0,"117":2,"118":2,"119":2,"120":0,"121":0,"122":4,"123":4,"124":4,"125":4,"126":0,"127":4,"128":1,"129":3,"130":0,"131":3,"132":1,"133":2,"134":2,"135":2,"136":0,"137":0,"138":7},"f":{"0":13,"1":7,"2":10,"3":2,"4":2,"5":6,"6":4,"7":4},"b":{"0":[1,12],"1":[2,10],"2":[12,11,10],"3":[0,10],"4":[10,10],"5":[2,8],"6":[1,7],"7":[1,6],"8":[0,6],"9":[1,5],"10":[5,0],"11":[5,4],"12":[5,4],"13":[5,5],"14":[1,6],"15":[1,5],"16":[6,4],"17":[0,5],"18":[5,1],"19":[1,1],"20":[1,1],"21":[1,5],"22":[0,5],"23":[5,1],"24":[2,3],"25":[5,4],"26":[1,2],"27":[1,2],"28":[1,2],"29":[3,2],"30":[1,0],"31":[1,0],"32":[0,1],"33":[1,1],"34":[1,0],"35":[0,0],"36":[2,0],"37":[1,1],"38":[0,2],"39":[0,2],"40":[0,0],"41":[0,0],"42":[1,3],"43":[1,2],"44":[3,2],"45":[0,2],"46":[2,1],"47":[0,2],"48":[2,1,0],"49":[0,4],"50":[1,3],"51":[4,2],"52":[0,3],"53":[3,2],"54":[1,2]},"_coverageSchema":"1a1c01bbd47fc00a2c39e90264f33305004495a9","hash":"10d9717ffe63bce8fba61d81d6c324b354e79690"}
,"D:\\SoftwareTesting\\RoomRental-BE\\src\\controllers\\locationController.js": {"path":"D:\\SoftwareTesting\\RoomRental-BE\\src\\controllers\\locationController.js","statementMap":{"0":{"start":{"line":2,"column":27},"end":{"line":2,"column":47}},"1":{"start":{"line":7,"column":8},"end":{"line":16,"column":9}},"2":{"start":{"line":8,"column":30},"end":{"line":8,"column":54}},"3":{"start":{"line":9,"column":12},"end":{"line":12,"column":15}},"4":{"start":{"line":14,"column":12},"end":{"line":14,"column":55}},"5":{"start":{"line":15,"column":12},"end":{"line":15,"column":67}},"6":{"start":{"line":21,"column":8},"end":{"line":40,"column":9}},"7":{"start":{"line":22,"column":38},"end":{"line":22,"column":47}},"8":{"start":{"line":25,"column":12},"end":{"line":31,"column":13}},"9":{"start":{"line":27,"column":16},"end":{"line":27,"column":67}},"10":{"start":{"line":30,"column":16},"end":{"line":30,"column":45}},"11":{"start":{"line":33,"column":12},"end":{"line":36,"column":15}},"12":{"start":{"line":38,"column":12},"end":{"line":38,"column":51}},"13":{"start":{"line":39,"column":12},"end":{"line":39,"column":67}},"14":{"start":{"line":45,"column":8},"end":{"line":60,"column":9}},"15":{"start":{"line":46,"column":32},"end":{"line":46,"column":41}},"16":{"start":{"line":48,"column":12},"end":{"line":50,"column":13}},"17":{"start":{"line":49,"column":16},"end":{"line":49,"column":85}},"18":{"start":{"line":52,"column":30},"end":{"line":52,"column":60}},"19":{"start":{"line":53,"column":12},"end":{"line":56,"column":15}},"20":{"start":{"line":58,"column":12},"end":{"line":58,"column":58}},"21":{"start":{"line":59,"column":12},"end":{"line":59,"column":67}},"22":{"start":{"line":65,"column":8},"end":{"line":84,"column":9}},"23":{"start":{"line":66,"column":47},"end":{"line":66,"column":56}},"24":{"start":{"line":68,"column":12},"end":{"line":70,"column":13}},"25":{"start":{"line":69,"column":16},"end":{"line":69,"column":85}},"26":{"start":{"line":72,"column":12},"end":{"line":74,"column":13}},"27":{"start":{"line":73,"column":16},"end":{"line":73,"column":91}},"28":{"start":{"line":76,"column":26},"end":{"line":76,"column":67}},"29":{"start":{"line":77,"column":12},"end":{"line":80,"column":15}},"30":{"start":{"line":82,"column":12},"end":{"line":82,"column":54}},"31":{"start":{"line":83,"column":12},"end":{"line":83,"column":67}},"32":{"start":{"line":88,"column":0},"end":{"line":88,"column":42}}},"fnMap":{"0":{"name":"(anonymous_0)","decl":{"start":{"line":6,"column":4},"end":{"line":6,"column":5}},"loc":{"start":{"line":6,"column":33},"end":{"line":17,"column":5}},"line":6},"1":{"name":"(anonymous_1)","decl":{"start":{"line":20,"column":4},"end":{"line":20,"column":5}},"loc":{"start":{"line":20,"column":29},"end":{"line":41,"column":5}},"line":20},"2":{"name":"(anonymous_2)","decl":{"start":{"line":44,"column":4},"end":{"line":44,"column":5}},"loc":{"start":{"line":44,"column":36},"end":{"line":61,"column":5}},"line":44},"3":{"name":"(anonymous_3)","decl":{"start":{"line":64,"column":4},"end":{"line":64,"column":5}},"loc":{"start":{"line":64,"column":32},"end":{"line":85,"column":5}},"line":64}},"branchMap":{"0":{"loc":{"start":{"line":25,"column":12},"end":{"line":31,"column":13}},"type":"if","locations":[{"start":{"line":25,"column":12},"end":{"line":31,"column":13}},{"start":{"line":28,"column":19},"end":{"line":31,"column":13}}],"line":25},"1":{"loc":{"start":{"line":48,"column":12},"end":{"line":50,"column":13}},"type":"if","locations":[{"start":{"line":48,"column":12},"end":{"line":50,"column":13}},{"start":{},"end":{}}],"line":48},"2":{"loc":{"start":{"line":48,"column":16},"end":{"line":48,"column":49}},"type":"binary-expr","locations":[{"start":{"line":48,"column":16},"end":{"line":48,"column":24}},{"start":{"line":48,"column":28},"end":{"line":48,"column":49}}],"line":48},"3":{"loc":{"start":{"line":68,"column":12},"end":{"line":70,"column":13}},"type":"if","locations":[{"start":{"line":68,"column":12},"end":{"line":70,"column":13}},{"start":{},"end":{}}],"line":68},"4":{"loc":{"start":{"line":68,"column":16},"end":{"line":68,"column":49}},"type":"binary-expr","locations":[{"start":{"line":68,"column":16},"end":{"line":68,"column":24}},{"start":{"line":68,"column":28},"end":{"line":68,"column":49}}],"line":68},"5":{"loc":{"start":{"line":72,"column":12},"end":{"line":74,"column":13}},"type":"if","locations":[{"start":{"line":72,"column":12},"end":{"line":74,"column":13}},{"start":{},"end":{}}],"line":72}},"s":{"0":7,"1":6,"2":6,"3":6,"4":0,"5":0,"6":7,"7":7,"8":7,"9":5,"10":2,"11":7,"12":0,"13":0,"14":12,"15":12,"16":12,"17":3,"18":9,"19":9,"20":0,"21":0,"22":6,"23":6,"24":6,"25":2,"26":4,"27":1,"28":3,"29":3,"30":0,"31":0,"32":7},"f":{"0":6,"1":7,"2":12,"3":6},"b":{"0":[5,2],"1":[3,9],"2":[12,10],"3":[2,4],"4":[6,4],"5":[1,3]},"_coverageSchema":"1a1c01bbd47fc00a2c39e90264f33305004495a9","hash":"fdc10e66a2f63f4b526786ed501bff66acfd1780"}
,"D:\\SoftwareTesting\\RoomRental-BE\\src\\controllers\\profileController.js": {"path":"D:\\SoftwareTesting\\RoomRental-BE\\src\\controllers\\profileController.js","statementMap":{"0":{"start":{"line":2,"column":42},"end":{"line":2,"column":62}},"1":{"start":{"line":7,"column":8},"end":{"line":68,"column":9}},"2":{"start":{"line":8,"column":27},"end":{"line":8,"column":38}},"3":{"start":{"line":9,"column":25},"end":{"line":9,"column":38}},"4":{"start":{"line":12,"column":25},"end":{"line":12,"column":52}},"5":{"start":{"line":13,"column":12},"end":{"line":15,"column":13}},"6":{"start":{"line":14,"column":16},"end":{"line":14,"column":86}},"7":{"start":{"line":17,"column":26},"end":{"line":25,"column":13}},"8":{"start":{"line":28,"column":12},"end":{"line":59,"column":13}},"9":{"start":{"line":29,"column":34},"end":{"line":29,"column":66}},"10":{"start":{"line":30,"column":16},"end":{"line":33,"column":17}},"11":{"start":{"line":31,"column":20},"end":{"line":31,"column":62}},"12":{"start":{"line":32,"column":20},"end":{"line":32,"column":66}},"13":{"start":{"line":34,"column":19},"end":{"line":59,"column":13}},"14":{"start":{"line":35,"column":35},"end":{"line":35,"column":77}},"15":{"start":{"line":36,"column":16},"end":{"line":47,"column":17}},"16":{"start":{"line":37,"column":20},"end":{"line":37,"column":67}},"17":{"start":{"line":38,"column":20},"end":{"line":38,"column":83}},"18":{"start":{"line":39,"column":20},"end":{"line":39,"column":83}},"19":{"start":{"line":40,"column":20},"end":{"line":40,"column":75}},"20":{"start":{"line":41,"column":20},"end":{"line":41,"column":75}},"21":{"start":{"line":42,"column":20},"end":{"line":42,"column":63}},"22":{"start":{"line":43,"column":20},"end":{"line":43,"column":63}},"23":{"start":{"line":44,"column":20},"end":{"line":44,"column":55}},"24":{"start":{"line":45,"column":20},"end":{"line":45,"column":49}},"25":{"start":{"line":46,"column":20},"end":{"line":46,"column":49}},"26":{"start":{"line":48,"column":19},"end":{"line":59,"column":13}},"27":{"start":{"line":49,"column":37},"end":{"line":49,"column":72}},"28":{"start":{"line":50,"column":16},"end":{"line":58,"column":17}},"29":{"start":{"line":51,"column":20},"end":{"line":51,"column":69}},"30":{"start":{"line":52,"column":20},"end":{"line":52,"column":71}},"31":{"start":{"line":53,"column":20},"end":{"line":53,"column":73}},"32":{"start":{"line":54,"column":20},"end":{"line":54,"column":77}},"33":{"start":{"line":55,"column":20},"end":{"line":55,"column":57}},"34":{"start":{"line":56,"column":20},"end":{"line":56,"column":51}},"35":{"start":{"line":57,"column":20},"end":{"line":57,"column":51}},"36":{"start":{"line":61,"column":12},"end":{"line":64,"column":15}},"37":{"start":{"line":66,"column":12},"end":{"line":66,"column":53}},"38":{"start":{"line":67,"column":12},"end":{"line":67,"column":67}},"39":{"start":{"line":73,"column":8},"end":{"line":213,"column":9}},"40":{"start":{"line":74,"column":27},"end":{"line":74,"column":38}},"41":{"start":{"line":75,"column":25},"end":{"line":75,"column":38}},"42":{"start":{"line":76,"column":173},"end":{"line":76,"column":181}},"43":{"start":{"line":79,"column":12},"end":{"line":84,"column":13}},"44":{"start":{"line":80,"column":29},"end":{"line":80,"column":56}},"45":{"start":{"line":81,"column":16},"end":{"line":83,"column":17}},"46":{"start":{"line":82,"column":20},"end":{"line":82,"column":78}},"47":{"start":{"line":85,"column":12},"end":{"line":90,"column":13}},"48":{"start":{"line":86,"column":30},"end":{"line":86,"column":60}},"49":{"start":{"line":87,"column":16},"end":{"line":89,"column":17}},"50":{"start":{"line":88,"column":20},"end":{"line":88,"column":78}},"51":{"start":{"line":91,"column":12},"end":{"line":96,"column":13}},"52":{"start":{"line":92,"column":28},"end":{"line":92,"column":50}},"53":{"start":{"line":93,"column":16},"end":{"line":95,"column":17}},"54":{"start":{"line":94,"column":20},"end":{"line":94,"column":78}},"55":{"start":{"line":97,"column":12},"end":{"line":102,"column":13}},"56":{"start":{"line":98,"column":28},"end":{"line":98,"column":50}},"57":{"start":{"line":99,"column":16},"end":{"line":101,"column":17}},"58":{"start":{"line":100,"column":20},"end":{"line":100,"column":78}},"59":{"start":{"line":103,"column":12},"end":{"line":109,"column":13}},"60":{"start":{"line":104,"column":28},"end":{"line":104,"column":50}},"61":{"start":{"line":105,"column":28},"end":{"line":105,"column":50}},"62":{"start":{"line":106,"column":16},"end":{"line":108,"column":17}},"63":{"start":{"line":107,"column":20},"end":{"line":107,"column":78}},"64":{"start":{"line":110,"column":12},"end":{"line":112,"column":13}},"65":{"start":{"line":111,"column":16},"end":{"line":111,"column":74}},"66":{"start":{"line":113,"column":12},"end":{"line":118,"column":13}},"67":{"start":{"line":114,"column":29},"end":{"line":114,"column":42}},"68":{"start":{"line":115,"column":16},"end":{"line":117,"column":17}},"69":{"start":{"line":116,"column":20},"end":{"line":116,"column":78}},"70":{"start":{"line":121,"column":12},"end":{"line":123,"column":13}},"71":{"start":{"line":122,"column":16},"end":{"line":122,"column":57}},"72":{"start":{"line":126,"column":12},"end":{"line":160,"column":13}},"73":{"start":{"line":127,"column":37},"end":{"line":127,"column":39}},"74":{"start":{"line":128,"column":16},"end":{"line":128,"column":83}},"75":{"start":{"line":128,"column":46},"end":{"line":128,"column":83}},"76":{"start":{"line":129,"column":16},"end":{"line":129,"column":89}},"77":{"start":{"line":129,"column":48},"end":{"line":129,"column":89}},"78":{"start":{"line":131,"column":16},"end":{"line":133,"column":17}},"79":{"start":{"line":132,"column":20},"end":{"line":132,"column":61}},"80":{"start":{"line":134,"column":19},"end":{"line":160,"column":13}},"81":{"start":{"line":135,"column":38},"end":{"line":135,"column":40}},"82":{"start":{"line":136,"column":16},"end":{"line":136,"column":90}},"83":{"start":{"line":136,"column":48},"end":{"line":136,"column":90}},"84":{"start":{"line":137,"column":16},"end":{"line":137,"column":114}},"85":{"start":{"line":137,"column":56},"end":{"line":137,"column":114}},"86":{"start":{"line":138,"column":16},"end":{"line":138,"column":102}},"87":{"start":{"line":138,"column":52},"end":{"line":138,"column":102}},"88":{"start":{"line":139,"column":16},"end":{"line":139,"column":84}},"89":{"start":{"line":139,"column":46},"end":{"line":139,"column":84}},"90":{"start":{"line":140,"column":16},"end":{"line":140,"column":84}},"91":{"start":{"line":140,"column":46},"end":{"line":140,"column":84}},"92":{"start":{"line":141,"column":16},"end":{"line":141,"column":72}},"93":{"start":{"line":141,"column":42},"end":{"line":141,"column":72}},"94":{"start":{"line":142,"column":16},"end":{"line":142,"column":63}},"95":{"start":{"line":142,"column":39},"end":{"line":142,"column":63}},"96":{"start":{"line":143,"column":16},"end":{"line":143,"column":63}},"97":{"start":{"line":143,"column":39},"end":{"line":143,"column":63}},"98":{"start":{"line":145,"column":16},"end":{"line":147,"column":17}},"99":{"start":{"line":146,"column":20},"end":{"line":146,"column":63}},"100":{"start":{"line":148,"column":19},"end":{"line":160,"column":13}},"101":{"start":{"line":149,"column":40},"end":{"line":149,"column":42}},"102":{"start":{"line":150,"column":16},"end":{"line":150,"column":92}},"103":{"start":{"line":150,"column":48},"end":{"line":150,"column":92}},"104":{"start":{"line":151,"column":16},"end":{"line":151,"column":95}},"105":{"start":{"line":151,"column":49},"end":{"line":151,"column":95}},"106":{"start":{"line":152,"column":16},"end":{"line":152,"column":98}},"107":{"start":{"line":152,"column":50},"end":{"line":152,"column":98}},"108":{"start":{"line":153,"column":16},"end":{"line":153,"column":74}},"109":{"start":{"line":153,"column":42},"end":{"line":153,"column":74}},"110":{"start":{"line":154,"column":16},"end":{"line":154,"column":65}},"111":{"start":{"line":154,"column":39},"end":{"line":154,"column":65}},"112":{"start":{"line":155,"column":16},"end":{"line":155,"column":65}},"113":{"start":{"line":155,"column":39},"end":{"line":155,"column":65}},"114":{"start":{"line":157,"column":16},"end":{"line":159,"column":17}},"115":{"start":{"line":158,"column":20},"end":{"line":158,"column":67}},"116":{"start":{"line":163,"column":25},"end":{"line":163,"column":52}},"117":{"start":{"line":164,"column":26},"end":{"line":171,"column":13}},"118":{"start":{"line":173,"column":12},"end":{"line":204,"column":13}},"119":{"start":{"line":174,"column":34},"end":{"line":174,"column":66}},"120":{"start":{"line":175,"column":16},"end":{"line":178,"column":17}},"121":{"start":{"line":176,"column":20},"end":{"line":176,"column":62}},"122":{"start":{"line":177,"column":20},"end":{"line":177,"column":66}},"123":{"start":{"line":179,"column":19},"end":{"line":204,"column":13}},"124":{"start":{"line":180,"column":35},"end":{"line":180,"column":77}},"125":{"start":{"line":181,"column":16},"end":{"line":192,"column":17}},"126":{"start":{"line":182,"column":20},"end":{"line":182,"column":67}},"127":{"start":{"line":183,"column":20},"end":{"line":183,"column":83}},"128":{"start":{"line":184,"column":20},"end":{"line":184,"column":83}},"129":{"start":{"line":185,"column":20},"end":{"line":185,"column":75}},"130":{"start":{"line":186,"column":20},"end":{"line":186,"column":75}},"131":{"start":{"line":187,"column":20},"end":{"line":187,"column":63}},"132":{"start":{"line":188,"column":20},"end":{"line":188,"column":63}},"133":{"start":{"line":189,"column":20},"end":{"line":189,"column":55}},"134":{"start":{"line":190,"column":20},"end":{"line":190,"column":49}},"135":{"start":{"line":191,"column":20},"end":{"line":191,"column":49}},"136":{"start":{"line":193,"column":19},"end":{"line":204,"column":13}},"137":{"start":{"line":194,"column":37},"end":{"line":194,"column":72}},"138":{"start":{"line":195,"column":16},"end":{"line":203,"column":17}},"139":{"start":{"line":196,"column":20},"end":{"line":196,"column":69}},"140":{"start":{"line":197,"column":20},"end":{"line":197,"column":71}},"141":{"start":{"line":198,"column":20},"end":{"line":198,"column":73}},"142":{"start":{"line":199,"column":20},"end":{"line":199,"column":77}},"143":{"start":{"line":200,"column":20},"end":{"line":200,"column":57}},"144":{"start":{"line":201,"column":20},"end":{"line":201,"column":51}},"145":{"start":{"line":202,"column":20},"end":{"line":202,"column":51}},"146":{"start":{"line":206,"column":12},"end":{"line":209,"column":15}},"147":{"start":{"line":211,"column":12},"end":{"line":211,"column":56}},"148":{"start":{"line":212,"column":12},"end":{"line":212,"column":67}},"149":{"start":{"line":217,"column":0},"end":{"line":217,"column":41}}},"fnMap":{"0":{"name":"(anonymous_0)","decl":{"start":{"line":6,"column":4},"end":{"line":6,"column":5}},"loc":{"start":{"line":6,"column":31},"end":{"line":69,"column":5}},"line":6},"1":{"name":"(anonymous_1)","decl":{"start":{"line":72,"column":4},"end":{"line":72,"column":5}},"loc":{"start":{"line":72,"column":34},"end":{"line":214,"column":5}},"line":72}},"branchMap":{"0":{"loc":{"start":{"line":13,"column":12},"end":{"line":15,"column":13}},"type":"if","locations":[{"start":{"line":13,"column":12},"end":{"line":15,"column":13}},{"start":{},"end":{}}],"line":13},"1":{"loc":{"start":{"line":28,"column":12},"end":{"line":59,"column":13}},"type":"if","locations":[{"start":{"line":28,"column":12},"end":{"line":59,"column":13}},{"start":{"line":34,"column":19},"end":{"line":59,"column":13}}],"line":28},"2":{"loc":{"start":{"line":30,"column":16},"end":{"line":33,"column":17}},"type":"if","locations":[{"start":{"line":30,"column":16},"end":{"line":33,"column":17}},{"start":{},"end":{}}],"line":30},"3":{"loc":{"start":{"line":34,"column":19},"end":{"line":59,"column":13}},"type":"if","locations":[{"start":{"line":34,"column":19},"end":{"line":59,"column":13}},{"start":{"line":48,"column":19},"end":{"line":59,"column":13}}],"line":34},"4":{"loc":{"start":{"line":36,"column":16},"end":{"line":47,"column":17}},"type":"if","locations":[{"start":{"line":36,"column":16},"end":{"line":47,"column":17}},{"start":{},"end":{}}],"line":36},"5":{"loc":{"start":{"line":48,"column":19},"end":{"line":59,"column":13}},"type":"if","locations":[{"start":{"line":48,"column":19},"end":{"line":59,"column":13}},{"start":{},"end":{}}],"line":48},"6":{"loc":{"start":{"line":50,"column":16},"end":{"line":58,"column":17}},"type":"if","locations":[{"start":{"line":50,"column":16},"end":{"line":58,"column":17}},{"start":{},"end":{}}],"line":50},"7":{"loc":{"start":{"line":79,"column":12},"end":{"line":84,"column":13}},"type":"if","locations":[{"start":{"line":79,"column":12},"end":{"line":84,"column":13}},{"start":{},"end":{}}],"line":79},"8":{"loc":{"start":{"line":81,"column":16},"end":{"line":83,"column":17}},"type":"if","locations":[{"start":{"line":81,"column":16},"end":{"line":83,"column":17}},{"start":{},"end":{}}],"line":81},"9":{"loc":{"start":{"line":85,"column":12},"end":{"line":90,"column":13}},"type":"if","locations":[{"start":{"line":85,"column":12},"end":{"line":90,"column":13}},{"start":{},"end":{}}],"line":85},"10":{"loc":{"start":{"line":87,"column":16},"end":{"line":89,"column":17}},"type":"if","locations":[{"start":{"line":87,"column":16},"end":{"line":89,"column":17}},{"start":{},"end":{}}],"line":87},"11":{"loc":{"start":{"line":91,"column":12},"end":{"line":96,"column":13}},"type":"if","locations":[{"start":{"line":91,"column":12},"end":{"line":96,"column":13}},{"start":{},"end":{}}],"line":91},"12":{"loc":{"start":{"line":93,"column":16},"end":{"line":95,"column":17}},"type":"if","locations":[{"start":{"line":93,"column":16},"end":{"line":95,"column":17}},{"start":{},"end":{}}],"line":93},"13":{"loc":{"start":{"line":93,"column":20},"end":{"line":93,"column":42}},"type":"binary-expr","locations":[{"start":{"line":93,"column":20},"end":{"line":93,"column":30}},{"start":{"line":93,"column":34},"end":{"line":93,"column":42}}],"line":93},"14":{"loc":{"start":{"line":97,"column":12},"end":{"line":102,"column":13}},"type":"if","locations":[{"start":{"line":97,"column":12},"end":{"line":102,"column":13}},{"start":{},"end":{}}],"line":97},"15":{"loc":{"start":{"line":99,"column":16},"end":{"line":101,"column":17}},"type":"if","locations":[{"start":{"line":99,"column":16},"end":{"line":101,"column":17}},{"start":{},"end":{}}],"line":99},"16":{"loc":{"start":{"line":99,"column":20},"end":{"line":99,"column":42}},"type":"binary-expr","locations":[{"start":{"line":99,"column":20},"end":{"line":99,"column":30}},{"start":{"line":99,"column":34},"end":{"line":99,"column":42}}],"line":99},"17":{"loc":{"start":{"line":103,"column":12},"end":{"line":109,"column":13}},"type":"if","locations":[{"start":{"line":103,"column":12},"end":{"line":109,"column":13}},{"start":{},"end":{}}],"line":103},"18":{"loc":{"start":{"line":103,"column":16},"end":{"line":103,"column":68}},"type":"binary-expr","locations":[{"start":{"line":103,"column":16},"end":{"line":103,"column":40}},{"start":{"line":103,"column":44},"end":{"line":103,"column":68}}],"line":103},"19":{"loc":{"start":{"line":106,"column":16},"end":{"line":108,"column":17}},"type":"if","locations":[{"start":{"line":106,"column":16},"end":{"line":108,"column":17}},{"start":{},"end":{}}],"line":106},"20":{"loc":{"start":{"line":110,"column":12},"end":{"line":112,"column":13}},"type":"if","locations":[{"start":{"line":110,"column":12},"end":{"line":112,"column":13}},{"start":{},"end":{}}],"line":110},"21":{"loc":{"start":{"line":110,"column":16},"end":{"line":110,"column":94}},"type":"binary-expr","locations":[{"start":{"line":110,"column":16},"end":{"line":110,"column":36}},{"start":{"line":110,"column":40},"end":{"line":110,"column":94}}],"line":110},"22":{"loc":{"start":{"line":113,"column":12},"end":{"line":118,"column":13}},"type":"if","locations":[{"start":{"line":113,"column":12},"end":{"line":118,"column":13}},{"start":{},"end":{}}],"line":113},"23":{"loc":{"start":{"line":115,"column":16},"end":{"line":117,"column":17}},"type":"if","locations":[{"start":{"line":115,"column":16},"end":{"line":117,"column":17}},{"start":{},"end":{}}],"line":115},"24":{"loc":{"start":{"line":121,"
[...]
,"D:\\SoftwareTesting\\RoomRental-BE\\src\\models\\Ward.js": {"path":"D:\\SoftwareTesting\\RoomRental-BE\\src\\models\\Ward.js","statementMap":{"0":{"start":{"line":1,"column":11},"end":{"line":1,"column":30}},"1":{"start":{"line":5,"column":23},"end":{"line":11,"column":9}},"2":{"start":{"line":12,"column":8},"end":{"line":12,"column":30}},"3":{"start":{"line":16,"column":23},"end":{"line":21,"column":9}},"4":{"start":{"line":22,"column":8},"end":{"line":22,"column":27}},"5":{"start":{"line":26,"column":23},"end":{"line":31,"column":9}},"6":{"start":{"line":32,"column":8},"end":{"line":32,"column":27}},"7":{"start":{"line":36,"column":23},"end":{"line":42,"column":9}},"8":{"start":{"line":43,"column":8},"end":{"line":43,"column":27}},"9":{"start":{"line":47,"column":92},"end":{"line":47,"column":100}},"10":{"start":{"line":48,"column":23},"end":{"line":53,"column":9}},"11":{"start":{"line":54,"column":8},"end":{"line":54,"column":30}},"12":{"start":{"line":58,"column":8},"end":{"line":58,"column":71}},"13":{"start":{"line":62,"column":0},"end":{"line":62,"column":22}}},"fnMap":{"0":{"name":"(anonymous_0)","decl":{"start":{"line":4,"column":4},"end":{"line":4,"column":5}},"loc":{"start":{"line":4,"column":30},"end":{"line":13,"column":5}},"line":4},"1":{"name":"(anonymous_1)","decl":{"start":{"line":15,"column":4},"end":{"line":15,"column":5}},"loc":{"start":{"line":15,"column":47},"end":{"line":23,"column":5}},"line":15},"2":{"name":"(anonymous_2)","decl":{"start":{"line":25,"column":4},"end":{"line":25,"column":5}},"loc":{"start":{"line":25,"column":27},"end":{"line":33,"column":5}},"line":25},"3":{"name":"(anonymous_3)","decl":{"start":{"line":35,"column":4},"end":{"line":35,"column":5}},"loc":{"start":{"line":35,"column":46},"end":{"line":44,"column":5}},"line":35},"4":{"name":"(anonymous_4)","decl":{"start":{"line":46,"column":4},"end":{"line":46,"column":5}},"loc":{"start":{"line":46,"column":34},"end":{"line":55,"column":5}},"line":46},"5":{"name":"(anonymous_5)","decl":{"start":{"line":57,"column":4},"end":{"line":57,"column":5}},"loc":{"start":{"line":57,"column":28},"end":{"line":59,"column":5}},"line":57}},"branchMap":{},"s":{"0":7,"1":0,"2":0,"3":5,"4":5,"5":2,"6":2,"7":3,"8":3,"9":0,"10":0,"11":0,"12":0,"13":7},"f":{"0":0,"1":5,"2":2,"3":3,"4":0,"5":0},"b":{},"_coverageSchema":"1a1c01bbd47fc00a2c39e90264f33305004495a9","hash":"643a38ef0a66e9de62d4e42ca0b5797a149d4bcd"}
,"D:\\SoftwareTesting\\RoomRental-BE\\src\\models\\index.js": {"path":"D:\\SoftwareTesting\\RoomRental-BE\\src\\models\\index.js","statementMap":{"0":{"start":{"line":2,"column":13},"end":{"line":2,"column":30}},"1":{"start":{"line":3,"column":14},"end":{"line":3,"column":32}},"2":{"start":{"line":4,"column":15},"end":{"line":4,"column":34}},"3":{"start":{"line":5,"column":17},"end":{"line":5,"column":38}},"4":{"start":{"line":6,"column":19},"end":{"line":6,"column":42}},"5":{"start":{"line":7,"column":17},"end":{"line":7,"column":38}},"6":{"start":{"line":8,"column":13},"end":{"line":8,"column":30}},"7":{"start":{"line":9,"column":17},"end":{"line":9,"column":38}},"8":{"start":{"line":11,"column":0},"end":{"line":20,"column":2}}},"fnMap":{},"branchMap":{},"s":{"0":7,"1":7,"2":7,"3":7,"4":7,"5":7,"6":7,"7":7,"8":7},"f":{},"b":{},"_coverageSchema":"1a1c01bbd47fc00a2c39e90264f33305004495a9","hash":"2295cf7c15a5859bad878639f7818de2240d0f8a"}
,"D:\\SoftwareTesting\\RoomRental-BE\\src\\routes\\admin.js": {"path":"D:\\SoftwareTesting\\RoomRental-BE\\src\\routes\\admin.js","statementMap":{"0":{"start":{"line":2,"column":16},"end":{"line":2,"column":34}},"1":{"start":{"line":3,"column":28},"end":{"line":3,"column":60}},"2":{"start":{"line":4,"column":24},"end":{"line":4,"column":65}},"3":{"start":{"line":6,"column":15},"end":{"line":6,"column":31}},"4":{"start":{"line":9,"column":0},"end":{"line":9,"column":93}},"5":{"start":{"line":9,"column":54},"end":{"line":9,"column":91}},"6":{"start":{"line":12,"column":0},"end":{"line":12,"column":91}},"7":{"start":{"line":12,"column":52},"end":{"line":12,"column":89}},"8":{"start":{"line":15,"column":0},"end":{"line":15,"column":97}},"9":{"start":{"line":15,"column":56},"end":{"line":15,"column":95}},"10":{"start":{"line":18,"column":0},"end":{"line":18,"column":99}},"11":{"start":{"line":18,"column":56},"end":{"line":18,"column":97}},"12":{"start":{"line":20,"column":0},"end":{"line":20,"column":24}}},"fnMap":{"0":{"name":"(anonymous_0)","decl":{"start":{"line":9,"column":40},"end":{"line":9,"column":41}},"loc":{"start":{"line":9,"column":54},"end":{"line":9,"column":91}},"line":9},"1":{"name":"(anonymous_1)","decl":{"start":{"line":12,"column":38},"end":{"line":12,"column":39}},"loc":{"start":{"line":12,"column":52},"end":{"line":12,"column":89}},"line":12},"2":{"name":"(anonymous_2)","decl":{"start":{"line":15,"column":42},"end":{"line":15,"column":43}},"loc":{"start":{"line":15,"column":56},"end":{"line":15,"column":95}},"line":15},"3":{"name":"(anonymous_3)","decl":{"start":{"line":18,"column":42},"end":{"line":18,"column":43}},"loc":{"start":{"line":18,"column":56},"end":{"line":18,"column":97}},"line":18}},"branchMap":{},"s":{"0":7,"1":7,"2":7,"3":7,"4":7,"5":12,"6":7,"7":14,"8":7,"9":6,"10":7,"11":15,"12":7},"f":{"0":12,"1":14,"2":6,"3":15},"b":{},"_coverageSchema":"1a1c01bbd47fc00a2c39e90264f33305004495a9","hash":"2f967d16e783e5a7b8ad3aebebb397179a467d20"}
,"D:\\SoftwareTesting\\RoomRental-BE\\src\\routes\\auth.js": {"path":"D:\\SoftwareTesting\\RoomRental-BE\\src\\routes\\auth.js","statementMap":{"0":{"start":{"line":2,"column":16},"end":{"line":2,"column":34}},"1":{"start":{"line":3,"column":23},"end":{"line":3,"column":63}},"2":{"start":{"line":5,"column":15},"end":{"line":5,"column":31}},"3":{"start":{"line":7,"column":0},"end":{"line":7,"column":87}},"4":{"start":{"line":7,"column":46},"end":{"line":7,"column":85}},"5":{"start":{"line":8,"column":0},"end":{"line":8,"column":85}},"6":{"start":{"line":8,"column":43},"end":{"line":8,"column":83}},"7":{"start":{"line":10,"column":0},"end":{"line":10,"column":91}},"8":{"start":{"line":10,"column":48},"end":{"line":10,"column":89}},"9":{"start":{"line":11,"column":0},"end":{"line":11,"column":89}},"10":{"start":{"line":11,"column":45},"end":{"line":11,"column":87}},"11":{"start":{"line":13,"column":0},"end":{"line":13,"column":83}},"12":{"start":{"line":13,"column":42},"end":{"line":13,"column":81}},"13":{"start":{"line":15,"column":0},"end":{"line":15,"column":87}},"14":{"start":{"line":15,"column":46},"end":{"line":15,"column":85}},"15":{"start":{"line":16,"column":0},"end":{"line":16,"column":92}},"16":{"start":{"line":16,"column":52},"end":{"line":16,"column":90}},"17":{"start":{"line":18,"column":0},"end":{"line":18,"column":24}}},"fnMap":{"0":{"name":"(anonymous_0)","decl":{"start":{"line":7,"column":32},"end":{"line":7,"column":33}},"loc":{"start":{"line":7,"column":46},"end":{"line":7,"column":85}},"line":7},"1":{"name":"(anonymous_1)","decl":{"start":{"line":8,"column":29},"end":{"line":8,"column":30}},"loc":{"start":{"line":8,"column":43},"end":{"line":8,"column":83}},"line":8},"2":{"name":"(anonymous_2)","decl":{"start":{"line":10,"column":34},"end":{"line":10,"column":35}},"loc":{"start":{"line":10,"column":48},"end":{"line":10,"column":89}},"line":10},"3":{"name":"(anonymous_3)","decl":{"start":{"line":11,"column":31},"end":{"line":11,"column":32}},"loc":{"start":{"line":11,"column":45},"end":{"line":11,"column":87}},"line":11},"4":{"name":"(anonymous_4)","decl":{"start":{"line":13,"column":28},"end":{"line":13,"column":29}},"loc":{"start":{"line":13,"column":42},"end":{"line":13,"column":81}},"line":13},"5":{"name":"(anonymous_5)","decl":{"start":{"line":15,"column":32},"end":{"line":15,"column":33}},"loc":{"start":{"line":15,"column":46},"end":{"line":15,"column":85}},"line":15},"6":{"name":"(anonymous_6)","decl":{"start":{"line":16,"column":38},"end":{"line":16,"column":39}},"loc":{"start":{"line":16,"column":52},"end":{"line":16,"column":90}},"line":16}},"branchMap":{},"s":{"0":7,"1":7,"2":7,"3":7,"4":5,"5":7,"6":17,"7":7,"8":2,"9":7,"10":7,"11":7,"12":12,"13":7,"14":0,"15":7,"16":0,"17":7},"f":{"0":5,"1":17,"2":2,"3":7,"4":12,"5":0,"6":0},"b":{},"_coverageSchema":"1a1c01bbd47fc00a2c39e90264f33305004495a9","hash":"4fbc8da7fbf774ae654e8afd61a869636e2eefc4"}
,"D:\\SoftwareTesting\\RoomRental-BE\\src\\routes\\contract.js": {"path":"D:\\SoftwareTesting\\RoomRental-BE\\src\\routes\\contract.js","statementMap":{"0":{"start":{"line":2,"column":16},"end":{"line":2,"column":34}},"1":{"start":{"line":3,"column":28},"end":{"line":3,"column":60}},"2":{"start":{"line":4,"column":27},"end":{"line":4,"column":71}},"3":{"start":{"line":6,"column":15},"end":{"line":6,"column":31}},"4":{"start":{"line":9,"column":0},"end":{"line":9,"column":28}},"5":{"start":{"line":12,"column":0},"end":{"line":12,"column":87}},"6":{"start":{"line":12,"column":42},"end":{"line":12,"column":85}},"7":{"start":{"line":13,"column":0},"end":{"line":13,"column":99}},"8":{"start":{"line":13,"column":48},"end":{"line":13,"column":97}},"9":{"start":{"line":14,"column":0},"end":{"line":14,"column":76}},"10":{"start":{"line":14,"column":30},"end":{"line":14,"column":74}},"11":{"start":{"line":15,"column":0},"end":{"line":15,"column":79}},"12":{"start":{"line":15,"column":33},"end":{"line":15,"column":77}},"13":{"start":{"line":18,"column":0},"end":{"line":18,"column":76}},"14":{"start":{"line":18,"column":31},"end":{"line":18,"column":74}},"15":{"start":{"line":21,"column":0},"end":{"line":21,"column":78}},"16":{"start":{"line":21,"column":33},"end":{"line":21,"column":76}},"17":{"start":{"line":22,"column":0},"end":{"line":22,"column":91}},"18":{"start":{"line":22,"column":43},"end":{"line":22,"column":89}},"19":{"start":{"line":25,"column":0},"end":{"line":25,"column":81}},"20":{"start":{"line":25,"column":36},"end":{"line":25,"column":79}},"21":{"start":{"line":27,"column":0},"end":{"line":27,"column":24}}},"fnMap":{"0":{"name":"(anonymous_0)","decl":{"start":{"line":12,"column":28},"end":{"line":12,"column":29}},"loc":{"start":{"line":12,"column":42},"end":{"line":12,"column":85}},"line":12},"1":{"name":"(anonymous_1)","decl":{"start":{"line":13,"column":34},"end":{"line":13,"column":35}},"loc":{"start":{"line":13,"column":48},"end":{"line":13,"column":97}},"line":13},"2":{"name":"(anonymous_2)","decl":{"start":{"line":14,"column":16},"end":{"line":14,"column":17}},"loc":{"start":{"line":14,"column":30},"end":{"line":14,"column":74}},"line":14},"3":{"name":"(anonymous_3)","decl":{"start":{"line":15,"column":19},"end":{"line":15,"column":20}},"loc":{"start":{"line":15,"column":33},"end":{"line":15,"column":77}},"line":15},"4":{"name":"(anonymous_4)","decl":{"start":{"line":18,"column":17},"end":{"line":18,"column":18}},"loc":{"start":{"line":18,"column":31},"end":{"line":18,"column":74}},"line":18},"5":{"name":"(anonymous_5)","decl":{"start":{"line":21,"column":19},"end":{"line":21,"column":20}},"loc":{"start":{"line":21,"column":33},"end":{"line":21,"column":76}},"line":21},"6":{"name":"(anonymous_6)","decl":{"start":{"line":22,"column":29},"end":{"line":22,"column":30}},"loc":{"start":{"line":22,"column":43},"end":{"line":22,"column":89}},"line":22},"7":{"name":"(anonymous_7)","decl":{"start":{"line":25,"column":22},"end":{"line":25,"column":23}},"loc":{"start":{"line":25,"column":36},"end":{"line":25,"column":79}},"line":25}},"branchMap":{},"s":{"0":7,"1":7,"2":7,"3":7,"4":7,"5":7,"6":2,"7":7,"8":2,"9":7,"10":10,"11":7,"12":7,"13":7,"14":13,"15":7,"16":6,"17":7,"18":4,"19":7,"20":4,"21":7},"f":{"0":2,"1":2,"2":10,"3":7,"4":13,"5":6,"6":4,"7":4},"b":{},"_coverageSchema":"1a1c01bbd47fc00a2c39e90264f33305004495a9","hash":"9443a587e999d71e295cc6a878fd6f67d8d8a0d3"}
,"D:\\SoftwareTesting\\RoomRental-BE\\src\\routes\\location.js": {"path":"D:\\SoftwareTesting\\RoomRental-BE\\src\\routes\\location.js","statementMap":{"0":{"start":{"line":2,"column":16},"end":{"line":2,"column":34}},"1":{"start":{"line":3,"column":27},"end":{"line":3,"column":71}},"2":{"start":{"line":5,"column":15},"end":{"line":5,"column":31}},"3":{"start":{"line":8,"column":0},"end":{"line":8,"column":58}},"4":{"start":{"line":9,"column":0},"end":{"line":9,"column":50}},"5":{"start":{"line":10,"column":0},"end":{"line":10,"column":67}},"6":{"start":{"line":11,"column":0},"end":{"line":11,"column":59}},"7":{"start":{"line":13,"column":0},"end":{"line":13,"column":24}}},"fnMap":{},"branchMap":{},"s":{"0":7,"1":7,"2":7,"3":7,"4":7,"5":7,"6":7,"7":7},"f":{},"b":{},"_coverageSchema":"1a1c01bbd47fc00a2c39e90264f33305004495a9","hash":"99192c7a755e6af7e38f5417d024cee4faa3c8f8"}
,"D:\\SoftwareTesting\\RoomRental-BE\\src\\routes\\profile.js": {"path":"D:\\SoftwareTesting\\RoomRental-BE\\src\\routes\\profile.js","statementMap":{"0":{"start":{"line":2,"column":16},"end":{"line":2,"column":34}},"1":{"start":{"line":3,"column":28},"end":{"line":3,"column":60}},"2":{"start":{"line":4,"column":26},"end":{"line":4,"column":69}},"3":{"start":{"line":6,"column":15},"end":{"line":6,"column":31}},"4":{"start":{"line":9,"column":0},"end":{"line":9,"column":63}},"5":{"start":{"line":12,"column":0},"end":{"line":12,"column":78}},"6":{"start":{"line":14,"column":0},"end":{"line":14,"column":24}}},"fnMap":{},"branchMap":{},"s":{"0":7,"1":7,"2":7,"3":7,"4":7,"5":7,"6":7},"f":{},"b":{},"_coverageSchema":"1a1c01bbd47fc00a2c39e90264f33305004495a9","hash":"a3a02929a25502cdbbb9e4e452840994edf9e056"}
,"D:\\SoftwareTesting\\RoomRental-BE\\src\\routes\\rentalPost.js": {"path":"D:\\SoftwareTesting\\RoomRental-BE\\src\\routes\\rentalPost.js","statementMap":{"0":{"start":{"line":2,"column":16},"end":{"line":2,"column":34}},"1":{"start":{"line":3,"column":28},"end":{"line":3,"column":60}},"2":{"start":{"line":4,"column":29},"end":{"line":4,"column":75}},"3":{"start":{"line":5,"column":33},"end":{"line":5,"column":83}},"4":{"start":{"line":7,"column":15},"end":{"line":7,"column":31}},"5":{"start":{"line":10,"column":0},"end":{"line":10,"column":28}},"6":{"start":{"line":13,"column":0},"end":{"line":13,"column":104}},"7":{"start":{"line":13,"column":48},"end":{"line":13,"column":102}},"8":{"start":{"line":14,"column":0},"end":{"line":14,"column":81}},"9":{"start":{"line":14,"column":38},"end":{"line":14,"column":79}},"10":{"start":{"line":15,"column":0},"end":{"line":15,"column":74}},"11":{"start":{"line":15,"column":30},"end":{"line":15,"column":72}},"12":{"start":{"line":16,"column":0},"end":{"line":16,"column":77}},"13":{"start":{"line":16,"column":33},"end":{"line":16,"column":75}},"14":{"start":{"line":19,"column":0},"end":{"line":19,"column":74}},"15":{"start":{"line":19,"column":31},"end":{"line":19,"column":72}},"16":{"start":{"line":22,"column":0},"end":{"line":22,"column":81}},"17":{"start":{"line":22,"column":37},"end":{"line":22,"column":79}},"18":{"start":{"line":23,"column":0},"end":{"line":23,"column":79}},"19":{"start":{"line":23,"column":36},"end":{"line":23,"column":77}},"20":{"start":{"line":24,"column":0},"end":{"line":24,"column":76}},"21":{"start":{"line":24,"column":33},"end":{"line":24,"column":74}},"22":{"start":{"line":27,"column":0},"end":{"line":27,"column":79}},"23":{"start":{"line":27,"column":36},"end":{"line":27,"column":77}},"24":{"start":{"line":29,"column":0},"end":{"line":29,"column":24}}},"fnMap":{"0":{"name":"(anonymous_0)","decl":{"start":{"line":13,"column":34},"end":{"line":13,"column":35}},"loc":{"start":{"line":13,"column":48},"end":{"line":13,"column":102}},"line":13},"1":{"name":"(anonymous_1)","decl":{"start":{"line":14,"column":24},"end":{"line":14,"column":25}},"loc":{"start":{"line":14,"column":38},"end":{"line":14,"column":79}},"line":14},"2":{"name":"(anonymous_2)","decl":{"start":{"line":15,"column":16},"end":{"line":15,"column":17}},"loc":{"start":{"line":15,"column":30},"end":{"line":15,"column":72}},"line":15},"3":{"name":"(anonymous_3)","decl":{"start":{"line":16,"column":19},"end":{"line":16,"column":20}},"loc":{"start":{"line":16,"column":33},"end":{"line":16,"column":75}},"line":16},"4":{"name":"(anonymous_4)","decl":{"start":{"line":19,"column":17},"end":{"line":19,"column":18}},"loc":{"start":{"line":19,"column":31},"end":{"line":19,"column":72}},"line":19},"5":{"name":"(anonymous_5)","decl":{"start":{"line":22,"column":23},"end":{"line":22,"column":24}},"loc":{"start":{"line":22,"column":37},"end":{"line":22,"column":79}},"line":22},"6":{"name":"(anonymous_6)","decl":{"start":{"line":23,"column":22},"end":{"line":23,"column":23}},"loc":{"start":{"line":23,"column":36},"end":{"line":23,"column":77}},"line":23},"7":{"name":"(anonymous_7)","decl":{"start":{"line":24,"column":19},"end":{"line":24,"column":20}},"loc":{"start":{"line":24,"column":33},"end":{"line":24,"column":74}},"line":24},"8":{"name":"(anonymous_8)","decl":{"start":{"line":27,"column":22},"end":{"line":27,"column":23}},"loc":{"start":{"line":27,"column":36},"end":{"line":27,"column":77}},"line":27}},"branchMap":{},"s":{"0":7,"1":7,"2":7,"3":7,"4":7,"5":7,"6":7,"7":5,"8":7,"9":2,"10":7,"11":3,"12":7,"13":5,"14":7,"15":11,"16":7,"17":7,"18":7,"19":4,"20":7,"21":6,"22":7,"23":4,"24":7},"f":{"0":5,"1":2,"2":3,"3":5,"4":11,"5":7,"6":4,"7":6,"8":4},"b":{},"_coverageSchema":"1a1c01bbd47fc00a2c39e90264f33305004495a9","hash":"3453700e46d7e8aeb14d974c1a2951c6ad7418a9"}
,"D:\\SoftwareTesting\\RoomRental-BE\\src\\utils\\sendEmail.js": {"path":"D:\\SoftwareTesting\\RoomRental-BE\\src\\utils\\sendEmail.js","statementMap":{"0":{"start":{"line":1,"column":19},"end":{"line":1,"column":40}},"1":{"start":{"line":3,"column":18},"end":{"line":25,"column":1}},"2":{"start":{"line":5,"column":24},"end":{"line":12,"column":6}},"3":{"start":{"line":15,"column":24},"end":{"line":21,"column":5}},"4":{"start":{"line":24,"column":4},"end":{"line":24,"column":44}},"5":{"start":{"line":27,"column":0},"end":{"line":27,"column":27}}},"fnMap":{"0":{"name":"(anonymous_0)","decl":{"start":{"line":3,"column":18},"end":{"line":3,"column":19}},"loc":{"start":{"line":3,"column":37},"end":{"line":25,"column":1}},"line":3}},"branchMap":{},"s":{"0":7,"1":7,"2":0,"3":0,"4":0,"5":7},"f":{"0":0},"b":{},"_coverageSchema":"1a1c01bbd47fc00a2c39e90264f33305004495a9","hash":"3e62884e7c1cba243345ec20c42a121562fd4cb7"}
}
