TN:
SF:__tests__\setup\testHelper.js
FN:6,(anonymous_0)
FN:11,(anonymous_1)
FN:59,(anonymous_2)
FN:72,(anonymous_3)
FN:118,(anonymous_4)
FNF:5
FNH:5
FNDA:6,(anonymous_0)
FNDA:26,(anonymous_1)
FNDA:6,(anonymous_2)
FNDA:6,(anonymous_3)
FNDA:6,(anonymous_4)
DA:2,6
DA:3,6
DA:7,6
DA:12,26
DA:15,26
DA:16,26
DA:19,26
DA:26,26
DA:27,26
DA:30,26
DA:31,14
DA:41,12
DA:42,6
DA:47,6
DA:48,6
DA:55,26
DA:60,6
DA:61,26
DA:63,26
DA:65,0
DA:68,6
DA:74,6
DA:85,6
DA:96,6
DA:106,6
DA:114,6
DA:119,6
DA:120,6
DA:126,6
LF:29
LH:28
BRDA:30,0,0,14
BRDA:30,0,1,12
BRDA:36,1,0,14
BRDA:36,1,1,7
BRDA:37,2,0,14
BRDA:37,2,1,8
BRDA:38,3,0,14
BRDA:38,3,1,8
BRDA:41,4,0,6
BRDA:41,4,1,6
BRDA:45,5,0,6
BRDA:45,5,1,0
BRDA:45,6,0,6
BRDA:45,6,1,0
BRDA:45,7,0,6
BRDA:45,7,1,0
BRDA:47,8,0,6
BRDA:47,8,1,0
BRDA:51,9,0,6
BRDA:51,9,1,0
BRDA:51,10,0,6
BRDA:51,10,1,0
BRDA:119,11,0,6
BRDA:119,11,1,0
BRF:24
BRH:17
end_of_record
TN:
SF:src\app.js
FN:10,(anonymous_0)
FNF:1
FNH:0
FNDA:0,(anonymous_0)
DA:1,7
DA:2,7
DA:3,7
DA:5,7
DA:7,7
DA:8,7
DA:10,7
DA:11,0
DA:14,7
DA:15,7
DA:17,7
DA:18,7
DA:20,7
DA:21,7
DA:23,7
DA:24,7
DA:26,7
DA:27,7
DA:29,7
DA:30,7
DA:32,7
LF:21
LH:20
BRF:0
BRH:0
end_of_record
TN:
SF:src\controllers\adminController.js
FN:8,(anonymous_0)
FN:74,(anonymous_1)
FN:111,(anonymous_2)
FN:155,(anonymous_3)
FNF:4
FNH:4
FNDA:8,(anonymous_0)
FNDA:7,(anonymous_1)
FNDA:6,(anonymous_2)
FNDA:5,(anonymous_3)
DA:2,7
DA:3,7
DA:4,7
DA:10,8
DA:11,2
DA:14,6
DA:16,6
DA:17,3
DA:20,3
DA:21,3
DA:22,3
DA:25,3
DA:26,3
DA:27,1
DA:28,1
DA:32,2
DA:33,2
DA:36,2
DA:44,2
DA:50,2
DA:53,2
DA:65,0
DA:66,0
DA:67,0
DA:69,3
DA:75,7
DA:77,7
DA:78,2
DA:81,5
DA:83,5
DA:88,5
DA:90,5
DA:91,3
DA:92,3
DA:95,5
DA:97,5
DA:99,5
DA:105,0
DA:106,0
DA:112,6
DA:114,6
DA:115,2
DA:118,4
DA:120,4
DA:132,4
DA:134,4
DA:135,2
DA:136,2
DA:139,4
DA:141,4
DA:143,4
DA:149,0
DA:150,0
DA:156,5
DA:158,5
DA:159,2
DA:162,3
DA:165,3
DA:172,3
DA:173,1
DA:176,2
DA:177,2
DA:180,2
DA:181,0
DA:185,0
DA:186,0
DA:188,2
DA:189,0
DA:197,0
DA:198,0
DA:200,2
DA:201,2
DA:209,2
DA:210,2
DA:214,2
DA:222,0
DA:223,0
DA:228,7
LF:78
LH:63
BRDA:10,0,0,2
BRDA:10,0,1,6
BRDA:16,1,0,3
BRDA:16,1,1,3
BRDA:16,2,0,6
BRDA:16,2,1,5
BRDA:16,2,2,4
BRDA:26,3,0,1
BRDA:26,3,1,2
BRDA:60,4,0,2
BRDA:60,4,1,1
BRDA:61,5,0,2
BRDA:61,5,1,1
BRDA:77,6,0,2
BRDA:77,6,1,5
BRDA:90,7,0,3
BRDA:90,7,1,2
BRDA:90,8,0,5
BRDA:90,8,1,3
BRDA:114,9,0,2
BRDA:114,9,1,4
BRDA:134,10,0,2
BRDA:134,10,1,2
BRDA:158,11,0,2
BRDA:158,11,1,3
BRDA:172,12,0,1
BRDA:172,12,1,2
BRDA:180,13,0,0
BRDA:180,13,1,2
BRDA:185,14,0,0
BRDA:185,14,1,0
BRDA:188,15,0,0
BRDA:188,15,1,2
BRDA:197,16,0,0
BRDA:197,16,1,0
BRDA:200,17,0,2
BRDA:200,17,1,0
BRDA:209,18,0,2
BRDA:209,18,1,0
BRF:39
BRH:31
end_of_record
TN:
SF:src\controllers\authController.js
FN:11,(anonymous_0)
FN:20,(anonymous_1)
FN:86,(anonymous_2)
FN:150,(anonymous_3)
FN:191,(anonymous_4)
FN:234,(anonymous_5)
FNF:6
FNH:4
FNDA:24,(anonymous_0)
FNDA:5,(anonymous_1)
FNDA:2,(anonymous_2)
FNDA:32,(anonymous_3)
FNDA:0,(anonymous_4)
FNDA:0,(anonymous_5)
DA:2,7
DA:3,7
DA:4,7
DA:5,7
DA:6,7
DA:7,7
DA:12,24
DA:21,5
DA:23,5
DA:24,2
DA:28,3
DA:29,1
DA:32,2
DA:33,2
DA:34,2
DA:37,2
DA:38,2
DA:39,1
DA:40,1
DA:44,1
DA:45,1
DA:48,1
DA:56,1
DA:68,1
DA:70,1
DA:71,1
DA:77,0
DA:78,0
DA:79,0
DA:81,2
DA:87,2
DA:89,2
DA:90,0
DA:94,2
DA:95,0
DA:98,2
DA:99,2
DA:100,2
DA:103,2
DA:104,2
DA:105,1
DA:106,1
DA:110,1
DA:111,1
DA:114,1
DA:122,1
DA:132,1
DA:134,1
DA:135,1
DA:141,0
DA:142,0
DA:143,0
DA:145,2
DA:151,32
DA:152,32
DA:154,32
DA:155,2
DA:159,30
DA:160,30
DA:161,3
DA:165,27
DA:166,3
DA:170,24
DA:171,24
DA:172,2
DA:176,22
DA:177,22
DA:179,22
DA:185,0
DA:186,0
DA:192,0
DA:193,0
DA:196,0
DA:198,0
DA:200,0
DA:203,0
DA:204,0
DA:207,0
DA:210,0
DA:213,0
DA:214,0
DA:219,0
DA:221,0
DA:223,0
DA:224,0
DA:228,0
DA:229,0
DA:235,0
DA:236,0
DA:237,0
DA:239,0
DA:240,0
DA:243,0
DA:246,0
DA:248,0
DA:249,0
DA:253,0
DA:254,0
DA:257,0
DA:258,0
DA:260,0
DA:263,0
DA:264,0
DA:269,7
LF:104
LH:61
BRDA:15,0,0,24
BRDA:15,0,1,0
BRDA:23,1,0,2
BRDA:23,1,1,3
BRDA:23,2,0,5
BRDA:23,2,1,4
BRDA:23,2,2,3
BRDA:28,3,0,1
BRDA:28,3,1,2
BRDA:38,4,0,1
BRDA:38,4,1,1
BRDA:89,5,0,0
BRDA:89,5,1,2
BRDA:89,6,0,2
BRDA:89,6,1,2
BRDA:89,6,2,2
BRDA:94,7,0,0
BRDA:94,7,1,2
BRDA:104,8,0,1
BRDA:104,8,1,1
BRDA:154,9,0,2
BRDA:154,9,1,30
BRDA:154,10,0,32
BRDA:154,10,1,31
BRDA:160,11,0,3
BRDA:160,11,1,27
BRDA:165,12,0,3
BRDA:165,12,1,24
BRDA:171,13,0,2
BRDA:171,13,1,22
BRDA:198,14,0,0
BRDA:198,14,1,0
BRDA:239,15,0,0
BRDA:239,15,1,0
BRDA:248,16,0,0
BRDA:248,16,1,0
BRF:36
BRH:27
end_of_record
TN:
SF:src\controllers\contractController.js
FN:5,(anonymous_0)
FN:81,(anonymous_1)
FN:110,(anonymous_2)
FN:133,(anonymous_3)
FN:154,(anonymous_4)
FN:175,(anonymous_5)
FN:239,(anonymous_6)
FN:278,(anonymous_7)
FNF:8
FNH:8
FNDA:12,(anonymous_0)
FNDA:5,(anonymous_1)
FNDA:2,(anonymous_2)
FNDA:2,(anonymous_3)
FNDA:2,(anonymous_4)
FNDA:5,(anonymous_5)
FNDA:4,(anonymous_6)
FNDA:4,(anonymous_7)
DA:1,7
DA:6,12
DA:8,12
DA:9,1
DA:14,11
DA:17,11
DA:18,2
DA:24,9
DA:25,9
DA:26,9
DA:27,0
DA:29,9
DA:30,9
DA:31,9
DA:32,1
DA:34,8
DA:35,1
DA:39,7
DA:40,7
DA:41,1
DA:44,6
DA:45,0
DA:49,6
DA:50,6
DA:51,1
DA:54,5
DA:65,5
DA:68,5
DA:70,5
DA:75,0
DA:76,0
DA:82,5
DA:83,5
DA:84,5
DA:86,5
DA:87,1
DA:91,4
DA:92,1
DA:95,3
DA:96,0
DA:99,3
DA:104,0
DA:105,0
DA:111,2
DA:112,2
DA:114,2
DA:119,2
DA:121,2
DA:127,0
DA:128,0
DA:134,2
DA:135,2
DA:136,1
DA:139,1
DA:140,1
DA:142,1
DA:148,0
DA:149,0
DA:155,2
DA:156,2
DA:157,1
DA:160,1
DA:161,1
DA:163,1
DA:169,0
DA:170,0
DA:176,5
DA:177,5
DA:178,5
DA:180,5
DA:181,1
DA:185,4
DA:186,0
DA:189,4
DA:190,1
DA:193,3
DA:195,3
DA:196,3
DA:197,3
DA:200,3
DA:201,1
DA:202,1
DA:203,1
DA:204,0
DA:206,1
DA:207,1
DA:208,1
DA:209,1
DA:211,0
DA:212,0
DA:215,2
DA:216,2
DA:217,2
DA:218,2
DA:220,0
DA:221,0
DA:223,0
DA:226,2
DA:228,2
DA:233,0
DA:234,0
DA:240,4
DA:241,4
DA:242,4
DA:244,4
DA:245,1
DA:251,3
DA:252,1
DA:255,2
DA:256,0
DA:259,2
DA:260,0
DA:263,2
DA:266,2
DA:268,2
DA:272,0
DA:273,0
DA:279,4
DA:280,4
DA:281,4
DA:283,4
DA:284,0
DA:287,4
DA:288,1
DA:291,3
DA:292,0
DA:295,3
DA:296,1
DA:299,2
DA:302,2
DA:304,2
DA:309,0
DA:310,0
DA:315,7
LF:134
LH:104
BRDA:8,0,0,1
BRDA:8,0,1,11
BRDA:17,1,0,2
BRDA:17,1,1,9
BRDA:17,2,0,11
BRDA:17,2,1,10
BRDA:17,2,2,9
BRDA:26,3,0,0
BRDA:26,3,1,9
BRDA:26,4,0,9
BRDA:26,4,1,9
BRDA:31,5,0,1
BRDA:31,5,1,8
BRDA:34,6,0,1
BRDA:34,6,1,7
BRDA:40,7,0,1
BRDA:40,7,1,6
BRDA:44,8,0,0
BRDA:44,8,1,6
BRDA:50,9,0,1
BRDA:50,9,1,5
BRDA:59,10,0,5
BRDA:59,10,1,0
BRDA:60,11,0,5
BRDA:60,11,1,4
BRDA:61,12,0,5
BRDA:61,12,1,4
BRDA:62,13,0,5
BRDA:62,13,1,5
BRDA:86,14,0,1
BRDA:86,14,1,4
BRDA:91,15,0,1
BRDA:91,15,1,3
BRDA:91,16,0,4
BRDA:91,16,1,2
BRDA:95,17,0,0
BRDA:95,17,1,3
BRDA:95,18,0,3
BRDA:95,18,1,1
BRDA:135,19,0,1
BRDA:135,19,1,1
BRDA:156,20,0,1
BRDA:156,20,1,1
BRDA:180,21,0,1
BRDA:180,21,1,4
BRDA:185,22,0,0
BRDA:185,22,1,4
BRDA:185,23,0,4
BRDA:185,23,1,1
BRDA:189,24,0,1
BRDA:189,24,1,3
BRDA:189,25,0,4
BRDA:189,25,1,3
BRDA:196,26,0,1
BRDA:196,26,1,2
BRDA:197,27,0,1
BRDA:197,27,1,2
BRDA:200,28,0,1
BRDA:200,28,1,2
BRDA:200,29,0,3
BRDA:200,29,1,2
BRDA:201,30,0,1
BRDA:201,30,1,0
BRDA:202,31,0,1
BRDA:202,31,1,0
BRDA:203,32,0,0
BRDA:203,32,1,1
BRDA:203,33,0,1
BRDA:203,33,1,1
BRDA:208,34,0,1
BRDA:208,34,1,0
BRDA:211,35,0,0
BRDA:211,35,1,0
BRDA:215,36,0,2
BRDA:215,36,1,0
BRDA:216,37,0,1
BRDA:216,37,1,1
BRDA:217,38,0,0
BRDA:217,38,1,2
BRDA:218,39,0,0
BRDA:218,39,1,2
BRDA:220,40,0,0
BRDA:220,40,1,0
BRDA:220,41,0,0
BRDA:220,41,1,0
BRDA:244,42,0,1
BRDA:244,42,1,3
BRDA:251,43,0,1
BRDA:251,43,1,2
BRDA:251,44,0,3
BRDA:251,44,1,2
BRDA:255,45,0,0
BRDA:255,45,1,2
BRDA:255,46,0,2
BRDA:255,46,1,1
BRDA:259,47,0,0
BRDA:259,47,1,2
BRDA:259,48,0,2
BRDA:259,48,1,1
BRDA:259,48,2,0
BRDA:283,49,0,0
BRDA:283,49,1,4
BRDA:287,50,0,1
BRDA:287,50,1,3
BRDA:287,51,0,4
BRDA:287,51,1,2
BRDA:291,52,0,0
BRDA:291,52,1,3
BRDA:291,53,0,3
BRDA:291,53,1,2
BRDA:295,54,0,1
BRDA:295,54,1,2
BRF:112
BRH:89
end_of_record
TN:
SF:src\controllers\locationController.js
FN:6,(anonymous_0)
FN:20,(anonymous_1)
FN:44,(anonymous_2)
FN:64,(anonymous_3)
FNF:4
FNH:4
FNDA:2,(anonymous_0)
FNDA:3,(anonymous_1)
FNDA:5,(anonymous_2)
FNDA:4,(anonymous_3)
DA:2,7
DA:7,2
DA:8,2
DA:9,2
DA:14,0
DA:15,0
DA:21,3
DA:22,3
DA:25,3
DA:27,2
DA:30,1
DA:33,3
DA:38,0
DA:39,0
DA:45,5
DA:46,5
DA:48,5
DA:49,3
DA:52,2
DA:53,2
DA:58,0
DA:59,0
DA:65,4
DA:66,4
DA:68,4
DA:69,2
DA:72,2
DA:73,1
DA:76,1
DA:77,1
DA:82,0
DA:83,0
DA:88,7
LF:33
LH:25
BRDA:25,0,0,2
BRDA:25,0,1,1
BRDA:48,1,0,3
BRDA:48,1,1,2
BRDA:48,2,0,5
BRDA:48,2,1,3
BRDA:68,3,0,2
BRDA:68,3,1,2
BRDA:68,4,0,4
BRDA:68,4,1,2
BRDA:72,5,0,1
BRDA:72,5,1,1
BRF:12
BRH:12
end_of_record
TN:
SF:src\controllers\profileController.js
FN:6,(anonymous_0)
FN:72,(anonymous_1)
FNF:2
FNH:2
FNDA:3,(anonymous_0)
FNDA:18,(anonymous_1)
DA:2,7
DA:7,3
DA:8,3
DA:9,3
DA:12,3
DA:13,3
DA:14,0
DA:17,3
DA:28,3
DA:29,1
DA:30,1
DA:31,1
DA:32,1
DA:34,2
DA:35,1
DA:36,1
DA:37,1
DA:38,1
DA:39,1
DA:40,1
DA:41,1
DA:42,1
DA:43,1
DA:44,1
DA:45,1
DA:46,1
DA:48,1
DA:49,1
DA:50,1
DA:51,1
DA:52,1
DA:53,1
DA:54,1
DA:55,1
DA:56,1
DA:57,1
DA:61,3
DA:66,0
DA:67,0
DA:73,18
DA:74,18
DA:75,18
DA:76,18
DA:79,18
DA:80,6
DA:84,18
DA:85,4
DA:86,4
DA:87,4
DA:89,4
DA:90,3
DA:92,14
DA:93,8
DA:94,8
DA:95,8
DA:96,8
DA:97,8
DA:98,8
DA:99,8
DA:100,8
DA:101,8
DA:103,8
DA:104,6
DA:106,6
DA:107,6
DA:108,6
DA:109,6
DA:110,6
DA:111,6
DA:112,6
DA:113,6
DA:115,6
DA:116,5
DA:121,18
DA:122,18
DA:131,18
DA:132,4
DA:133,4
DA:134,4
DA:135,4
DA:137,14
DA:138,8
DA:139,8
DA:140,8
DA:141,8
DA:142,8
DA:143,8
DA:144,8
DA:145,8
DA:146,8
DA:147,8
DA:148,8
DA:149,8
DA:151,6
DA:152,6
DA:153,6
DA:154,6
DA:155,6
DA:156,6
DA:157,6
DA:158,6
DA:159,6
DA:160,6
DA:164,18
DA:169,0
DA:170,0
DA:175,7
LF:107
LH:102
BRDA:13,0,0,0
BRDA:13,0,1,3
BRDA:28,1,0,1
BRDA:28,1,1,2
BRDA:30,2,0,1
BRDA:30,2,1,0
BRDA:34,3,0,1
BRDA:34,3,1,1
BRDA:36,4,0,1
BRDA:36,4,1,0
BRDA:48,5,0,1
BRDA:48,5,1,0
BRDA:50,6,0,1
BRDA:50,6,1,0
BRDA:79,7,0,6
BRDA:79,7,1,12
BRDA:84,8,0,4
BRDA:84,8,1,14
BRDA:86,9,0,2
BRDA:86,9,1,2
BRDA:87,10,0,2
BRDA:87,10,1,2
BRDA:89,11,0,3
BRDA:89,11,1,1
BRDA:92,12,0,8
BRDA:92,12,1,6
BRDA:94,13,0,2
BRDA:94,13,1,6
BRDA:95,14,0,1
BRDA:95,14,1,7
BRDA:96,15,0,1
BRDA:96,15,1,7
BRDA:97,16,0,3
BRDA:97,16,1,5
BRDA:98,17,0,3
BRDA:98,17,1,5
BRDA:99,18,0,1
BRDA:99,18,1,7
BRDA:100,19,0,1
BRDA:100,19,1,7
BRDA:101,20,0,2
BRDA:101,20,1,6
BRDA:103,21,0,6
BRDA:103,21,1,2
BRDA:106,22,0,6
BRDA:106,22,1,0
BRDA:108,23,0,2
BRDA:108,23,1,4
BRDA:109,24,0,1
BRDA:109,24,1,5
BRDA:110,25,0,2
BRDA:110,25,1,4
BRDA:111,26,0,1
BRDA:111,26,1,5
BRDA:112,27,0,1
BRDA:112,27,1,5
BRDA:113,28,0,1
BRDA:113,28,1,5
BRDA:115,29,0,5
BRDA:115,29,1,1
BRDA:131,30,0,4
BRDA:131,30,1,14
BRDA:133,31,0,4
BRDA:133,31,1,0
BRDA:137,32,0,8
BRDA:137,32,1,6
BRDA:139,33,0,8
BRDA:139,33,1,0
BRDA:151,34,0,6
BRDA:151,34,1,0
BRDA:153,35,0,6
BRDA:153,35,1,0
BRF:72
BRH:62
end_of_record
TN:
SF:src\controllers\recommendationController.js
FN:6,(anonymous_0)
FN:27,(anonymous_1)
FNF:2
FNH:2
FNDA:5,(anonymous_0)
FNDA:21,(anonymous_1)
DA:2,7
DA:7,5
DA:9,5
DA:10,2
DA:13,3
DA:15,3
DA:17,3
DA:18,0
DA:24,3
DA:27,21
DA:33,0
DA:34,0
DA:39,7
LF:13
LH:10
BRDA:9,0,0,2
BRDA:9,0,1,3
BRDA:17,1,0,0
BRDA:17,1,1,3
BRF:4
BRH:3
end_of_record
TN:
SF:src\controllers\rentalPostController.js
FN:6,(anonymous_0)
FN:55,(anonymous_1)
FN:96,(anonymous_2)
FN:134,(anonymous_3)
FN:183,(anonymous_4)
FN:214,(anonymous_5)
FN:249,(anonymous_6)
FN:289,(anonymous_7)
FNF:8
FNH:8
FNDA:11,(anonymous_0)
FNDA:3,(anonymous_1)
FNDA:3,(anonymous_2)
FNDA:4,(anonymous_3)
FNDA:4,(anonymous_4)
FNDA:7,(anonymous_5)
FNDA:4,(anonymous_6)
FNDA:2,(anonymous_7)
DA:2,7
DA:7,11
DA:9,11
DA:10,1
DA:17,10
DA:20,10
DA:21,2
DA:26,8
DA:42,8
DA:44,8
DA:49,0
DA:50,0
DA:56,3
DA:58,3
DA:66,3
DA:68,3
DA:81,3
DA:82,3
DA:84,3
DA:90,0
DA:91,0
DA:97,3
DA:99,3
DA:100,0
DA:103,3
DA:104,3
DA:106,3
DA:107,1
DA:112,2
DA:114,2
DA:115,1
DA:120,1
DA:123,0
DA:128,0
DA:129,0
DA:135,4
DA:136,4
DA:137,4
DA:139,4
DA:140,1
DA:144,3
DA:145,1
DA:149,2
DA:150,1
DA:156,1
DA:158,1
DA:159,1
DA:160,1
DA:161,1
DA:162,1
DA:163,1
DA:164,1
DA:165,1
DA:166,1
DA:167,1
DA:168,1
DA:170,1
DA:172,1
DA:177,0
DA:178,0
DA:184,4
DA:185,4
DA:186,4
DA:188,4
DA:189,1
DA:194,3
DA:195,0
DA:198,3
DA:199,1
DA:202,2
DA:204,2
DA:208,0
DA:209,0
DA:215,7
DA:216,7
DA:217,1
DA:220,6
DA:222,6
DA:223,1
DA:226,5
DA:228,5
DA:229,0
DA:232,5
DA:233,1
DA:236,4
DA:238,4
DA:243,0
DA:244,0
DA:250,4
DA:251,4
DA:252,1
DA:255,3
DA:257,3
DA:258,0
DA:261,3
DA:262,1
DA:265,2
DA:267,2
DA:268,0
DA:272,2
DA:273,1
DA:276,1
DA:278,1
DA:283,0
DA:284,0
DA:290,2
DA:291,2
DA:292,1
DA:295,1
DA:296,1
DA:298,1
DA:304,0
DA:305,0
DA:310,7
LF:114
LH:92
BRDA:9,0,0,1
BRDA:9,0,1,10
BRDA:20,1,0,2
BRDA:20,1,1,8
BRDA:20,2,0,10
BRDA:20,2,1,9
BRDA:20,2,2,8
BRDA:20,2,3,8
BRDA:20,2,4,8
BRDA:20,2,5,8
BRDA:36,3,0,8
BRDA:36,3,1,7
BRDA:37,4,0,8
BRDA:37,4,1,7
BRDA:58,5,0,0
BRDA:58,5,1,3
BRDA:71,6,0,1
BRDA:71,6,1,2
BRDA:72,7,0,1
BRDA:72,7,1,2
BRDA:73,8,0,0
BRDA:73,8,1,3
BRDA:74,9,0,0
BRDA:74,9,1,3
BRDA:75,10,0,0
BRDA:75,10,1,3
BRDA:76,11,0,0
BRDA:76,11,1,3
BRDA:99,12,0,0
BRDA:99,12,1,3
BRDA:106,13,0,1
BRDA:106,13,1,2
BRDA:112,14,0,2
BRDA:112,14,1,0
BRDA:112,15,0,2
BRDA:112,15,1,1
BRDA:112,15,2,2
BRDA:114,16,0,1
BRDA:114,16,1,1
BRDA:114,17,0,2
BRDA:114,17,1,1
BRDA:139,18,0,1
BRDA:139,18,1,3
BRDA:144,19,0,1
BRDA:144,19,1,2
BRDA:144,20,0,3
BRDA:144,20,1,2
BRDA:149,21,0,1
BRDA:149,21,1,1
BRDA:159,22,0,1
BRDA:159,22,1,0
BRDA:160,23,0,1
BRDA:160,23,1,0
BRDA:161,24,0,1
BRDA:161,24,1,0
BRDA:162,25,0,0
BRDA:162,25,1,1
BRDA:163,26,0,0
BRDA:163,26,1,1
BRDA:164,27,0,0
BRDA:164,27,1,1
BRDA:165,28,0,0
BRDA:165,28,1,1
BRDA:166,29,0,0
BRDA:166,29,1,1
BRDA:167,30,0,0
BRDA:167,30,1,1
BRDA:168,31,0,0
BRDA:168,31,1,1
BRDA:188,32,0,1
BRDA:188,32,1,3
BRDA:194,33,0,0
BRDA:194,33,1,3
BRDA:194,34,0,3
BRDA:194,34,1,1
BRDA:198,35,0,1
BRDA:198,35,1,2
BRDA:198,36,0,3
BRDA:198,36,1,2
BRDA:216,37,0,1
BRDA:216,37,1,6
BRDA:222,38,0,1
BRDA:222,38,1,5
BRDA:228,39,0,0
BRDA:228,39,1,5
BRDA:232,40,0,1
BRDA:232,40,1,4
BRDA:251,41,0,1
BRDA:251,41,1,3
BRDA:257,42,0,0
BRDA:257,42,1,3
BRDA:261,43,0,1
BRDA:261,43,1,2
BRDA:267,44,0,0
BRDA:267,44,1,2
BRDA:272,45,0,1
BRDA:272,45,1,1
BRDA:291,46,0,1
BRDA:291,46,1,1
BRF:99
BRH:78
end_of_record
TN:
SF:src\db\db.js
FN:9,(anonymous_0)
FN:14,(anonymous_1)
FNF:2
FNH:2
FNDA:9,(anonymous_0)
FNDA:453,(anonymous_1)
DA:2,7
DA:3,7
DA:5,7
DA:9,7
DA:10,9
DA:13,7
DA:14,453
LF:7
LH:7
BRF:0
BRH:0
end_of_record
TN:
SF:src\middleware\auth.js
FN:4,(anonymous_0)
FN:33,(anonymous_1)
FN:40,(anonymous_2)
FNF:3
FNH:2
FNDA:138,(anonymous_0)
FNDA:21,(anonymous_1)
FNDA:0,(anonymous_2)
DA:1,7
DA:2,7
DA:4,7
DA:5,138
DA:6,138
DA:8,138
DA:9,9
DA:12,129
DA:13,129
DA:16,126
DA:18,126
DA:19,0
DA:22,126
DA:23,126
DA:25,3
DA:26,3
DA:28,0
DA:29,0
DA:33,7
DA:34,21
DA:35,21
DA:38,21
DA:41,0
DA:42,0
DA:46,0
DA:51,7
DA:52,7
DA:53,7
DA:55,7
LF:29
LH:23
BRDA:8,0,0,9
BRDA:8,0,1,129
BRDA:8,1,0,138
BRDA:8,1,1,129
BRDA:18,2,0,0
BRDA:18,2,1,126
BRDA:18,3,0,126
BRDA:18,3,1,126
BRDA:25,4,0,3
BRDA:25,4,1,0
BRDA:25,5,0,3
BRDA:25,5,1,0
BRDA:33,6,0,0
BRDA:34,7,0,21
BRDA:34,7,1,0
BRDA:41,8,0,0
BRDA:41,8,1,0
BRF:17
BRH:10
end_of_record
TN:
SF:src\models\Admin.js
FN:4,(anonymous_0)
FN:15,(anonymous_1)
FN:26,(anonymous_2)
FN:39,(anonymous_3)
FN:49,(anonymous_4)
FNF:5
FNH:3
FNDA:5,(anonymous_0)
FNDA:2,(anonymous_1)
FNDA:3,(anonymous_2)
FNDA:0,(anonymous_3)
FNDA:0,(anonymous_4)
DA:1,7
DA:5,5
DA:12,5
DA:16,2
DA:17,2
DA:23,2
DA:27,3
DA:28,3
DA:36,3
DA:40,0
DA:46,0
DA:50,0
DA:54,7
LF:13
LH:10
BRDA:21,0,0,2
BRDA:21,0,1,1
BRDA:21,1,0,2
BRDA:21,1,1,1
BRF:4
BRH:4
end_of_record
TN:
SF:src\models\Contract.js
FN:4,(anonymous_0)
FN:24,(anonymous_1)
FN:37,(anonymous_2)
FN:44,(anonymous_3)
FN:66,(anonymous_4)
FN:77,(anonymous_5)
FN:102,(anonymous_6)
FN:127,(anonymous_7)
FN:142,(anonymous_8)
FN:153,(anonymous_9)
FN:203,(anonymous_10)
FNF:11
FNH:10
FNDA:18,(anonymous_0)
FNDA:5,(anonymous_1)
FNDA:2,(anonymous_2)
FNDA:12,(anonymous_3)
FNDA:2,(anonymous_4)
FNDA:1,(anonymous_5)
FNDA:1,(anonymous_6)
FNDA:0,(anonymous_7)
FNDA:6,(anonymous_8)
FNDA:2,(anonymous_9)
FNDA:2,(anonymous_10)
DA:1,7
DA:5,18
DA:21,18
DA:25,5
DA:26,5
DA:34,5
DA:38,2
DA:39,2
DA:40,2
DA:42,2
DA:44,2
DA:45,12
DA:46,3
DA:47,3
DA:48,3
DA:52,2
DA:53,2
DA:55,2
DA:62,2
DA:63,2
DA:67,2
DA:74,2
DA:78,1
DA:87,1
DA:88,1
DA:90,1
DA:91,0
DA:92,0
DA:93,0
DA:96,1
DA:98,1
DA:99,1
DA:103,1
DA:112,1
DA:113,1
DA:115,1
DA:116,0
DA:117,0
DA:118,0
DA:121,1
DA:123,1
DA:124,1
DA:128,0
DA:139,0
DA:143,6
DA:150,6
DA:154,2
DA:165,2
DA:166,2
DA:168,2
DA:169,0
DA:170,0
DA:171,0
DA:174,2
DA:175,0
DA:176,0
DA:177,0
DA:180,2
DA:181,0
DA:182,0
DA:183,0
DA:186,2
DA:188,2
DA:189,0
DA:190,0
DA:191,0
DA:194,2
DA:195,0
DA:196,0
DA:199,2
DA:200,2
DA:204,2
DA:208,7
LF:73
LH:51
BRDA:31,0,0,5
BRDA:31,0,1,0
BRDA:31,1,0,5
BRDA:31,1,1,0
BRDA:32,2,0,5
BRDA:32,2,1,4
BRDA:32,3,0,5
BRDA:32,3,1,5
BRDA:45,4,0,3
BRDA:45,4,1,9
BRDA:77,5,0,1
BRDA:90,6,0,0
BRDA:90,6,1,1
BRDA:102,7,0,1
BRDA:115,8,0,0
BRDA:115,8,1,1
BRDA:153,9,0,0
BRDA:168,10,0,0
BRDA:168,10,1,2
BRDA:174,11,0,0
BRDA:174,11,1,2
BRDA:180,12,0,0
BRDA:180,12,1,2
BRDA:188,13,0,0
BRDA:188,13,1,2
BRDA:194,14,0,0
BRDA:194,14,1,2
BRF:27
BRH:17
end_of_record
TN:
SF:src\models\Landlord.js
FN:4,(anonymous_0)
FN:15,(anonymous_1)
FN:26,(anonymous_2)
FN:33,(anonymous_3)
FN:58,(anonymous_4)
FN:69,(anonymous_5)
FN:97,(anonymous_6)
FN:101,(anonymous_7)
FNF:8
FNH:4
FNDA:7,(anonymous_0)
FNDA:1,(anonymous_1)
FNDA:5,(anonymous_2)
FNDA:35,(anonymous_3)
FNDA:0,(anonymous_4)
FNDA:0,(anonymous_5)
FNDA:0,(anonymous_6)
FNDA:0,(anonymous_7)
DA:1,7
DA:5,7
DA:12,7
DA:16,1
DA:17,1
DA:23,1
DA:27,5
DA:28,5
DA:29,5
DA:31,5
DA:33,5
DA:34,35
DA:35,8
DA:36,8
DA:37,8
DA:41,5
DA:42,0
DA:45,5
DA:47,5
DA:54,5
DA:55,5
DA:59,0
DA:66,0
DA:70,0
DA:76,0
DA:77,0
DA:79,0
DA:80,0
DA:81,0
DA:82,0
DA:85,0
DA:86,0
DA:87,0
DA:88,0
DA:91,0
DA:93,0
DA:94,0
DA:98,0
DA:102,0
DA:114,0
DA:118,7
LF:41
LH:21
BRDA:21,0,0,1
BRDA:21,0,1,1
BRDA:21,1,0,1
BRDA:21,1,1,1
BRDA:21,2,0,1
BRDA:21,2,1,1
BRDA:21,3,0,1
BRDA:21,3,1,1
BRDA:21,4,0,1
BRDA:21,4,1,1
BRDA:21,5,0,1
BRDA:21,5,1,1
BRDA:34,6,0,8
BRDA:34,6,1,27
BRDA:41,7,0,0
BRDA:41,7,1,5
BRDA:69,8,0,0
BRDA:79,9,0,0
BRDA:79,9,1,0
BRDA:85,10,0,0
BRDA:85,10,1,0
BRF:21
BRH:15
end_of_record
TN:
SF:src\models\Province.js
FN:4,(anonymous_0)
FN:12,(anonymous_1)
FN:19,(anonymous_2)
FN:29,(anonymous_3)
FN:40,(anonymous_4)
FN:44,(anonymous_5)
FNF:6
FNH:2
FNDA:0,(anonymous_0)
FNDA:2,(anonymous_1)
FNDA:2,(anonymous_2)
FNDA:0,(anonymous_3)
FNDA:0,(anonymous_4)
FNDA:0,(anonymous_5)
DA:1,7
DA:5,0
DA:9,0
DA:13,2
DA:16,2
DA:20,2
DA:26,2
DA:30,0
DA:31,0
DA:37,0
DA:41,0
DA:45,0
DA:53,0
DA:57,7
LF:14
LH:6
BRF:0
BRH:0
end_of_record
TN:
SF:src\models\RentalPost.js
FN:4,(anonymous_0)
FN:25,(anonymous_1)
FN:50,(anonymous_2)
FN:61,(anonymous_3)
FN:88,(anonymous_4)
FN:99,(anonymous_5)
FN:110,(anonymous_6)
FN:121,(anonymous_7)
FN:214,(anonymous_8)
FN:250,(anonymous_9)
FN:254,(anonymous_10)
FN:275,(anonymous_11)
FNF:12
FNH:11
FNDA:25,(anonymous_0)
FNDA:8,(anonymous_1)
FNDA:10,(anonymous_2)
FNDA:130,(anonymous_3)
FNDA:4,(anonymous_4)
FNDA:1,(anonymous_5)
FNDA:0,(anonymous_6)
FNDA:3,(anonymous_7)
FNDA:3,(anonymous_8)
FNDA:2,(anonymous_9)
FNDA:1,(anonymous_10)
FNDA:3,(anonymous_11)
DA:1,7
DA:5,25
DA:22,25
DA:30,8
DA:32,8
DA:47,8
DA:51,10
DA:52,10
DA:53,10
DA:55,10
DA:61,10
DA:62,130
DA:63,12
DA:64,0
DA:65,0
DA:67,12
DA:68,12
DA:70,12
DA:74,10
DA:75,10
DA:77,10
DA:84,10
DA:85,10
DA:89,4
DA:96,4
DA:100,1
DA:107,1
DA:111,0
DA:118,0
DA:122,3
DA:134,3
DA:135,3
DA:136,3
DA:139,3
DA:140,0
DA:141,0
DA:142,0
DA:143,3
DA:145,3
DA:151,3
DA:152,0
DA:153,0
DA:154,0
DA:157,3
DA:158,0
DA:159,0
DA:160,0
DA:163,3
DA:164,1
DA:165,1
DA:166,1
DA:169,3
DA:170,1
DA:171,1
DA:172,1
DA:175,3
DA:176,1
DA:177,1
DA:178,1
DA:181,3
DA:182,0
DA:183,0
DA:184,0
DA:187,3
DA:188,0
DA:189,0
DA:190,0
DA:193,3
DA:194,3
DA:197,3
DA:199,3
DA:200,0
DA:201,0
DA:202,0
DA:205,3
DA:206,0
DA:207,0
DA:210,3
DA:211,3
DA:215,3
DA:216,3
DA:217,3
DA:218,3
DA:221,3
DA:222,0
DA:223,0
DA:224,0
DA:225,3
DA:226,3
DA:230,3
DA:231,0
DA:232,0
DA:233,0
DA:236,3
DA:237,0
DA:238,0
DA:239,0
DA:242,3
DA:243,3
DA:246,3
DA:247,3
DA:251,2
DA:255,1
DA:262,1
DA:264,1
DA:265,0
DA:266,0
DA:269,1
DA:271,1
DA:272,1
DA:277,3
DA:284,3
DA:285,0
DA:288,3
DA:289,3
DA:292,3
DA:314,3
DA:318,7
LF:118
LH:82
BRDA:39,0,0,8
BRDA:39,0,1,7
BRDA:39,1,0,8
BRDA:39,1,1,7
BRDA:41,2,0,8
BRDA:41,2,1,0
BRDA:42,3,0,8
BRDA:42,3,1,0
BRDA:43,4,0,8
BRDA:43,4,1,7
BRDA:44,5,0,8
BRDA:44,5,1,7
BRDA:62,6,0,12
BRDA:62,6,1,118
BRDA:63,7,0,0
BRDA:63,7,1,12
BRDA:121,8,0,0
BRDA:121,9,0,0
BRDA:139,10,0,0
BRDA:139,10,1,3
BRDA:143,11,0,3
BRDA:143,11,1,0
BRDA:151,12,0,0
BRDA:151,12,1,3
BRDA:157,13,0,0
BRDA:157,13,1,3
BRDA:163,14,0,1
BRDA:163,14,1,2
BRDA:169,15,0,1
BRDA:169,15,1,2
BRDA:175,16,0,1
BRDA:175,16,1,2
BRDA:181,17,0,0
BRDA:181,17,1,3
BRDA:187,18,0,0
BRDA:187,18,1,3
BRDA:193,19,0,3
BRDA:193,19,1,0
BRDA:199,20,0,0
BRDA:199,20,1,3
BRDA:205,21,0,0
BRDA:205,21,1,3
BRDA:214,22,0,0
BRDA:214,23,0,0
BRDA:221,24,0,0
BRDA:221,24,1,3
BRDA:225,25,0,3
BRDA:225,25,1,0
BRDA:230,26,0,0
BRDA:230,26,1,3
BRDA:236,27,0,0
BRDA:236,27,1,3
BRDA:242,28,0,3
BRDA:242,28,1,0
BRDA:254,29,0,1
BRDA:264,30,0,0
BRDA:264,30,1,1
BRDA:284,31,0,0
BRDA:284,31,1,3
BRF:59
BRH:36
end_of_record
TN:
SF:src\models\Tenant.js
FN:4,(anonymous_0)
FN:15,(anonymous_1)
FN:29,(anonymous_2)
FN:40,(anonymous_3)
FN:47,(anonymous_4)
FN:72,(anonymous_5)
FN:121,(anonymous_6)
FNF:7
FNH:4
FNDA:0,(anonymous_0)
FNDA:9,(anonymous_1)
FNDA:1,(anonymous_2)
FNDA:6,(anonymous_3)
FNDA:48,(anonymous_4)
FNDA:0,(anonymous_5)
FNDA:0,(anonymous_6)
DA:1,7
DA:5,0
DA:12,0
DA:16,9
DA:26,9
DA:30,1
DA:31,1
DA:37,1
DA:41,6
DA:42,6
DA:43,6
DA:45,6
DA:47,6
DA:48,48
DA:49,14
DA:50,14
DA:51,14
DA:55,6
DA:56,0
DA:59,6
DA:61,6
DA:68,6
DA:69,6
DA:73,0
DA:82,0
DA:83,0
DA:85,0
DA:86,0
DA:87,0
DA:88,0
DA:91,0
DA:92,0
DA:93,0
DA:94,0
DA:97,0
DA:98,0
DA:99,0
DA:100,0
DA:103,0
DA:104,0
DA:105,0
DA:106,0
DA:109,0
DA:110,0
DA:111,0
DA:112,0
DA:115,0
DA:117,0
DA:118,0
DA:122,0
DA:126,7
LF:51
LH:21
BRDA:35,0,0,1
BRDA:35,0,1,1
BRDA:35,1,0,1
BRDA:35,1,1,1
BRDA:35,2,0,1
BRDA:35,2,1,1
BRDA:35,3,0,1
BRDA:35,3,1,1
BRDA:35,4,0,1
BRDA:35,4,1,1
BRDA:35,5,0,1
BRDA:35,5,1,1
BRDA:35,6,0,1
BRDA:35,6,1,1
BRDA:35,7,0,1
BRDA:35,7,1,1
BRDA:48,8,0,14
BRDA:48,8,1,34
BRDA:55,9,0,0
BRDA:55,9,1,6
BRDA:72,10,0,0
BRDA:85,11,0,0
BRDA:85,11,1,0
BRDA:91,12,0,0
BRDA:91,12,1,0
BRDA:97,13,0,0
BRDA:97,13,1,0
BRDA:103,14,0,0
BRDA:103,14,1,0
BRDA:109,15,0,0
BRDA:109,15,1,0
BRF:31
BRH:19
end_of_record
TN:
SF:src\models\User.js
FN:4,(anonymous_0)
FN:12,(anonymous_1)
FN:20,(anonymous_2)
FN:28,(anonymous_3)
FN:39,(anonymous_4)
FN:44,(anonymous_5)
FN:66,(anonymous_6)
FN:77,(anonymous_7)
FN:88,(anonymous_8)
FN:97,(anonymous_9)
FN:106,(anonymous_10)
FN:117,(anonymous_11)
FN:128,(anonymous_12)
FNF:13
FNH:6
FNDA:147,(anonymous_0)
FNDA:7,(anonymous_1)
FNDA:30,(anonymous_2)
FNDA:4,(anonymous_3)
FNDA:6,(anonymous_4)
FNDA:6,(anonymous_5)
FNDA:0,(anonymous_6)
FNDA:0,(anonymous_7)
FNDA:0,(anonymous_8)
FNDA:0,(anonymous_9)
FNDA:0,(anonymous_10)
FNDA:0,(anonymous_11)
FNDA:0,(anonymous_12)
DA:1,7
DA:5,147
DA:9,147
DA:13,7
DA:17,7
DA:21,30
DA:25,30
DA:29,4
DA:30,4
DA:36,4
DA:40,6
DA:41,6
DA:42,6
DA:44,6
DA:45,6
DA:46,6
DA:47,6
DA:48,6
DA:52,6
DA:53,6
DA:55,6
DA:62,6
DA:63,6
DA:67,0
DA:74,0
DA:78,0
DA:85,0
DA:89,0
DA:94,0
DA:98,0
DA:107,0
DA:114,0
DA:118,0
DA:125,0
DA:129,0
DA:130,0
DA:131,0
DA:133,0
DA:134,0
DA:135,0
DA:136,0
DA:139,0
DA:140,0
DA:141,0
DA:142,0
DA:145,0
DA:147,0
DA:148,0
DA:152,7
LF:49
LH:24
BRDA:45,0,0,6
BRDA:45,0,1,0
BRDA:128,1,0,0
BRDA:133,2,0,0
BRDA:133,2,1,0
BRDA:139,3,0,0
BRDA:139,3,1,0
BRF:7
BRH:1
end_of_record
TN:
SF:src\models\Ward.js
FN:4,(anonymous_0)
FN:15,(anonymous_1)
FN:25,(anonymous_2)
FN:35,(anonymous_3)
FN:46,(anonymous_4)
FN:57,(anonymous_5)
FNF:6
FNH:3
FNDA:0,(anonymous_0)
FNDA:2,(anonymous_1)
FNDA:1,(anonymous_2)
FNDA:1,(anonymous_3)
FNDA:0,(anonymous_4)
FNDA:0,(anonymous_5)
DA:1,7
DA:5,0
DA:12,0
DA:16,2
DA:22,2
DA:26,1
DA:32,1
DA:36,1
DA:43,1
DA:47,0
DA:48,0
DA:54,0
DA:58,0
DA:62,7
LF:14
LH:8
BRF:0
BRH:0
end_of_record
TN:
SF:src\models\index.js
FNF:0
FNH:0
DA:2,7
DA:3,7
DA:4,7
DA:5,7
DA:6,7
DA:7,7
DA:8,7
DA:9,7
DA:11,7
LF:9
LH:9
BRF:0
BRH:0
end_of_record
TN:
SF:src\routes\admin.js
FN:9,(anonymous_0)
FN:12,(anonymous_1)
FN:15,(anonymous_2)
FN:18,(anonymous_3)
FNF:4
FNH:4
FNDA:8,(anonymous_0)
FNDA:7,(anonymous_1)
FNDA:5,(anonymous_2)
FNDA:6,(anonymous_3)
DA:2,7
DA:3,7
DA:4,7
DA:6,7
DA:9,8
DA:12,7
DA:15,7
DA:18,7
DA:20,7
LF:9
LH:9
BRF:0
BRH:0
end_of_record
TN:
SF:src\routes\auth.js
FN:7,(anonymous_0)
FN:8,(anonymous_1)
FN:10,(anonymous_2)
FN:11,(anonymous_3)
FN:13,(anonymous_4)
FN:15,(anonymous_5)
FN:16,(anonymous_6)
FNF:7
FNH:5
FNDA:5,(anonymous_0)
FNDA:17,(anonymous_1)
FNDA:2,(anonymous_2)
FNDA:7,(anonymous_3)
FNDA:8,(anonymous_4)
FNDA:0,(anonymous_5)
FNDA:0,(anonymous_6)
DA:2,7
DA:3,7
DA:5,7
DA:7,7
DA:8,17
DA:10,7
DA:11,7
DA:13,8
DA:15,7
DA:16,7
DA:18,7
LF:11
LH:11
BRF:0
BRH:0
end_of_record
TN:
SF:src\routes\contract.js
FN:12,(anonymous_0)
FN:13,(anonymous_1)
FN:14,(anonymous_2)
FN:15,(anonymous_3)
FN:18,(anonymous_4)
FN:21,(anonymous_5)
FN:22,(anonymous_6)
FN:25,(anonymous_7)
FNF:8
FNH:8
FNDA:2,(anonymous_0)
FNDA:2,(anonymous_1)
FNDA:2,(anonymous_2)
FNDA:5,(anonymous_3)
FNDA:12,(anonymous_4)
FNDA:5,(anonymous_5)
FNDA:4,(anonymous_6)
FNDA:4,(anonymous_7)
DA:2,7
DA:3,7
DA:4,7
DA:6,7
DA:9,7
DA:12,7
DA:13,7
DA:14,7
DA:15,7
DA:18,12
DA:21,7
DA:22,7
DA:25,7
DA:27,7
LF:14
LH:14
BRF:0
BRH:0
end_of_record
TN:
SF:src\routes\location.js
FNF:0
FNH:0
DA:2,7
DA:3,7
DA:5,7
DA:8,7
DA:9,7
DA:10,7
DA:11,7
DA:13,7
LF:8
LH:8
BRF:0
BRH:0
end_of_record
TN:
SF:src\routes\profile.js
FNF:0
FNH:0
DA:2,7
DA:3,7
DA:4,7
DA:6,7
DA:9,7
DA:12,7
DA:14,7
LF:7
LH:7
BRF:0
BRH:0
end_of_record
TN:
SF:src\routes\rentalPost.js
FN:13,(anonymous_0)
FN:14,(anonymous_1)
FN:15,(anonymous_2)
FN:16,(anonymous_3)
FN:19,(anonymous_4)
FN:22,(anonymous_5)
FN:23,(anonymous_6)
FN:24,(anonymous_7)
FN:27,(anonymous_8)
FNF:9
FNH:9
FNDA:5,(anonymous_0)
FNDA:2,(anonymous_1)
FNDA:3,(anonymous_2)
FNDA:3,(anonymous_3)
FNDA:11,(anonymous_4)
FNDA:7,(anonymous_5)
FNDA:4,(anonymous_6)
FNDA:4,(anonymous_7)
FNDA:4,(anonymous_8)
DA:2,7
DA:3,7
DA:4,7
DA:5,7
DA:7,7
DA:10,7
DA:13,7
DA:14,7
DA:15,7
DA:16,7
DA:19,11
DA:22,7
DA:23,7
DA:24,7
DA:27,7
DA:29,7
LF:16
LH:16
BRF:0
BRH:0
end_of_record
TN:
SF:src\utils\sendEmail.js
FN:3,(anonymous_0)
FNF:1
FNH:0
FNDA:0,(anonymous_0)
DA:1,7
DA:3,7
DA:5,0
DA:15,0
DA:24,0
DA:27,7
LF:6
LH:3
BRF:0
BRH:0
end_of_record
