TN:
SF:__tests__\setup\testHelper.js
FN:6,(anonymous_0)
FN:11,(anonymous_1)
FN:54,(anonymous_2)
FN:67,(anonymous_3)
FN:112,(anonymous_4)
FNF:5
FNH:5
FNDA:1,(anonymous_0)
FNDA:4,(anonymous_1)
FNDA:1,(anonymous_2)
FNDA:1,(anonymous_3)
FNDA:1,(anonymous_4)
DA:2,1
DA:3,1
DA:7,1
DA:12,4
DA:15,4
DA:16,4
DA:19,4
DA:26,4
DA:27,4
DA:30,4
DA:31,2
DA:36,2
DA:37,1
DA:42,1
DA:43,1
DA:50,4
DA:55,1
DA:56,4
DA:58,4
DA:60,0
DA:63,1
DA:69,1
DA:79,1
DA:90,1
DA:100,1
DA:108,1
DA:113,1
DA:117,1
LF:28
LH:27
BRDA:30,0,0,2
BRDA:30,0,1,2
BRDA:34,1,0,2
BRDA:34,1,1,1
BRDA:34,2,0,2
BRDA:34,2,1,1
BRDA:36,3,0,1
BRDA:36,3,1,1
BRDA:40,4,0,1
BRDA:40,4,1,0
BRDA:40,5,0,1
BRDA:40,5,1,0
BRDA:40,6,0,1
BRDA:40,6,1,0
BRDA:42,7,0,1
BRDA:42,7,1,0
BRDA:46,8,0,1
BRDA:46,8,1,0
BRDA:46,9,0,1
BRDA:46,9,1,0
BRF:20
BRH:14
end_of_record
TN:
SF:src\app.js
FN:10,(anonymous_0)
FNF:1
FNH:0
FNDA:0,(anonymous_0)
DA:1,1
DA:2,1
DA:3,1
DA:5,1
DA:7,1
DA:8,1
DA:10,1
DA:11,0
DA:14,1
DA:15,1
DA:17,1
DA:18,1
DA:20,1
DA:21,1
DA:23,1
DA:24,1
DA:26,1
LF:17
LH:16
BRF:0
BRH:0
end_of_record
TN:
SF:src\controllers\adminController.js
FN:8,(anonymous_0)
FNF:1
FNH:0
FNDA:0,(anonymous_0)
DA:2,1
DA:3,1
DA:4,1
DA:10,0
DA:11,0
DA:14,0
DA:16,0
DA:17,0
DA:20,0
DA:21,0
DA:22,0
DA:25,0
DA:26,0
DA:27,0
DA:28,0
DA:32,0
DA:33,0
DA:36,0
DA:44,0
DA:50,0
DA:53,0
DA:65,0
DA:66,0
DA:67,0
DA:69,0
DA:74,1
LF:26
LH:4
BRDA:10,0,0,0
BRDA:10,0,1,0
BRDA:16,1,0,0
BRDA:16,1,1,0
BRDA:16,2,0,0
BRDA:16,2,1,0
BRDA:16,2,2,0
BRDA:26,3,0,0
BRDA:26,3,1,0
BRDA:60,4,0,0
BRDA:60,4,1,0
BRDA:61,5,0,0
BRDA:61,5,1,0
BRF:13
BRH:0
end_of_record
TN:
SF:src\controllers\authController.js
FN:11,(anonymous_0)
FN:20,(anonymous_1)
FN:75,(anonymous_2)
FN:131,(anonymous_3)
FN:172,(anonymous_4)
FN:216,(anonymous_5)
FNF:6
FNH:2
FNDA:3,(anonymous_0)
FNDA:0,(anonymous_1)
FNDA:0,(anonymous_2)
FNDA:10,(anonymous_3)
FNDA:0,(anonymous_4)
FNDA:0,(anonymous_5)
DA:2,1
DA:3,1
DA:4,1
DA:5,1
DA:6,1
DA:7,1
DA:12,3
DA:21,0
DA:23,0
DA:24,0
DA:27,0
DA:28,0
DA:29,0
DA:32,0
DA:33,0
DA:34,0
DA:35,0
DA:39,0
DA:40,0
DA:43,0
DA:51,0
DA:57,0
DA:59,0
DA:60,0
DA:66,0
DA:67,0
DA:68,0
DA:70,0
DA:76,0
DA:78,0
DA:79,0
DA:82,0
DA:83,0
DA:84,0
DA:87,0
DA:88,0
DA:89,0
DA:90,0
DA:94,0
DA:95,0
DA:98,0
DA:106,0
DA:113,0
DA:115,0
DA:116,0
DA:122,0
DA:123,0
DA:124,0
DA:126,0
DA:132,10
DA:133,10
DA:135,10
DA:136,2
DA:140,8
DA:141,8
DA:142,3
DA:146,5
DA:147,1
DA:151,4
DA:152,4
DA:153,1
DA:157,3
DA:158,3
DA:160,3
DA:166,0
DA:167,0
DA:173,0
DA:174,0
DA:177,0
DA:179,0
DA:181,0
DA:184,0
DA:185,0
DA:188,0
DA:191,0
DA:194,0
DA:195,0
DA:196,0
DA:201,0
DA:203,0
DA:205,0
DA:206,0
DA:210,0
DA:211,0
DA:217,0
DA:218,0
DA:219,0
DA:221,0
DA:222,0
DA:225,0
DA:228,0
DA:230,0
DA:231,0
DA:235,0
DA:236,0
DA:239,0
DA:240,0
DA:242,0
DA:245,0
DA:246,0
DA:251,1
LF:101
LH:23
BRDA:15,0,0,3
BRDA:15,0,1,0
BRDA:23,1,0,0
BRDA:23,1,1,0
BRDA:23,2,0,0
BRDA:23,2,1,0
BRDA:23,2,2,0
BRDA:33,3,0,0
BRDA:33,3,1,0
BRDA:78,4,0,0
BRDA:78,4,1,0
BRDA:78,5,0,0
BRDA:78,5,1,0
BRDA:78,5,2,0
BRDA:88,6,0,0
BRDA:88,6,1,0
BRDA:135,7,0,2
BRDA:135,7,1,8
BRDA:135,8,0,10
BRDA:135,8,1,9
BRDA:141,9,0,3
BRDA:141,9,1,5
BRDA:146,10,0,1
BRDA:146,10,1,4
BRDA:152,11,0,1
BRDA:152,11,1,3
BRDA:179,12,0,0
BRDA:179,12,1,0
BRDA:221,13,0,0
BRDA:221,13,1,0
BRDA:230,14,0,0
BRDA:230,14,1,0
BRF:32
BRH:11
end_of_record
TN:
SF:src\controllers\profileController.js
FN:6,(anonymous_0)
FN:61,(anonymous_1)
FNF:2
FNH:0
FNDA:0,(anonymous_0)
FNDA:0,(anonymous_1)
DA:2,1
DA:7,0
DA:8,0
DA:9,0
DA:12,0
DA:13,0
DA:14,0
DA:17,0
DA:28,0
DA:29,0
DA:30,0
DA:31,0
DA:32,0
DA:34,0
DA:35,0
DA:36,0
DA:37,0
DA:38,0
DA:40,0
DA:41,0
DA:42,0
DA:43,0
DA:44,0
DA:45,0
DA:46,0
DA:50,0
DA:55,0
DA:56,0
DA:62,0
DA:63,0
DA:64,0
DA:65,0
DA:68,0
DA:69,0
DA:73,0
DA:74,0
DA:75,0
DA:76,0
DA:78,0
DA:79,0
DA:81,0
DA:82,0
DA:83,0
DA:84,0
DA:86,0
DA:87,0
DA:89,0
DA:90,0
DA:91,0
DA:92,0
DA:93,0
DA:95,0
DA:96,0
DA:101,0
DA:102,0
DA:111,0
DA:112,0
DA:113,0
DA:114,0
DA:115,0
DA:117,0
DA:118,0
DA:119,0
DA:120,0
DA:121,0
DA:123,0
DA:124,0
DA:125,0
DA:126,0
DA:127,0
DA:128,0
DA:129,0
DA:133,0
DA:138,0
DA:139,0
DA:144,1
LF:76
LH:2
BRDA:13,0,0,0
BRDA:13,0,1,0
BRDA:28,1,0,0
BRDA:28,1,1,0
BRDA:30,2,0,0
BRDA:30,2,1,0
BRDA:34,3,0,0
BRDA:34,3,1,0
BRDA:36,4,0,0
BRDA:36,4,1,0
BRDA:40,5,0,0
BRDA:40,5,1,0
BRDA:42,6,0,0
BRDA:42,6,1,0
BRDA:68,7,0,0
BRDA:68,7,1,0
BRDA:73,8,0,0
BRDA:73,8,1,0
BRDA:75,9,0,0
BRDA:75,9,1,0
BRDA:76,10,0,0
BRDA:76,10,1,0
BRDA:78,11,0,0
BRDA:78,11,1,0
BRDA:81,12,0,0
BRDA:81,12,1,0
BRDA:83,13,0,0
BRDA:83,13,1,0
BRDA:84,14,0,0
BRDA:84,14,1,0
BRDA:86,15,0,0
BRDA:86,15,1,0
BRDA:89,16,0,0
BRDA:89,16,1,0
BRDA:91,17,0,0
BRDA:91,17,1,0
BRDA:92,18,0,0
BRDA:92,18,1,0
BRDA:93,19,0,0
BRDA:93,19,1,0
BRDA:95,20,0,0
BRDA:95,20,1,0
BRDA:111,21,0,0
BRDA:111,21,1,0
BRDA:113,22,0,0
BRDA:113,22,1,0
BRDA:117,23,0,0
BRDA:117,23,1,0
BRDA:119,24,0,0
BRDA:119,24,1,0
BRDA:123,25,0,0
BRDA:123,25,1,0
BRDA:125,26,0,0
BRDA:125,26,1,0
BRF:54
BRH:0
end_of_record
TN:
SF:src\controllers\rentalPostController.js
FN:6,(anonymous_0)
FN:52,(anonymous_1)
FN:98,(anonymous_2)
FN:136,(anonymous_3)
FN:185,(anonymous_4)
FN:216,(anonymous_5)
FN:246,(anonymous_6)
FN:278,(anonymous_7)
FNF:8
FNH:0
FNDA:0,(anonymous_0)
FNDA:0,(anonymous_1)
FNDA:0,(anonymous_2)
FNDA:0,(anonymous_3)
FNDA:0,(anonymous_4)
FNDA:0,(anonymous_5)
FNDA:0,(anonymous_6)
FNDA:0,(anonymous_7)
DA:2,1
DA:7,0
DA:9,0
DA:10,0
DA:16,0
DA:19,0
DA:20,0
DA:25,0
DA:39,0
DA:41,0
DA:46,0
DA:47,0
DA:53,0
DA:55,0
DA:56,0
DA:62,0
DA:64,0
DA:67,0
DA:68,0
DA:71,0
DA:72,0
DA:75,0
DA:76,0
DA:77,0
DA:78,0
DA:79,0
DA:80,0
DA:81,0
DA:83,0
DA:84,0
DA:86,0
DA:92,0
DA:93,0
DA:99,0
DA:101,0
DA:102,0
DA:105,0
DA:106,0
DA:108,0
DA:109,0
DA:114,0
DA:116,0
DA:117,0
DA:122,0
DA:125,0
DA:130,0
DA:131,0
DA:137,0
DA:138,0
DA:139,0
DA:141,0
DA:142,0
DA:146,0
DA:147,0
DA:151,0
DA:152,0
DA:158,0
DA:160,0
DA:161,0
DA:162,0
DA:163,0
DA:164,0
DA:165,0
DA:166,0
DA:167,0
DA:168,0
DA:169,0
DA:170,0
DA:172,0
DA:174,0
DA:179,0
DA:180,0
DA:186,0
DA:187,0
DA:188,0
DA:190,0
DA:191,0
DA:196,0
DA:197,0
DA:200,0
DA:201,0
DA:204,0
DA:206,0
DA:210,0
DA:211,0
DA:217,0
DA:218,0
DA:219,0
DA:222,0
DA:223,0
DA:225,0
DA:226,0
DA:229,0
DA:230,0
DA:233,0
DA:235,0
DA:240,0
DA:241,0
DA:247,0
DA:248,0
DA:249,0
DA:252,0
DA:253,0
DA:255,0
DA:256,0
DA:259,0
DA:261,0
DA:262,0
DA:265,0
DA:267,0
DA:272,0
DA:273,0
DA:279,0
DA:280,0
DA:281,0
DA:284,0
DA:285,0
DA:287,0
DA:293,0
DA:294,0
DA:299,1
LF:121
LH:2
BRDA:9,0,0,0
BRDA:9,0,1,0
BRDA:19,1,0,0
BRDA:19,1,1,0
BRDA:19,2,0,0
BRDA:19,2,1,0
BRDA:19,2,2,0
BRDA:19,2,3,0
BRDA:19,2,4,0
BRDA:19,2,5,0
BRDA:35,3,0,0
BRDA:35,3,1,0
BRDA:36,4,0,0
BRDA:36,4,1,0
BRDA:55,5,0,0
BRDA:55,5,1,0
BRDA:67,6,0,0
BRDA:67,6,1,0
BRDA:67,7,0,0
BRDA:67,7,1,0
BRDA:71,8,0,0
BRDA:71,8,1,0
BRDA:72,9,0,0
BRDA:72,9,1,0
BRDA:75,10,0,0
BRDA:75,10,1,0
BRDA:76,11,0,0
BRDA:76,11,1,0
BRDA:77,12,0,0
BRDA:77,12,1,0
BRDA:78,13,0,0
BRDA:78,13,1,0
BRDA:79,14,0,0
BRDA:79,14,1,0
BRDA:80,15,0,0
BRDA:80,15,1,0
BRDA:81,16,0,0
BRDA:81,16,1,0
BRDA:101,17,0,0
BRDA:101,17,1,0
BRDA:108,18,0,0
BRDA:108,18,1,0
BRDA:114,19,0,0
BRDA:114,19,1,0
BRDA:114,20,0,0
BRDA:114,20,1,0
BRDA:114,20,2,0
BRDA:116,21,0,0
BRDA:116,21,1,0
BRDA:116,22,0,0
BRDA:116,22,1,0
BRDA:141,23,0,0
BRDA:141,23,1,0
BRDA:146,24,0,0
BRDA:146,24,1,0
BRDA:146,25,0,0
BRDA:146,25,1,0
BRDA:151,26,0,0
BRDA:151,26,1,0
BRDA:161,27,0,0
BRDA:161,27,1,0
BRDA:162,28,0,0
BRDA:162,28,1,0
BRDA:163,29,0,0
BRDA:163,29,1,0
BRDA:164,30,0,0
BRDA:164,30,1,0
BRDA:165,31,0,0
BRDA:165,31,1,0
BRDA:166,32,0,0
BRDA:166,32,1,0
BRDA:167,33,0,0
BRDA:167,33,1,0
BRDA:168,34,0,0
BRDA:168,34,1,0
BRDA:169,35,0,0
BRDA:169,35,1,0
BRDA:170,36,0,0
BRDA:170,36,1,0
BRDA:190,37,0,0
BRDA:190,37,1,0
BRDA:196,38,0,0
BRDA:196,38,1,0
BRDA:196,39,0,0
BRDA:196,39,1,0
BRDA:200,40,0,0
BRDA:200,40,1,0
BRDA:200,41,0,0
BRDA:200,41,1,0
BRDA:218,42,0,0
BRDA:218,42,1,0
BRDA:225,43,0,0
BRDA:225,43,1,0
BRDA:229,44,0,0
BRDA:229,44,1,0
BRDA:248,45,0,0
BRDA:248,45,1,0
BRDA:255,46,0,0
BRDA:255,46,1,0
BRDA:261,47,0,0
BRDA:261,47,1,0
BRDA:280,48,0,0
BRDA:280,48,1,0
BRF:103
BRH:0
end_of_record
TN:
SF:src\db\db.js
FN:9,(anonymous_0)
FN:14,(anonymous_1)
FNF:2
FNH:2
FNDA:1,(anonymous_0)
FNDA:20,(anonymous_1)
DA:2,1
DA:3,1
DA:5,1
DA:9,1
DA:10,1
DA:13,1
DA:14,20
LF:7
LH:7
BRF:0
BRH:0
end_of_record
TN:
SF:src\middleware\auth.js
FN:4,(anonymous_0)
FN:33,(anonymous_1)
FN:40,(anonymous_2)
FNF:3
FNH:1
FNDA:0,(anonymous_0)
FNDA:3,(anonymous_1)
FNDA:0,(anonymous_2)
DA:1,1
DA:2,1
DA:4,1
DA:5,0
DA:6,0
DA:8,0
DA:9,0
DA:12,0
DA:13,0
DA:16,0
DA:18,0
DA:19,0
DA:22,0
DA:23,0
DA:25,0
DA:26,0
DA:28,0
DA:29,0
DA:33,1
DA:34,3
DA:35,3
DA:38,3
DA:41,0
DA:42,0
DA:46,0
DA:51,1
DA:52,1
DA:53,1
DA:55,1
LF:29
LH:11
BRDA:8,0,0,0
BRDA:8,0,1,0
BRDA:8,1,0,0
BRDA:8,1,1,0
BRDA:18,2,0,0
BRDA:18,2,1,0
BRDA:18,3,0,0
BRDA:18,3,1,0
BRDA:25,4,0,0
BRDA:25,4,1,0
BRDA:25,5,0,0
BRDA:25,5,1,0
BRDA:33,6,0,0
BRDA:34,7,0,3
BRDA:34,7,1,0
BRDA:41,8,0,0
BRDA:41,8,1,0
BRF:17
BRH:1
end_of_record
TN:
SF:src\models\Admin.js
FN:4,(anonymous_0)
FN:15,(anonymous_1)
FN:26,(anonymous_2)
FN:39,(anonymous_3)
FN:49,(anonymous_4)
FNF:5
FNH:0
FNDA:0,(anonymous_0)
FNDA:0,(anonymous_1)
FNDA:0,(anonymous_2)
FNDA:0,(anonymous_3)
FNDA:0,(anonymous_4)
DA:1,1
DA:5,0
DA:12,0
DA:16,0
DA:17,0
DA:23,0
DA:27,0
DA:28,0
DA:36,0
DA:40,0
DA:46,0
DA:50,0
DA:54,1
LF:13
LH:2
BRDA:21,0,0,0
BRDA:21,0,1,0
BRDA:21,1,0,0
BRDA:21,1,1,0
BRF:4
BRH:0
end_of_record
TN:
SF:src\models\Landlord.js
FN:4,(anonymous_0)
FN:15,(anonymous_1)
FN:26,(anonymous_2)
FN:33,(anonymous_3)
FN:58,(anonymous_4)
FN:69,(anonymous_5)
FN:97,(anonymous_6)
FN:101,(anonymous_7)
FNF:8
FNH:0
FNDA:0,(anonymous_0)
FNDA:0,(anonymous_1)
FNDA:0,(anonymous_2)
FNDA:0,(anonymous_3)
FNDA:0,(anonymous_4)
FNDA:0,(anonymous_5)
FNDA:0,(anonymous_6)
FNDA:0,(anonymous_7)
DA:1,1
DA:5,0
DA:12,0
DA:16,0
DA:17,0
DA:23,0
DA:27,0
DA:28,0
DA:29,0
DA:31,0
DA:33,0
DA:34,0
DA:35,0
DA:36,0
DA:37,0
DA:41,0
DA:42,0
DA:45,0
DA:47,0
DA:54,0
DA:55,0
DA:59,0
DA:66,0
DA:70,0
DA:76,0
DA:77,0
DA:79,0
DA:80,0
DA:81,0
DA:82,0
DA:85,0
DA:86,0
DA:87,0
DA:88,0
DA:91,0
DA:93,0
DA:94,0
DA:98,0
DA:102,0
DA:114,0
DA:118,1
LF:41
LH:2
BRDA:21,0,0,0
BRDA:21,0,1,0
BRDA:21,1,0,0
BRDA:21,1,1,0
BRDA:21,2,0,0
BRDA:21,2,1,0
BRDA:34,3,0,0
BRDA:34,3,1,0
BRDA:41,4,0,0
BRDA:41,4,1,0
BRDA:69,5,0,0
BRDA:79,6,0,0
BRDA:79,6,1,0
BRDA:85,7,0,0
BRDA:85,7,1,0
BRF:15
BRH:0
end_of_record
TN:
SF:src\models\Province.js
FN:4,(anonymous_0)
FN:12,(anonymous_1)
FN:19,(anonymous_2)
FN:29,(anonymous_3)
FN:40,(anonymous_4)
FN:44,(anonymous_5)
FNF:6
FNH:0
FNDA:0,(anonymous_0)
FNDA:0,(anonymous_1)
FNDA:0,(anonymous_2)
FNDA:0,(anonymous_3)
FNDA:0,(anonymous_4)
FNDA:0,(anonymous_5)
DA:1,1
DA:5,0
DA:9,0
DA:13,0
DA:16,0
DA:20,0
DA:26,0
DA:30,0
DA:31,0
DA:37,0
DA:41,0
DA:45,0
DA:53,0
DA:57,1
LF:14
LH:2
BRF:0
BRH:0
end_of_record
TN:
SF:src\models\RentalPost.js
FN:4,(anonymous_0)
FN:25,(anonymous_1)
FN:47,(anonymous_2)
FN:57,(anonymous_3)
FN:84,(anonymous_4)
FN:95,(anonymous_5)
FN:106,(anonymous_6)
FN:117,(anonymous_7)
FN:193,(anonymous_8)
FN:214,(anonymous_9)
FN:218,(anonymous_10)
FNF:11
FNH:0
FNDA:0,(anonymous_0)
FNDA:0,(anonymous_1)
FNDA:0,(anonymous_2)
FNDA:0,(anonymous_3)
FNDA:0,(anonymous_4)
FNDA:0,(anonymous_5)
FNDA:0,(anonymous_6)
FNDA:0,(anonymous_7)
FNDA:0,(anonymous_8)
FNDA:0,(anonymous_9)
FNDA:0,(anonymous_10)
DA:1,1
DA:5,0
DA:22,0
DA:29,0
DA:31,0
DA:44,0
DA:48,0
DA:49,0
DA:50,0
DA:52,0
DA:57,0
DA:58,0
DA:59,0
DA:60,0
DA:61,0
DA:63,0
DA:64,0
DA:66,0
DA:70,0
DA:71,0
DA:73,0
DA:80,0
DA:81,0
DA:85,0
DA:92,0
DA:96,0
DA:103,0
DA:107,0
DA:114,0
DA:118,0
DA:131,0
DA:132,0
DA:134,0
DA:135,0
DA:136,0
DA:137,0
DA:140,0
DA:141,0
DA:142,0
DA:143,0
DA:146,0
DA:147,0
DA:148,0
DA:149,0
DA:152,0
DA:153,0
DA:154,0
DA:155,0
DA:158,0
DA:159,0
DA:160,0
DA:161,0
DA:164,0
DA:165,0
DA:166,0
DA:167,0
DA:170,0
DA:171,0
DA:172,0
DA:173,0
DA:176,0
DA:178,0
DA:179,0
DA:180,0
DA:181,0
DA:184,0
DA:185,0
DA:186,0
DA:189,0
DA:190,0
DA:194,0
DA:195,0
DA:196,0
DA:198,0
DA:199,0
DA:200,0
DA:201,0
DA:204,0
DA:205,0
DA:206,0
DA:207,0
DA:210,0
DA:211,0
DA:215,0
DA:219,0
DA:226,0
DA:228,0
DA:229,0
DA:230,0
DA:233,0
DA:235,0
DA:236,0
DA:240,1
LF:93
LH:2
BRDA:38,0,0,0
BRDA:38,0,1,0
BRDA:38,1,0,0
BRDA:38,1,1,0
BRDA:40,2,0,0
BRDA:40,2,1,0
BRDA:41,3,0,0
BRDA:41,3,1,0
BRDA:58,4,0,0
BRDA:58,4,1,0
BRDA:59,5,0,0
BRDA:59,5,1,0
BRDA:117,6,0,0
BRDA:134,7,0,0
BRDA:134,7,1,0
BRDA:140,8,0,0
BRDA:140,8,1,0
BRDA:146,9,0,0
BRDA:146,9,1,0
BRDA:152,10,0,0
BRDA:152,10,1,0
BRDA:158,11,0,0
BRDA:158,11,1,0
BRDA:164,12,0,0
BRDA:164,12,1,0
BRDA:170,13,0,0
BRDA:170,13,1,0
BRDA:178,14,0,0
BRDA:178,14,1,0
BRDA:184,15,0,0
BRDA:184,15,1,0
BRDA:193,16,0,0
BRDA:198,17,0,0
BRDA:198,17,1,0
BRDA:204,18,0,0
BRDA:204,18,1,0
BRDA:218,19,0,0
BRDA:228,20,0,0
BRDA:228,20,1,0
BRF:39
BRH:0
end_of_record
TN:
SF:src\models\Tenant.js
FN:4,(anonymous_0)
FN:15,(anonymous_1)
FN:26,(anonymous_2)
FN:56,(anonymous_3)
FN:84,(anonymous_4)
FNF:5
FNH:0
FNDA:0,(anonymous_0)
FNDA:0,(anonymous_1)
FNDA:0,(anonymous_2)
FNDA:0,(anonymous_3)
FNDA:0,(anonymous_4)
DA:1,1
DA:5,0
DA:12,0
DA:16,0
DA:17,0
DA:23,0
DA:27,0
DA:28,0
DA:29,0
DA:31,0
DA:32,0
DA:33,0
DA:34,0
DA:37,0
DA:38,0
DA:39,0
DA:40,0
DA:43,0
DA:45,0
DA:52,0
DA:53,0
DA:57,0
DA:63,0
DA:64,0
DA:66,0
DA:67,0
DA:68,0
DA:69,0
DA:72,0
DA:73,0
DA:74,0
DA:75,0
DA:78,0
DA:80,0
DA:81,0
DA:85,0
DA:89,1
LF:37
LH:2
BRDA:21,0,0,0
BRDA:21,0,1,0
BRDA:21,1,0,0
BRDA:21,1,1,0
BRDA:31,2,0,0
BRDA:31,2,1,0
BRDA:37,3,0,0
BRDA:37,3,1,0
BRDA:56,4,0,0
BRDA:66,5,0,0
BRDA:66,5,1,0
BRDA:72,6,0,0
BRDA:72,6,1,0
BRF:13
BRH:0
end_of_record
TN:
SF:src\models\User.js
FN:4,(anonymous_0)
FN:12,(anonymous_1)
FN:20,(anonymous_2)
FN:28,(anonymous_3)
FN:39,(anonymous_4)
FN:44,(anonymous_5)
FN:66,(anonymous_6)
FN:77,(anonymous_7)
FN:88,(anonymous_8)
FN:97,(anonymous_9)
FN:106,(anonymous_10)
FN:117,(anonymous_11)
FN:128,(anonymous_12)
FNF:13
FNH:1
FNDA:0,(anonymous_0)
FNDA:0,(anonymous_1)
FNDA:8,(anonymous_2)
FNDA:0,(anonymous_3)
FNDA:0,(anonymous_4)
FNDA:0,(anonymous_5)
FNDA:0,(anonymous_6)
FNDA:0,(anonymous_7)
FNDA:0,(anonymous_8)
FNDA:0,(anonymous_9)
FNDA:0,(anonymous_10)
FNDA:0,(anonymous_11)
FNDA:0,(anonymous_12)
DA:1,1
DA:5,0
DA:9,0
DA:13,0
DA:17,0
DA:21,8
DA:25,8
DA:29,0
DA:30,0
DA:36,0
DA:40,0
DA:41,0
DA:42,0
DA:44,0
DA:45,0
DA:46,0
DA:47,0
DA:48,0
DA:52,0
DA:53,0
DA:55,0
DA:62,0
DA:63,0
DA:67,0
DA:74,0
DA:78,0
DA:85,0
DA:89,0
DA:94,0
DA:98,0
DA:107,0
DA:114,0
DA:118,0
DA:125,0
DA:129,0
DA:130,0
DA:131,0
DA:133,0
DA:134,0
DA:135,0
DA:136,0
DA:139,0
DA:140,0
DA:141,0
DA:142,0
DA:145,0
DA:147,0
DA:148,0
DA:152,1
LF:49
LH:4
BRDA:45,0,0,0
BRDA:45,0,1,0
BRDA:128,1,0,0
BRDA:133,2,0,0
BRDA:133,2,1,0
BRDA:139,3,0,0
BRDA:139,3,1,0
BRF:7
BRH:0
end_of_record
TN:
SF:src\models\Ward.js
FN:4,(anonymous_0)
FN:15,(anonymous_1)
FN:25,(anonymous_2)
FN:35,(anonymous_3)
FN:46,(anonymous_4)
FN:57,(anonymous_5)
FNF:6
FNH:0
FNDA:0,(anonymous_0)
FNDA:0,(anonymous_1)
FNDA:0,(anonymous_2)
FNDA:0,(anonymous_3)
FNDA:0,(anonymous_4)
FNDA:0,(anonymous_5)
DA:1,1
DA:5,0
DA:12,0
DA:16,0
DA:22,0
DA:26,0
DA:32,0
DA:36,0
DA:43,0
DA:47,0
DA:48,0
DA:54,0
DA:58,0
DA:62,1
LF:14
LH:2
BRF:0
BRH:0
end_of_record
TN:
SF:src\models\index.js
FNF:0
FNH:0
DA:2,1
DA:3,1
DA:4,1
DA:5,1
DA:6,1
DA:7,1
DA:8,1
DA:10,1
LF:8
LH:8
BRF:0
BRH:0
end_of_record
TN:
SF:src\routes\admin.js
FN:9,(anonymous_0)
FNF:1
FNH:0
FNDA:0,(anonymous_0)
DA:2,1
DA:3,1
DA:4,1
DA:6,1
DA:9,1
DA:11,1
LF:6
LH:6
BRF:0
BRH:0
end_of_record
TN:
SF:src\routes\auth.js
FN:7,(anonymous_0)
FN:8,(anonymous_1)
FN:10,(anonymous_2)
FN:11,(anonymous_3)
FN:13,(anonymous_4)
FN:15,(anonymous_5)
FN:16,(anonymous_6)
FNF:7
FNH:1
FNDA:0,(anonymous_0)
FNDA:10,(anonymous_1)
FNDA:0,(anonymous_2)
FNDA:0,(anonymous_3)
FNDA:0,(anonymous_4)
FNDA:0,(anonymous_5)
FNDA:0,(anonymous_6)
DA:2,1
DA:3,1
DA:5,1
DA:7,1
DA:8,10
DA:10,1
DA:11,1
DA:13,1
DA:15,1
DA:16,1
DA:18,1
LF:11
LH:11
BRF:0
BRH:0
end_of_record
TN:
SF:src\routes\profile.js
FNF:0
FNH:0
DA:2,1
DA:3,1
DA:4,1
DA:6,1
DA:9,1
DA:12,1
DA:14,1
LF:7
LH:7
BRF:0
BRH:0
end_of_record
TN:
SF:src\routes\rentalPost.js
FN:9,(anonymous_0)
FN:10,(anonymous_1)
FN:13,(anonymous_2)
FN:14,(anonymous_3)
FN:15,(anonymous_4)
FN:16,(anonymous_5)
FN:19,(anonymous_6)
FN:20,(anonymous_7)
FNF:8
FNH:0
FNDA:0,(anonymous_0)
FNDA:0,(anonymous_1)
FNDA:0,(anonymous_2)
FNDA:0,(anonymous_3)
FNDA:0,(anonymous_4)
FNDA:0,(anonymous_5)
FNDA:0,(anonymous_6)
FNDA:0,(anonymous_7)
DA:2,1
DA:3,1
DA:4,1
DA:6,1
DA:9,1
DA:10,1
DA:13,1
DA:14,1
DA:15,1
DA:16,1
DA:19,1
DA:20,1
DA:22,1
LF:13
LH:13
BRF:0
BRH:0
end_of_record
TN:
SF:src\utils\sendEmail.js
FN:3,(anonymous_0)
FNF:1
FNH:0
FNDA:0,(anonymous_0)
DA:1,1
DA:3,1
DA:5,0
DA:15,0
DA:24,0
DA:27,1
LF:6
LH:3
BRF:0
BRH:0
end_of_record
